<?xml version="1.0" encoding="UTF-8"?>
<coverage generated="1623391384899" clover="3.2.0">
  <project timestamp="1623391384900" name="All files">
    <metrics statements="972" coveredstatements="884" conditionals="241" coveredconditionals="179" methods="180" coveredmethods="157" elements="1393" coveredelements="1220" complexity="0" loc="972" ncloc="972" packages="1" files="11" classes="11"/>
    <file name="app.js" path="/home/rwake/Documents/school/cs110/cse110-sp21-group22/source/scripts/app.js">
      <metrics statements="57" coveredstatements="57" conditionals="16" coveredconditionals="12" methods="26" coveredmethods="22"/>
      <line num="2" count="37" type="stmt"/>
      <line num="3" count="44" type="cond" truecount="2" falsecount="0"/>
      <line num="4" count="9" type="stmt"/>
      <line num="12" count="83" type="stmt"/>
      <line num="13" count="83" type="stmt"/>
      <line num="20" count="57" type="stmt"/>
      <line num="21" count="57" type="stmt"/>
      <line num="28" count="37" type="stmt"/>
      <line num="36" count="308" type="stmt"/>
      <line num="39" count="308" type="cond" truecount="2" falsecount="0"/>
      <line num="40" count="17" type="stmt"/>
      <line num="42" count="291" type="stmt"/>
      <line num="52" count="330" type="cond" truecount="2" falsecount="0"/>
      <line num="53" count="109" type="stmt"/>
      <line num="57" count="221" type="stmt"/>
      <line num="59" count="221" type="stmt"/>
      <line num="60" count="221" type="stmt"/>
      <line num="61" count="221" type="stmt"/>
      <line num="64" count="221" type="stmt"/>
      <line num="67" count="221" type="cond" truecount="2" falsecount="0"/>
      <line num="68" count="23" type="stmt"/>
      <line num="70" count="198" type="stmt"/>
      <line num="80" count="968" type="stmt"/>
      <line num="97" count="123" type="stmt"/>
      <line num="112" count="107" type="stmt"/>
      <line num="113" count="107" type="stmt"/>
      <line num="114" count="107" type="stmt"/>
      <line num="115" count="107" type="stmt"/>
      <line num="116" count="107" type="stmt"/>
      <line num="117" count="107" type="stmt"/>
      <line num="125" count="74" type="stmt"/>
      <line num="126" count="74" type="cond" truecount="1" falsecount="1"/>
      <line num="127" count="74" type="stmt"/>
      <line num="128" count="74" type="stmt"/>
      <line num="148" count="4" type="stmt"/>
      <line num="149" count="4" type="cond" truecount="1" falsecount="1"/>
      <line num="150" count="4" type="stmt"/>
      <line num="151" count="4" type="stmt"/>
      <line num="176" count="141" type="stmt"/>
      <line num="177" count="141" type="stmt"/>
      <line num="178" count="141" type="stmt"/>
      <line num="179" count="141" type="stmt"/>
      <line num="186" count="40" type="stmt"/>
      <line num="187" count="40" type="cond" truecount="1" falsecount="1"/>
      <line num="188" count="40" type="stmt"/>
      <line num="207" count="4" type="stmt"/>
      <line num="208" count="4" type="cond" truecount="1" falsecount="1"/>
      <line num="209" count="4" type="stmt"/>
      <line num="225" count="37" type="stmt"/>
      <line num="227" count="74" type="stmt"/>
      <line num="228" count="74" type="stmt"/>
      <line num="239" count="29" type="stmt"/>
      <line num="240" count="29" type="stmt"/>
      <line num="252" count="37" type="stmt"/>
      <line num="254" count="40" type="stmt"/>
      <line num="262" count="97" type="stmt"/>
      <line num="263" count="97" type="stmt"/>
    </file>
    <file name="calendar.js" path="/home/rwake/Documents/school/cs110/cse110-sp21-group22/source/scripts/calendar.js">
      <metrics statements="166" coveredstatements="162" conditionals="39" coveredconditionals="30" methods="21" coveredmethods="20"/>
      <line num="1" count="14" type="stmt"/>
      <line num="2" count="14" type="stmt"/>
      <line num="3" count="14" type="stmt"/>
      <line num="5" count="14" type="stmt"/>
      <line num="6" count="14" type="stmt"/>
      <line num="8" count="14" type="stmt"/>
      <line num="9" count="14" type="cond" truecount="1" falsecount="1"/>
      <line num="10" count="14" type="stmt"/>
      <line num="15" count="56" type="stmt"/>
      <line num="16" count="56" type="stmt"/>
      <line num="17" count="56" type="stmt"/>
      <line num="18" count="56" type="stmt"/>
      <line num="19" count="56" type="stmt"/>
      <line num="20" count="56" type="stmt"/>
      <line num="36" count="123" type="stmt"/>
      <line num="37" count="123" type="stmt"/>
      <line num="38" count="123" type="stmt"/>
      <line num="39" count="123" type="stmt"/>
      <line num="40" count="123" type="stmt"/>
      <line num="41" count="123" type="stmt"/>
      <line num="50" count="123" type="stmt"/>
      <line num="51" count="123" type="cond" truecount="2" falsecount="0"/>
      <line num="52" count="8" type="stmt"/>
      <line num="54" count="123" type="cond" truecount="2" falsecount="0"/>
      <line num="55" count="4" type="stmt"/>
      <line num="56" count="119" type="cond" truecount="4" falsecount="0"/>
      <line num="57" count="8" type="stmt"/>
      <line num="58" count="111" type="cond" truecount="4" falsecount="0"/>
      <line num="59" count="38" type="stmt"/>
      <line num="60" count="73" type="cond" truecount="4" falsecount="0"/>
      <line num="61" count="4" type="stmt"/>
      <line num="63" count="69" type="stmt"/>
      <line num="65" count="123" type="stmt"/>
      <line num="74" count="26" type="stmt"/>
      <line num="75" count="26" type="stmt"/>
      <line num="76" count="26" type="stmt"/>
      <line num="77" count="8" type="stmt"/>
      <line num="78" count="8" type="stmt"/>
      <line num="79" count="8" type="stmt"/>
      <line num="82" count="8" type="stmt"/>
      <line num="83" count="8" type="stmt"/>
      <line num="84" count="8" type="stmt"/>
      <line num="85" count="8" type="stmt"/>
      <line num="87" count="26" type="stmt"/>
      <line num="88" count="28" type="stmt"/>
      <line num="89" count="28" type="stmt"/>
      <line num="90" count="28" type="stmt"/>
      <line num="93" count="28" type="stmt"/>
      <line num="94" count="28" type="stmt"/>
      <line num="95" count="28" type="stmt"/>
      <line num="96" count="28" type="stmt"/>
      <line num="105" count="36" type="stmt"/>
      <line num="108" count="36" type="stmt"/>
      <line num="109" count="36" type="cond" truecount="1" falsecount="1"/>
      <line num="114" count="36" type="stmt"/>
      <line num="115" count="36" type="stmt"/>
      <line num="125" count="26" type="stmt"/>
      <line num="126" count="4" type="stmt"/>
      <line num="127" count="4" type="stmt"/>
      <line num="128" count="4" type="stmt"/>
      <line num="136" count="72" type="stmt"/>
      <line num="137" count="72" type="stmt"/>
      <line num="138" count="72" type="stmt"/>
      <line num="139" count="72" type="cond" truecount="1" falsecount="1"/>
      <line num="140" count="72" type="stmt"/>
      <line num="147" count="72" type="cond" truecount="3" falsecount="1"/>
      <line num="148" count="72" type="stmt"/>
      <line num="152" count="61" type="stmt"/>
      <line num="153" count="61" type="stmt"/>
      <line num="154" count="61" type="stmt"/>
      <line num="158" count="14" type="stmt"/>
      <line num="161" count="8" type="stmt"/>
      <line num="164" count="14" type="stmt"/>
      <line num="167" count="8" type="stmt"/>
      <line num="175" count="26" type="stmt"/>
      <line num="176" count="26" type="stmt"/>
      <line num="177" count="26" type="stmt"/>
      <line num="178" count="26" type="stmt"/>
      <line num="179" count="26" type="stmt"/>
      <line num="181" count="26" type="stmt"/>
      <line num="182" count="26" type="stmt"/>
      <line num="183" count="26" type="stmt"/>
      <line num="184" count="26" type="stmt"/>
      <line num="185" count="26" type="stmt"/>
      <line num="186" count="26" type="stmt"/>
      <line num="187" count="26" type="stmt"/>
      <line num="189" count="26" type="stmt"/>
      <line num="190" count="26" type="stmt"/>
      <line num="191" count="26" type="stmt"/>
      <line num="193" count="26" type="stmt"/>
      <line num="194" count="26" type="stmt"/>
      <line num="195" count="26" type="stmt"/>
      <line num="196" count="26" type="stmt"/>
      <line num="197" count="26" type="stmt"/>
      <line num="198" count="26" type="stmt"/>
      <line num="199" count="26" type="stmt"/>
      <line num="200" count="26" type="stmt"/>
      <line num="201" count="26" type="stmt"/>
      <line num="202" count="26" type="stmt"/>
      <line num="203" count="26" type="stmt"/>
      <line num="214" count="26" type="stmt"/>
      <line num="215" count="26" type="stmt"/>
      <line num="216" count="26" type="stmt"/>
      <line num="217" count="26" type="stmt"/>
      <line num="218" count="26" type="stmt"/>
      <line num="219" count="26" type="stmt"/>
      <line num="220" count="26" type="stmt"/>
      <line num="221" count="26" type="stmt"/>
      <line num="222" count="26" type="stmt"/>
      <line num="223" count="26" type="stmt"/>
      <line num="224" count="26" type="stmt"/>
      <line num="226" count="26" type="stmt"/>
      <line num="227" count="26" type="stmt"/>
      <line num="228" count="26" type="stmt"/>
      <line num="229" count="26" type="stmt"/>
      <line num="230" count="26" type="stmt"/>
      <line num="231" count="26" type="stmt"/>
      <line num="232" count="26" type="stmt"/>
      <line num="233" count="26" type="stmt"/>
      <line num="234" count="26" type="stmt"/>
      <line num="236" count="26" type="stmt"/>
      <line num="237" count="26" type="stmt"/>
      <line num="238" count="26" type="stmt"/>
      <line num="239" count="26" type="stmt"/>
      <line num="241" count="26" type="stmt"/>
      <line num="242" count="26" type="stmt"/>
      <line num="243" count="26" type="stmt"/>
      <line num="244" count="26" type="stmt"/>
      <line num="245" count="26" type="stmt"/>
      <line num="246" count="26" type="stmt"/>
      <line num="248" count="26" type="stmt"/>
      <line num="249" count="26" type="stmt"/>
      <line num="250" count="26" type="stmt"/>
      <line num="251" count="26" type="stmt"/>
      <line num="253" count="26" type="stmt"/>
      <line num="254" count="26" type="stmt"/>
      <line num="255" count="26" type="stmt"/>
      <line num="256" count="26" type="stmt"/>
      <line num="260" count="14" type="stmt"/>
      <line num="261" count="14" type="cond" truecount="1" falsecount="1"/>
      <line num="262" count="14" type="stmt"/>
      <line num="268" count="24" type="stmt"/>
      <line num="269" count="24" type="stmt"/>
      <line num="270" count="24" type="stmt"/>
      <line num="271" count="40" type="cond" truecount="2" falsecount="0"/>
      <line num="272" count="34" type="cond" truecount="1" falsecount="1"/>
      <line num="275" count="26" type="stmt"/>
      <line num="277" count="6" type="cond" truecount="1" falsecount="1"/>
      <line num="278" count="0" type="stmt"/>
      <line num="281" count="0" type="cond" truecount="0" falsecount="2"/>
      <line num="285" count="0" type="stmt"/>
      <line num="294" count="14" type="stmt"/>
      <line num="295" count="4" type="stmt"/>
      <line num="296" count="4" type="stmt"/>
      <line num="297" count="4" type="stmt"/>
      <line num="301" count="14" type="stmt"/>
      <line num="302" count="0" type="stmt"/>
      <line num="306" count="14" type="stmt"/>
      <line num="307" count="4" type="stmt"/>
      <line num="308" count="4" type="stmt"/>
      <line num="309" count="4" type="stmt"/>
      <line num="310" count="4" type="stmt"/>
      <line num="311" count="4" type="stmt"/>
      <line num="312" count="4" type="stmt"/>
      <line num="313" count="4" type="stmt"/>
      <line num="316" count="14" type="stmt"/>
    </file>
    <file name="color.js" path="/home/rwake/Documents/school/cs110/cse110-sp21-group22/source/scripts/color.js">
      <metrics statements="19" coveredstatements="18" conditionals="6" coveredconditionals="5" methods="7" coveredmethods="6"/>
      <line num="8" count="40" type="stmt"/>
      <line num="9" count="40" type="stmt"/>
      <line num="10" count="40" type="stmt"/>
      <line num="11" count="40" type="stmt"/>
      <line num="12" count="40" type="stmt"/>
      <line num="13" count="40" type="stmt"/>
      <line num="14" count="40" type="stmt"/>
      <line num="15" count="40" type="stmt"/>
      <line num="16" count="60" type="cond" truecount="2" falsecount="0"/>
      <line num="17" count="40" type="stmt"/>
      <line num="18" count="40" type="stmt"/>
      <line num="24" count="0" type="stmt"/>
      <line num="38" count="45" type="stmt"/>
      <line num="39" count="56" type="cond" truecount="2" falsecount="0"/>
      <line num="40" count="45" type="stmt"/>
      <line num="46" count="42" type="cond" truecount="1" falsecount="1"/>
      <line num="47" count="40" type="stmt"/>
      <line num="48" count="40" type="stmt"/>
      <line num="49" count="40" type="stmt"/>
    </file>
    <file name="index.js" path="/home/rwake/Documents/school/cs110/cse110-sp21-group22/source/scripts/index.js">
      <metrics statements="390" coveredstatements="334" conditionals="121" coveredconditionals="85" methods="49" coveredmethods="47"/>
      <line num="1" count="43" type="stmt"/>
      <line num="2" count="43" type="stmt"/>
      <line num="3" count="43" type="stmt"/>
      <line num="4" count="43" type="stmt"/>
      <line num="5" count="43" type="stmt"/>
      <line num="6" count="43" type="stmt"/>
      <line num="7" count="43" type="stmt"/>
      <line num="8" count="43" type="stmt"/>
      <line num="10" count="43" type="stmt"/>
      <line num="13" count="43" type="stmt"/>
      <line num="14" count="4" type="stmt"/>
      <line num="18" count="34" type="stmt"/>
      <line num="19" count="4" type="stmt"/>
      <line num="23" count="34" type="stmt"/>
      <line num="24" count="4" type="stmt"/>
      <line num="28" count="34" type="stmt"/>
      <line num="29" count="4" type="stmt"/>
      <line num="33" count="34" type="stmt"/>
      <line num="34" count="4" type="stmt"/>
      <line num="39" count="34" type="stmt"/>
      <line num="40" count="34" type="stmt"/>
      <line num="41" count="34" type="stmt"/>
      <line num="42" count="34" type="stmt"/>
      <line num="44" count="34" type="stmt"/>
      <line num="45" count="41" type="cond" truecount="2" falsecount="0"/>
      <line num="46" count="34" type="stmt"/>
      <line num="51" count="39" type="stmt"/>
      <line num="52" count="39" type="stmt"/>
      <line num="53" count="37" type="stmt"/>
      <line num="61" count="34" type="stmt"/>
      <line num="62" count="8" type="stmt"/>
      <line num="63" count="8" type="cond" truecount="1" falsecount="1"/>
      <line num="64" count="8" type="stmt"/>
      <line num="74" count="0" type="stmt"/>
      <line num="88" count="34" type="stmt"/>
      <line num="89" count="41" type="cond" truecount="2" falsecount="0"/>
      <line num="90" count="34" type="stmt"/>
      <line num="96" count="29" type="stmt"/>
      <line num="97" count="29" type="cond" truecount="1" falsecount="1"/>
      <line num="98" count="0" type="stmt"/>
      <line num="120" count="34" type="stmt"/>
      <line num="121" count="16" type="stmt"/>
      <line num="122" count="16" type="stmt"/>
      <line num="125" count="16" type="cond" truecount="1" falsecount="1"/>
      <line num="126" count="0" type="stmt"/>
      <line num="128" count="16" type="cond" truecount="2" falsecount="0"/>
      <line num="129" count="4" type="stmt"/>
      <line num="134" count="34" type="stmt"/>
      <line num="135" count="28" type="stmt"/>
      <line num="136" count="28" type="stmt"/>
      <line num="139" count="28" type="cond" truecount="2" falsecount="0"/>
      <line num="140" count="4" type="stmt"/>
      <line num="142" count="28" type="cond" truecount="1" falsecount="1"/>
      <line num="143" count="0" type="stmt"/>
      <line num="147" count="34" type="stmt"/>
      <line num="149" count="34" type="stmt"/>
      <line num="150" count="293" type="stmt"/>
      <line num="151" count="293" type="stmt"/>
      <line num="152" count="293" type="stmt"/>
      <line num="156" count="34" type="stmt"/>
      <line num="157" count="16" type="stmt"/>
      <line num="158" count="16" type="stmt"/>
      <line num="160" count="16" type="stmt"/>
      <line num="161" count="16" type="stmt"/>
      <line num="162" count="16" type="cond" truecount="2" falsecount="0"/>
      <line num="163" count="4" type="stmt"/>
      <line num="166" count="16" type="cond" truecount="2" falsecount="0"/>
      <line num="167" count="4" type="stmt"/>
      <line num="172" count="34" type="stmt"/>
      <line num="173" count="12" type="stmt"/>
      <line num="174" count="12" type="stmt"/>
      <line num="175" count="12" type="stmt"/>
      <line num="177" count="12" type="cond" truecount="2" falsecount="0"/>
      <line num="178" count="8" type="stmt"/>
      <line num="179" count="4" type="stmt"/>
      <line num="181" count="8" type="stmt"/>
      <line num="183" count="4" type="stmt"/>
      <line num="184" count="4" type="stmt"/>
      <line num="186" count="4" type="stmt"/>
      <line num="190" count="34" type="stmt"/>
      <line num="191" count="14" type="cond" truecount="2" falsecount="0"/>
      <line num="192" count="4" type="stmt"/>
      <line num="193" count="4" type="stmt"/>
      <line num="195" count="10" type="stmt"/>
      <line num="196" count="10" type="stmt"/>
      <line num="200" count="34" type="stmt"/>
      <line num="201" count="14" type="cond" truecount="2" falsecount="0"/>
      <line num="202" count="6" type="stmt"/>
      <line num="203" count="6" type="stmt"/>
      <line num="205" count="8" type="stmt"/>
      <line num="206" count="8" type="stmt"/>
      <line num="210" count="34" type="stmt"/>
      <line num="211" count="14" type="cond" truecount="2" falsecount="0"/>
      <line num="212" count="4" type="cond" truecount="1" falsecount="1"/>
      <line num="213" count="0" type="stmt"/>
      <line num="215" count="4" type="stmt"/>
      <line num="217" count="4" type="stmt"/>
      <line num="219" count="10" type="cond" truecount="1" falsecount="1"/>
      <line num="220" count="0" type="stmt"/>
      <line num="225" count="10" type="stmt"/>
      <line num="227" count="10" type="stmt"/>
      <line num="236" count="42" type="cond" truecount="2" falsecount="0"/>
      <line num="240" count="6" type="stmt"/>
      <line num="241" count="6" type="stmt"/>
      <line num="242" count="6" type="stmt"/>
      <line num="243" count="6" type="stmt"/>
      <line num="244" count="6" type="stmt"/>
      <line num="245" count="6" type="stmt"/>
      <line num="246" count="6" type="stmt"/>
      <line num="247" count="6" type="stmt"/>
      <line num="248" count="6" type="stmt"/>
      <line num="249" count="6" type="stmt"/>
      <line num="250" count="6" type="stmt"/>
      <line num="255" count="34" type="stmt"/>
      <line num="257" count="0" type="cond" truecount="0" falsecount="2"/>
      <line num="259" count="0" type="stmt"/>
      <line num="264" count="34" type="stmt"/>
      <line num="265" count="26" type="stmt"/>
      <line num="269" count="34" type="stmt"/>
      <line num="270" count="26" type="cond" truecount="2" falsecount="0"/>
      <line num="271" count="16" type="stmt"/>
      <line num="281" count="45" type="stmt"/>
      <line num="282" count="45" type="cond" truecount="4" falsecount="0"/>
      <line num="284" count="4" type="stmt"/>
      <line num="285" count="4" type="stmt"/>
      <line num="286" count="4" type="stmt"/>
      <line num="288" count="4" type="stmt"/>
      <line num="289" count="4" type="stmt"/>
      <line num="290" count="4" type="stmt"/>
      <line num="292" count="4" type="stmt"/>
      <line num="293" count="4" type="stmt"/>
      <line num="294" count="4" type="stmt"/>
      <line num="296" count="33" type="stmt"/>
      <line num="306" count="58" type="stmt"/>
      <line num="307" count="58" type="cond" truecount="2" falsecount="0"/>
      <line num="315" count="28" type="stmt"/>
      <line num="321" count="30" type="stmt"/>
      <line num="327" count="58" type="cond" truecount="5" falsecount="0"/>
      <line num="329" count="6" type="stmt"/>
      <line num="330" count="6" type="stmt"/>
      <line num="331" count="6" type="stmt"/>
      <line num="333" count="19" type="stmt"/>
      <line num="334" count="19" type="stmt"/>
      <line num="335" count="19" type="cond" truecount="2" falsecount="0"/>
      <line num="343" count="15" type="stmt"/>
      <line num="349" count="4" type="stmt"/>
      <line num="355" count="19" type="stmt"/>
      <line num="357" count="14" type="stmt"/>
      <line num="358" count="14" type="stmt"/>
      <line num="359" count="14" type="stmt"/>
      <line num="361" count="6" type="stmt"/>
      <line num="362" count="6" type="stmt"/>
      <line num="363" count="6" type="cond" truecount="2" falsecount="0"/>
      <line num="371" count="2" type="stmt"/>
      <line num="377" count="4" type="stmt"/>
      <line num="383" count="6" type="stmt"/>
      <line num="385" count="13" type="stmt"/>
      <line num="386" count="13" type="stmt"/>
      <line num="396" count="35" type="stmt"/>
      <line num="397" count="35" type="stmt"/>
      <line num="398" count="35" type="cond" truecount="1" falsecount="1"/>
      <line num="399" count="0" type="stmt"/>
      <line num="401" count="34" type="stmt"/>
      <line num="403" count="34" type="cond" truecount="5" falsecount="3"/>
      <line num="405" count="2" type="stmt"/>
      <line num="406" count="2" type="stmt"/>
      <line num="408" count="2" type="stmt"/>
      <line num="409" count="2" type="stmt"/>
      <line num="411" count="0" type="stmt"/>
      <line num="412" count="0" type="stmt"/>
      <line num="413" count="0" type="stmt"/>
      <line num="415" count="2" type="cond" truecount="1" falsecount="1"/>
      <line num="418" count="0" type="stmt"/>
      <line num="422" count="2" type="stmt"/>
      <line num="424" count="2" type="stmt"/>
      <line num="426" count="0" type="stmt"/>
      <line num="427" count="0" type="cond" truecount="0" falsecount="2"/>
      <line num="430" count="0" type="stmt"/>
      <line num="434" count="0" type="stmt"/>
      <line num="436" count="0" type="stmt"/>
      <line num="438" count="0" type="stmt"/>
      <line num="439" count="0" type="cond" truecount="0" falsecount="2"/>
      <line num="442" count="0" type="stmt"/>
      <line num="446" count="0" type="stmt"/>
      <line num="448" count="0" type="stmt"/>
      <line num="450" count="8" type="stmt"/>
      <line num="451" count="8" type="stmt"/>
      <line num="452" count="8" type="cond" truecount="1" falsecount="1"/>
      <line num="455" count="0" type="stmt"/>
      <line num="459" count="8" type="stmt"/>
      <line num="461" count="8" type="stmt"/>
      <line num="463" count="20" type="stmt"/>
      <line num="464" count="20" type="stmt"/>
      <line num="465" count="20" type="stmt"/>
      <line num="475" count="56" type="cond" truecount="1" falsecount="1"/>
      <line num="476" count="56" type="stmt"/>
      <line num="477" count="56" type="stmt"/>
      <line num="486" count="29" type="stmt"/>
      <line num="489" count="29" type="stmt"/>
      <line num="490" count="29" type="stmt"/>
      <line num="491" count="29" type="stmt"/>
      <line num="492" count="29" type="stmt"/>
      <line num="493" count="29" type="stmt"/>
      <line num="496" count="29" type="stmt"/>
      <line num="497" count="29" type="stmt"/>
      <line num="498" count="29" type="stmt"/>
      <line num="499" count="29" type="stmt"/>
      <line num="500" count="29" type="stmt"/>
      <line num="501" count="29" type="stmt"/>
      <line num="504" count="29" type="stmt"/>
      <line num="505" count="29" type="stmt"/>
      <line num="506" count="29" type="stmt"/>
      <line num="507" count="29" type="stmt"/>
      <line num="508" count="29" type="stmt"/>
      <line num="509" count="29" type="stmt"/>
      <line num="512" count="29" type="stmt"/>
      <line num="513" count="29" type="stmt"/>
      <line num="514" count="29" type="stmt"/>
      <line num="515" count="29" type="cond" truecount="2" falsecount="0"/>
      <line num="516" count="4" type="stmt"/>
      <line num="518" count="25" type="stmt"/>
      <line num="520" count="29" type="stmt"/>
      <line num="521" count="29" type="stmt"/>
      <line num="522" count="29" type="stmt"/>
      <line num="525" count="29" type="stmt"/>
      <line num="526" count="29" type="stmt"/>
      <line num="527" count="29" type="stmt"/>
      <line num="528" count="29" type="stmt"/>
      <line num="529" count="29" type="stmt"/>
      <line num="532" count="29" type="stmt"/>
      <line num="533" count="29" type="stmt"/>
      <line num="534" count="29" type="stmt"/>
      <line num="535" count="29" type="stmt"/>
      <line num="537" count="29" type="stmt"/>
      <line num="538" count="29" type="stmt"/>
      <line num="539" count="29" type="stmt"/>
      <line num="540" count="28" type="stmt"/>
      <line num="541" count="28" type="stmt"/>
      <line num="542" count="28" type="stmt"/>
      <line num="543" count="28" type="stmt"/>
      <line num="546" count="28" type="stmt"/>
      <line num="547" count="4" type="cond" truecount="1" falsecount="1"/>
      <line num="548" count="4" type="stmt"/>
      <line num="553" count="28" type="stmt"/>
      <line num="556" count="4" type="cond" truecount="1" falsecount="1"/>
      <line num="558" count="4" type="cond" truecount="1" falsecount="1"/>
      <line num="559" count="0" type="stmt"/>
      <line num="560" count="0" type="stmt"/>
      <line num="561" count="0" type="stmt"/>
      <line num="566" count="0" type="stmt"/>
      <line num="567" count="0" type="stmt"/>
      <line num="568" count="0" type="stmt"/>
      <line num="569" count="0" type="stmt"/>
      <line num="570" count="0" type="stmt"/>
      <line num="571" count="0" type="stmt"/>
      <line num="572" count="0" type="stmt"/>
      <line num="577" count="28" type="stmt"/>
      <line num="580" count="12" type="stmt"/>
      <line num="581" count="12" type="stmt"/>
      <line num="582" count="12" type="stmt"/>
      <line num="583" count="12" type="stmt"/>
      <line num="584" count="12" type="stmt"/>
      <line num="585" count="12" type="stmt"/>
      <line num="586" count="12" type="stmt"/>
      <line num="587" count="12" type="stmt"/>
      <line num="591" count="28" type="stmt"/>
      <line num="594" count="16" type="stmt"/>
      <line num="595" count="16" type="stmt"/>
      <line num="596" count="16" type="stmt"/>
      <line num="597" count="16" type="stmt"/>
      <line num="598" count="16" type="stmt"/>
      <line num="599" count="16" type="stmt"/>
      <line num="600" count="16" type="stmt"/>
      <line num="601" count="16" type="stmt"/>
      <line num="602" count="16" type="stmt"/>
      <line num="603" count="16" type="stmt"/>
      <line num="607" count="28" type="stmt"/>
      <line num="610" count="30" type="stmt"/>
      <line num="611" count="30" type="stmt"/>
      <line num="612" count="30" type="stmt"/>
      <line num="613" count="30" type="stmt"/>
      <line num="614" count="30" type="stmt"/>
      <line num="615" count="30" type="stmt"/>
      <line num="616" count="30" type="stmt"/>
      <line num="617" count="30" type="stmt"/>
      <line num="618" count="30" type="stmt"/>
      <line num="619" count="30" type="stmt"/>
      <line num="623" count="28" type="stmt"/>
      <line num="626" count="4" type="stmt"/>
      <line num="627" count="4" type="stmt"/>
      <line num="628" count="4" type="stmt"/>
      <line num="633" count="34" type="stmt"/>
      <line num="634" count="50" type="cond" truecount="2" falsecount="0"/>
      <line num="635" count="10" type="stmt"/>
      <line num="636" count="10" type="stmt"/>
      <line num="639" count="10" type="stmt"/>
      <line num="641" count="10" type="stmt"/>
      <line num="644" count="10" type="stmt"/>
      <line num="645" count="10" type="stmt"/>
      <line num="646" count="40" type="cond" truecount="1" falsecount="1"/>
      <line num="647" count="0" type="stmt"/>
      <line num="648" count="0" type="stmt"/>
      <line num="657" count="324" type="stmt"/>
      <line num="658" count="206" type="cond" truecount="2" falsecount="0"/>
      <line num="659" count="154" type="stmt"/>
      <line num="660" count="154" type="stmt"/>
      <line num="662" count="52" type="stmt"/>
      <line num="663" count="52" type="stmt"/>
      <line num="667" count="324" type="stmt"/>
      <line num="669" count="324" type="stmt"/>
      <line num="670" count="324" type="stmt"/>
      <line num="671" count="324" type="stmt"/>
      <line num="674" count="324" type="cond" truecount="1" falsecount="1"/>
      <line num="676" count="0" type="cond" truecount="0" falsecount="2"/>
      <line num="677" count="0" type="stmt"/>
      <line num="678" count="0" type="stmt"/>
      <line num="680" count="0" type="stmt"/>
      <line num="681" count="0" type="stmt"/>
      <line num="684" count="324" type="cond" truecount="1" falsecount="1"/>
      <line num="685" count="0" type="stmt"/>
      <line num="686" count="0" type="stmt"/>
      <line num="689" count="0" type="cond" truecount="0" falsecount="2"/>
      <line num="690" count="0" type="stmt"/>
      <line num="691" count="0" type="stmt"/>
      <line num="695" count="324" type="stmt"/>
      <line num="696" count="324" type="stmt"/>
      <line num="697" count="324" type="stmt"/>
      <line num="699" count="324" type="stmt"/>
      <line num="704" count="34" type="stmt"/>
      <line num="705" count="238" type="stmt"/>
      <line num="706" count="238" type="stmt"/>
      <line num="707" count="287" type="cond" truecount="2" falsecount="0"/>
      <line num="708" count="238" type="stmt"/>
      <line num="714" count="231" type="stmt"/>
      <line num="715" count="231" type="stmt"/>
      <line num="716" count="49" type="cond" truecount="2" falsecount="0"/>
      <line num="717" count="29" type="cond" truecount="1" falsecount="1"/>
      <line num="720" count="29" type="stmt"/>
      <line num="722" count="20" type="cond" truecount="1" falsecount="1"/>
      <line num="723" count="0" type="stmt"/>
      <line num="724" count="0" type="cond" truecount="0" falsecount="2"/>
      <line num="727" count="0" type="stmt"/>
      <line num="731" count="230" type="stmt"/>
      <line num="747" count="71" type="stmt"/>
      <line num="748" count="71" type="stmt"/>
      <line num="749" count="71" type="stmt"/>
      <line num="750" count="71" type="stmt"/>
      <line num="752" count="71" type="stmt"/>
      <line num="753" count="71" type="stmt"/>
      <line num="754" count="71" type="stmt"/>
      <line num="756" count="71" type="stmt"/>
      <line num="757" count="71" type="stmt"/>
      <line num="760" count="71" type="stmt"/>
      <line num="761" count="71" type="stmt"/>
      <line num="765" count="34" type="stmt"/>
      <line num="766" count="41" type="cond" truecount="2" falsecount="0"/>
      <line num="767" count="34" type="stmt"/>
      <line num="775" count="37" type="stmt"/>
      <line num="776" count="37" type="stmt"/>
      <line num="777" count="37" type="cond" truecount="2" falsecount="0"/>
      <line num="778" count="27" type="stmt"/>
      <line num="780" count="10" type="stmt"/>
      <line num="782" count="27" type="stmt"/>
      <line num="783" count="71" type="stmt"/>
      <line num="784" count="71" type="stmt"/>
      <line num="786" count="27" type="cond" truecount="1" falsecount="1"/>
      <line num="787" count="0" type="stmt"/>
      <line num="788" count="0" type="stmt"/>
      <line num="789" count="0" type="stmt"/>
      <line num="790" count="0" type="stmt"/>
      <line num="791" count="0" type="stmt"/>
      <line num="800" count="34" type="stmt"/>
      <line num="801" count="23" type="stmt"/>
      <line num="808" count="4" type="stmt"/>
      <line num="815" count="4" type="stmt"/>
      <line num="819" count="34" type="cond" truecount="1" falsecount="1"/>
      <line num="820" count="0" type="stmt"/>
      <line num="822" count="34" type="stmt"/>
      <line num="825" count="34" type="stmt"/>
      <line num="828" count="34" type="stmt"/>
      <line num="829" count="34" type="stmt"/>
      <line num="831" count="34" type="stmt"/>
      <line num="832" count="34" type="stmt"/>
      <line num="835" count="34" type="cond" truecount="1" falsecount="1"/>
      <line num="836" count="0" type="stmt"/>
      <line num="839" count="34" type="stmt"/>
      <line num="842" count="34" type="stmt"/>
      <line num="843" count="41" type="cond" truecount="2" falsecount="0"/>
      <line num="844" count="34" type="cond" truecount="2" falsecount="0"/>
      <line num="849" count="4" type="stmt"/>
    </file>
    <file name="login.js" path="/home/rwake/Documents/school/cs110/cse110-sp21-group22/source/scripts/login.js">
      <metrics statements="26" coveredstatements="18" conditionals="2" coveredconditionals="2" methods="10" coveredmethods="4"/>
      <line num="2" count="35" type="stmt"/>
      <line num="3" count="32" type="cond" truecount="2" falsecount="0"/>
      <line num="4" count="13" type="stmt"/>
      <line num="8" count="35" type="stmt"/>
      <line num="9" count="35" type="stmt"/>
      <line num="10" count="35" type="stmt"/>
      <line num="11" count="0" type="stmt"/>
      <line num="14" count="0" type="stmt"/>
      <line num="17" count="0" type="stmt"/>
      <line num="18" count="0" type="stmt"/>
      <line num="22" count="35" type="stmt"/>
      <line num="23" count="35" type="stmt"/>
      <line num="24" count="35" type="stmt"/>
      <line num="25" count="0" type="stmt"/>
      <line num="28" count="0" type="stmt"/>
      <line num="31" count="0" type="stmt"/>
      <line num="32" count="0" type="stmt"/>
      <line num="36" count="35" type="stmt"/>
      <line num="37" count="35" type="stmt"/>
      <line num="38" count="8" type="stmt"/>
      <line num="39" count="8" type="stmt"/>
      <line num="40" count="8" type="stmt"/>
      <line num="41" count="8" type="stmt"/>
      <line num="44" count="5" type="stmt"/>
      <line num="47" count="3" type="stmt"/>
      <line num="48" count="3" type="stmt"/>
    </file>
    <file name="moodFunctionality.js" path="/home/rwake/Documents/school/cs110/cse110-sp21-group22/source/scripts/moodFunctionality.js">
      <metrics statements="85" coveredstatements="79" conditionals="18" coveredconditionals="16" methods="16" coveredmethods="16"/>
      <line num="1" count="11" type="stmt"/>
      <line num="2" count="11" type="stmt"/>
      <line num="3" count="11" type="stmt"/>
      <line num="4" count="11" type="stmt"/>
      <line num="5" count="11" type="stmt"/>
      <line num="6" count="11" type="stmt"/>
      <line num="8" count="11" type="stmt"/>
      <line num="11" count="11" type="stmt"/>
      <line num="17" count="11" type="stmt"/>
      <line num="18" count="11" type="stmt"/>
      <line num="19" count="11" type="stmt"/>
      <line num="27" count="11" type="stmt"/>
      <line num="28" count="341" type="stmt"/>
      <line num="29" count="341" type="stmt"/>
      <line num="30" count="341" type="stmt"/>
      <line num="31" count="341" type="stmt"/>
      <line num="39" count="11" type="stmt"/>
      <line num="40" count="15" type="cond" truecount="2" falsecount="0"/>
      <line num="41" count="11" type="stmt"/>
      <line num="48" count="11" type="stmt"/>
      <line num="50" count="132" type="stmt"/>
      <line num="51" count="132" type="stmt"/>
      <line num="52" count="132" type="stmt"/>
      <line num="54" count="132" type="stmt"/>
      <line num="55" count="132" type="stmt"/>
      <line num="56" count="4015" type="stmt"/>
      <line num="57" count="4015" type="stmt"/>
      <line num="58" count="4015" type="stmt"/>
      <line num="59" count="4015" type="stmt"/>
      <line num="61" count="0" type="stmt"/>
      <line num="63" count="4015" type="cond" truecount="4" falsecount="0"/>
      <line num="64" count="11" type="stmt"/>
      <line num="66" count="4015" type="stmt"/>
      <line num="67" count="4015" type="stmt"/>
      <line num="68" count="4015" type="stmt"/>
      <line num="69" count="4015" type="stmt"/>
      <line num="70" count="4015" type="stmt"/>
      <line num="71" count="4015" type="stmt"/>
      <line num="73" count="132" type="stmt"/>
      <line num="75" count="11" type="stmt"/>
      <line num="76" count="11" type="stmt"/>
      <line num="89" count="132" type="cond" truecount="3" falsecount="1"/>
      <line num="90" count="0" type="stmt"/>
      <line num="91" count="0" type="stmt"/>
      <line num="92" count="0" type="stmt"/>
      <line num="93" count="0" type="stmt"/>
      <line num="94" count="0" type="stmt"/>
      <line num="97" count="132" type="stmt"/>
      <line num="98" count="77" type="stmt"/>
      <line num="99" count="77" type="stmt"/>
      <line num="107" count="88" type="stmt"/>
      <line num="108" count="88" type="stmt"/>
      <line num="109" count="88" type="stmt"/>
      <line num="116" count="11" type="stmt"/>
      <line num="118" count="11" type="stmt"/>
      <line num="119" count="3650" type="stmt"/>
      <line num="120" count="3650" type="cond" truecount="2" falsecount="0"/>
      <line num="121" count="10" type="stmt"/>
      <line num="122" count="10" type="stmt"/>
      <line num="128" count="11" type="stmt"/>
      <line num="129" count="4" type="stmt"/>
      <line num="130" count="4" type="stmt"/>
      <line num="134" count="11" type="stmt"/>
      <line num="135" count="4" type="stmt"/>
      <line num="136" count="4" type="stmt"/>
      <line num="140" count="11" type="stmt"/>
      <line num="141" count="4" type="stmt"/>
      <line num="142" count="4" type="stmt"/>
      <line num="146" count="11" type="stmt"/>
      <line num="147" count="4" type="stmt"/>
      <line num="148" count="4" type="stmt"/>
      <line num="152" count="11" type="stmt"/>
      <line num="153" count="4" type="stmt"/>
      <line num="154" count="4" type="stmt"/>
      <line num="162" count="20" type="stmt"/>
      <line num="163" count="20" type="stmt"/>
      <line num="166" count="11" type="stmt"/>
      <line num="167" count="15" type="cond" truecount="2" falsecount="0"/>
      <line num="168" count="11" type="stmt"/>
      <line num="173" count="33" type="cond" truecount="1" falsecount="1"/>
      <line num="174" count="33" type="stmt"/>
      <line num="175" count="528" type="cond" truecount="2" falsecount="0"/>
      <line num="176" count="495" type="stmt"/>
      <line num="177" count="495" type="stmt"/>
      <line num="178" count="495" type="stmt"/>
    </file>
    <file name="reset.js" path="/home/rwake/Documents/school/cs110/cse110-sp21-group22/source/scripts/reset.js">
      <metrics statements="11" coveredstatements="11" conditionals="0" coveredconditionals="0" methods="4" coveredmethods="4"/>
      <line num="1" count="3" type="stmt"/>
      <line num="2" count="3" type="stmt"/>
      <line num="3" count="9" type="stmt"/>
      <line num="4" count="9" type="stmt"/>
      <line num="5" count="9" type="stmt"/>
      <line num="8" count="3" type="stmt"/>
      <line num="9" count="3" type="stmt"/>
      <line num="11" count="3" type="stmt"/>
      <line num="12" count="3" type="stmt"/>
      <line num="16" count="6" type="stmt"/>
      <line num="17" count="6" type="stmt"/>
    </file>
    <file name="router.js" path="/home/rwake/Documents/school/cs110/cse110-sp21-group22/source/scripts/router.js">
      <metrics statements="144" coveredstatements="141" conditionals="21" coveredconditionals="16" methods="26" coveredmethods="25"/>
      <line num="1" count="37" type="stmt"/>
      <line num="2" count="37" type="stmt"/>
      <line num="3" count="37" type="stmt"/>
      <line num="4" count="37" type="stmt"/>
      <line num="5" count="37" type="stmt"/>
      <line num="6" count="37" type="stmt"/>
      <line num="9" count="37" type="stmt"/>
      <line num="10" count="37" type="stmt"/>
      <line num="11" count="37" type="stmt"/>
      <line num="12" count="37" type="stmt"/>
      <line num="13" count="37" type="stmt"/>
      <line num="14" count="37" type="stmt"/>
      <line num="15" count="37" type="stmt"/>
      <line num="16" count="37" type="stmt"/>
      <line num="17" count="37" type="stmt"/>
      <line num="18" count="37" type="stmt"/>
      <line num="19" count="37" type="stmt"/>
      <line num="20" count="37" type="stmt"/>
      <line num="21" count="37" type="stmt"/>
      <line num="22" count="37" type="stmt"/>
      <line num="23" count="37" type="stmt"/>
      <line num="24" count="37" type="stmt"/>
      <line num="25" count="37" type="stmt"/>
      <line num="26" count="37" type="stmt"/>
      <line num="27" count="37" type="stmt"/>
      <line num="28" count="37" type="stmt"/>
      <line num="43" count="37" type="stmt"/>
      <line num="58" count="37" type="stmt"/>
      <line num="59" count="37" type="stmt"/>
      <line num="60" count="37" type="stmt"/>
      <line num="61" count="37" type="stmt"/>
      <line num="62" count="37" type="stmt"/>
      <line num="63" count="37" type="stmt"/>
      <line num="64" count="37" type="stmt"/>
      <line num="65" count="37" type="stmt"/>
      <line num="66" count="37" type="stmt"/>
      <line num="67" count="37" type="stmt"/>
      <line num="68" count="37" type="stmt"/>
      <line num="69" count="37" type="stmt"/>
      <line num="70" count="37" type="stmt"/>
      <line num="71" count="37" type="stmt"/>
      <line num="73" count="37" type="stmt"/>
      <line num="74" count="37" type="stmt"/>
      <line num="81" count="37" type="stmt"/>
      <line num="82" count="146" type="stmt"/>
      <line num="83" count="145" type="stmt"/>
      <line num="89" count="37" type="stmt"/>
      <line num="90" count="37" type="stmt"/>
      <line num="91" count="37" type="stmt"/>
      <line num="92" count="36" type="stmt"/>
      <line num="93" count="36" type="stmt"/>
      <line num="101" count="37" type="stmt"/>
      <line num="102" count="37" type="stmt"/>
      <line num="103" count="36" type="stmt"/>
      <line num="104" count="8" type="stmt"/>
      <line num="105" count="8" type="stmt"/>
      <line num="106" count="8" type="stmt"/>
      <line num="107" count="8" type="stmt"/>
      <line num="108" count="8" type="stmt"/>
      <line num="109" count="8" type="stmt"/>
      <line num="110" count="8" type="stmt"/>
      <line num="115" count="36" type="stmt"/>
      <line num="116" count="14" type="stmt"/>
      <line num="117" count="14" type="stmt"/>
      <line num="118" count="14" type="stmt"/>
      <line num="119" count="14" type="stmt"/>
      <line num="124" count="36" type="stmt"/>
      <line num="125" count="11" type="stmt"/>
      <line num="126" count="11" type="stmt"/>
      <line num="127" count="11" type="stmt"/>
      <line num="128" count="11" type="stmt"/>
      <line num="133" count="36" type="stmt"/>
      <line num="134" count="24" type="stmt"/>
      <line num="135" count="24" type="stmt"/>
      <line num="136" count="24" type="stmt"/>
      <line num="137" count="24" type="stmt"/>
      <line num="138" count="24" type="stmt"/>
      <line num="139" count="24" type="stmt"/>
      <line num="152" count="146" type="stmt"/>
      <line num="153" count="146" type="stmt"/>
      <line num="154" count="146" type="stmt"/>
      <line num="155" count="146" type="stmt"/>
      <line num="156" count="146" type="stmt"/>
      <line num="157" count="146" type="stmt"/>
      <line num="164" count="57" type="stmt"/>
      <line num="165" count="57" type="stmt"/>
      <line num="166" count="57" type="stmt"/>
      <line num="167" count="86" type="stmt"/>
      <line num="176" count="92" type="stmt"/>
      <line num="177" count="92" type="stmt"/>
      <line num="178" count="92" type="stmt"/>
      <line num="179" count="92" type="cond" truecount="2" falsecount="0"/>
      <line num="180" count="49" type="stmt"/>
      <line num="189" count="34" type="cond" truecount="2" falsecount="0"/>
      <line num="190" count="15" type="stmt"/>
      <line num="194" count="19" type="stmt"/>
      <line num="199" count="37" type="stmt"/>
      <line num="200" count="44" type="cond" truecount="2" falsecount="0"/>
      <line num="201" count="35" type="stmt"/>
      <line num="206" count="37" type="stmt"/>
      <line num="207" count="37" type="stmt"/>
      <line num="208" count="33" type="stmt"/>
      <line num="209" count="33" type="stmt"/>
      <line num="210" count="33" type="stmt"/>
      <line num="214" count="37" type="stmt"/>
      <line num="215" count="37" type="cond" truecount="2" falsecount="0"/>
      <line num="216" count="28" type="stmt"/>
      <line num="217" count="28" type="stmt"/>
      <line num="218" count="28" type="stmt"/>
      <line num="225" count="37" type="stmt"/>
      <line num="226" count="44" type="cond" truecount="2" falsecount="0"/>
      <line num="227" count="35" type="stmt"/>
      <line num="232" count="43" type="stmt"/>
      <line num="233" count="43" type="stmt"/>
      <line num="234" count="39" type="stmt"/>
      <line num="235" count="39" type="stmt"/>
      <line num="236" count="39" type="stmt"/>
      <line num="245" count="37" type="cond" truecount="1" falsecount="1"/>
      <line num="246" count="37" type="stmt"/>
      <line num="247" count="37" type="stmt"/>
      <line num="252" count="37" type="stmt"/>
      <line num="253" count="37" type="stmt"/>
      <line num="256" count="37" type="cond" truecount="1" falsecount="1"/>
      <line num="257" count="37" type="stmt"/>
      <line num="258" count="37" type="stmt"/>
      <line num="261" count="37" type="stmt"/>
      <line num="262" count="37" type="stmt"/>
      <line num="265" count="0" type="stmt"/>
      <line num="267" count="0" type="stmt"/>
      <line num="274" count="37" type="stmt"/>
      <line num="275" count="3" type="stmt"/>
      <line num="278" count="37" type="stmt"/>
      <line num="279" count="37" type="stmt"/>
      <line num="280" count="36" type="stmt"/>
      <line num="281" count="36" type="stmt"/>
      <line num="282" count="36" type="stmt"/>
      <line num="283" count="36" type="stmt"/>
      <line num="284" count="36" type="stmt"/>
      <line num="285" count="35" type="stmt"/>
      <line num="294" count="37" type="stmt"/>
      <line num="295" count="44" type="cond" truecount="2" falsecount="0"/>
      <line num="296" count="35" type="stmt"/>
      <line num="302" count="34" type="cond" truecount="2" falsecount="3"/>
      <line num="303" count="0" type="stmt"/>
    </file>
    <file name="settings.js" path="/home/rwake/Documents/school/cs110/cse110-sp21-group22/source/scripts/settings.js">
      <metrics statements="41" coveredstatements="41" conditionals="14" coveredconditionals="11" methods="10" coveredmethods="10"/>
      <line num="1" count="24" type="stmt"/>
      <line num="2" count="24" type="stmt"/>
      <line num="3" count="24" type="stmt"/>
      <line num="6" count="24" type="stmt"/>
      <line num="7" count="2" type="stmt"/>
      <line num="11" count="24" type="stmt"/>
      <line num="12" count="2" type="stmt"/>
      <line num="16" count="24" type="stmt"/>
      <line num="17" count="2" type="stmt"/>
      <line num="21" count="24" type="stmt"/>
      <line num="22" count="22" type="stmt"/>
      <line num="23" count="22" type="cond" truecount="2" falsecount="0"/>
      <line num="24" count="6" type="stmt"/>
      <line num="26" count="6" type="stmt"/>
      <line num="31" count="16" type="stmt"/>
      <line num="33" count="16" type="stmt"/>
      <line num="38" count="22" type="stmt"/>
      <line num="40" count="22" type="stmt"/>
      <line num="41" count="22" type="stmt"/>
      <line num="50" count="22" type="stmt"/>
      <line num="51" count="22" type="stmt"/>
      <line num="52" count="22" type="stmt"/>
      <line num="53" count="22" type="stmt"/>
      <line num="54" count="22" type="cond" truecount="2" falsecount="0"/>
      <line num="55" count="22" type="cond" truecount="2" falsecount="0"/>
      <line num="56" count="22" type="stmt"/>
      <line num="72" count="11" type="stmt"/>
      <line num="79" count="28" type="stmt"/>
      <line num="80" count="30" type="cond" truecount="2" falsecount="0"/>
      <line num="81" count="16" type="stmt"/>
      <line num="82" count="16" type="stmt"/>
      <line num="83" count="16" type="stmt"/>
      <line num="84" count="16" type="stmt"/>
      <line num="86" count="16" type="stmt"/>
      <line num="92" count="16" type="stmt"/>
      <line num="101" count="24" type="stmt"/>
      <line num="102" count="20" type="stmt"/>
      <line num="106" count="24" type="stmt"/>
      <line num="109" count="24" type="stmt"/>
      <line num="110" count="24" type="stmt"/>
      <line num="113" count="24" type="stmt"/>
    </file>
    <file name="signup.js" path="/home/rwake/Documents/school/cs110/cse110-sp21-group22/source/scripts/signup.js">
      <metrics statements="25" coveredstatements="19" conditionals="2" coveredconditionals="2" methods="7" coveredmethods="3"/>
      <line num="2" count="6" type="stmt"/>
      <line num="3" count="9" type="cond" truecount="2" falsecount="0"/>
      <line num="4" count="5" type="stmt"/>
      <line num="8" count="6" type="stmt"/>
      <line num="9" count="6" type="stmt"/>
      <line num="10" count="6" type="stmt"/>
      <line num="11" count="0" type="stmt"/>
      <line num="12" count="0" type="stmt"/>
      <line num="13" count="0" type="stmt"/>
      <line num="17" count="6" type="stmt"/>
      <line num="18" count="6" type="stmt"/>
      <line num="19" count="6" type="stmt"/>
      <line num="20" count="0" type="stmt"/>
      <line num="21" count="0" type="stmt"/>
      <line num="22" count="0" type="stmt"/>
      <line num="26" count="6" type="stmt"/>
      <line num="27" count="6" type="stmt"/>
      <line num="28" count="6" type="stmt"/>
      <line num="29" count="6" type="stmt"/>
      <line num="30" count="6" type="stmt"/>
      <line num="31" count="6" type="stmt"/>
      <line num="32" count="6" type="stmt"/>
      <line num="33" count="6" type="stmt"/>
      <line num="34" count="3" type="stmt"/>
      <line num="35" count="3" type="stmt"/>
    </file>
    <file name="sw.js" path="/home/rwake/Documents/school/cs110/cse110-sp21-group22/source/scripts/sw.js">
      <metrics statements="8" coveredstatements="4" conditionals="2" coveredconditionals="0" methods="4" coveredmethods="0"/>
      <line num="1" count="37" type="stmt"/>
      <line num="2" count="37" type="stmt"/>
      <line num="41" count="37" type="stmt"/>
      <line num="42" count="0" type="stmt"/>
      <line num="44" count="0" type="stmt"/>
      <line num="50" count="37" type="stmt"/>
      <line num="51" count="0" type="stmt"/>
      <line num="53" count="0" type="cond" truecount="0" falsecount="2"/>
    </file>
  </project>
</coverage>
