<?xml version="1.0" encoding="UTF-8"?>
<coverage generated="1623424865900" clover="3.2.0">
  <project timestamp="1623424865900" name="All files">
    <metrics statements="971" coveredstatements="899" conditionals="241" coveredconditionals="182" methods="182" coveredmethods="159" elements="1394" coveredelements="1240" complexity="0" loc="971" ncloc="971" packages="1" files="11" classes="11"/>
    <file name="app.js" path="/Users/shanqing/Documents/CSE110/cse110-sp21-group22/source/scripts/app.js">
      <metrics statements="57" coveredstatements="57" conditionals="16" coveredconditionals="12" methods="26" coveredmethods="22"/>
      <line num="2" count="15" type="stmt"/>
      <line num="3" count="18" type="cond" truecount="2" falsecount="0"/>
      <line num="4" count="3" type="stmt"/>
      <line num="12" count="36" type="stmt"/>
      <line num="13" count="36" type="stmt"/>
      <line num="20" count="24" type="stmt"/>
      <line num="21" count="24" type="stmt"/>
      <line num="28" count="16" type="stmt"/>
      <line num="36" count="142" type="stmt"/>
      <line num="39" count="142" type="cond" truecount="2" falsecount="0"/>
      <line num="40" count="76" type="stmt"/>
      <line num="42" count="66" type="stmt"/>
      <line num="52" count="153" type="cond" truecount="2" falsecount="0"/>
      <line num="53" count="50" type="stmt"/>
      <line num="57" count="103" type="stmt"/>
      <line num="59" count="103" type="stmt"/>
      <line num="60" count="103" type="stmt"/>
      <line num="61" count="103" type="stmt"/>
      <line num="64" count="103" type="stmt"/>
      <line num="67" count="103" type="cond" truecount="2" falsecount="0"/>
      <line num="68" count="79" type="stmt"/>
      <line num="70" count="24" type="stmt"/>
      <line num="80" count="1437" type="stmt"/>
      <line num="97" count="149" type="stmt"/>
      <line num="112" count="269" type="stmt"/>
      <line num="113" count="269" type="stmt"/>
      <line num="114" count="269" type="stmt"/>
      <line num="115" count="269" type="stmt"/>
      <line num="116" count="269" type="stmt"/>
      <line num="117" count="269" type="stmt"/>
      <line num="125" count="150" type="stmt"/>
      <line num="126" count="150" type="cond" truecount="1" falsecount="1"/>
      <line num="127" count="150" type="stmt"/>
      <line num="128" count="150" type="stmt"/>
      <line num="148" count="16" type="stmt"/>
      <line num="149" count="16" type="cond" truecount="1" falsecount="1"/>
      <line num="150" count="16" type="stmt"/>
      <line num="151" count="16" type="stmt"/>
      <line num="176" count="119" type="stmt"/>
      <line num="177" count="119" type="stmt"/>
      <line num="178" count="119" type="stmt"/>
      <line num="179" count="119" type="stmt"/>
      <line num="186" count="20" type="stmt"/>
      <line num="187" count="20" type="cond" truecount="1" falsecount="1"/>
      <line num="188" count="20" type="stmt"/>
      <line num="207" count="2" type="stmt"/>
      <line num="208" count="2" type="cond" truecount="1" falsecount="1"/>
      <line num="209" count="2" type="stmt"/>
      <line num="225" count="15" type="stmt"/>
      <line num="227" count="150" type="stmt"/>
      <line num="228" count="150" type="stmt"/>
      <line num="239" count="103" type="stmt"/>
      <line num="240" count="103" type="stmt"/>
      <line num="252" count="15" type="stmt"/>
      <line num="254" count="20" type="stmt"/>
      <line num="262" count="97" type="stmt"/>
      <line num="263" count="97" type="stmt"/>
    </file>
    <file name="calendar.js" path="/Users/shanqing/Documents/CSE110/cse110-sp21-group22/source/scripts/calendar.js">
      <metrics statements="166" coveredstatements="163" conditionals="39" coveredconditionals="29" methods="21" coveredmethods="20"/>
      <line num="1" count="6" type="stmt"/>
      <line num="2" count="6" type="stmt"/>
      <line num="3" count="6" type="stmt"/>
      <line num="5" count="6" type="stmt"/>
      <line num="6" count="6" type="stmt"/>
      <line num="8" count="6" type="stmt"/>
      <line num="9" count="6" type="cond" truecount="1" falsecount="1"/>
      <line num="10" count="6" type="stmt"/>
      <line num="15" count="10" type="stmt"/>
      <line num="16" count="10" type="stmt"/>
      <line num="17" count="10" type="stmt"/>
      <line num="18" count="10" type="stmt"/>
      <line num="19" count="10" type="stmt"/>
      <line num="20" count="10" type="stmt"/>
      <line num="36" count="88" type="stmt"/>
      <line num="37" count="88" type="stmt"/>
      <line num="38" count="88" type="stmt"/>
      <line num="39" count="88" type="stmt"/>
      <line num="40" count="88" type="stmt"/>
      <line num="41" count="88" type="stmt"/>
      <line num="50" count="88" type="stmt"/>
      <line num="51" count="88" type="cond" truecount="2" falsecount="0"/>
      <line num="52" count="2" type="stmt"/>
      <line num="54" count="88" type="cond" truecount="2" falsecount="0"/>
      <line num="55" count="2" type="stmt"/>
      <line num="56" count="86" type="cond" truecount="2" falsecount="2"/>
      <line num="57" count="0" type="stmt"/>
      <line num="58" count="86" type="cond" truecount="4" falsecount="0"/>
      <line num="59" count="64" type="stmt"/>
      <line num="60" count="22" type="cond" truecount="2" falsecount="2"/>
      <line num="61" count="0" type="stmt"/>
      <line num="63" count="22" type="stmt"/>
      <line num="65" count="88" type="stmt"/>
      <line num="74" count="52" type="stmt"/>
      <line num="75" count="52" type="stmt"/>
      <line num="76" count="52" type="stmt"/>
      <line num="77" count="4" type="stmt"/>
      <line num="78" count="4" type="stmt"/>
      <line num="79" count="4" type="stmt"/>
      <line num="82" count="4" type="stmt"/>
      <line num="83" count="4" type="stmt"/>
      <line num="84" count="4" type="stmt"/>
      <line num="85" count="4" type="stmt"/>
      <line num="87" count="52" type="stmt"/>
      <line num="88" count="14" type="stmt"/>
      <line num="89" count="14" type="stmt"/>
      <line num="90" count="14" type="stmt"/>
      <line num="93" count="14" type="stmt"/>
      <line num="94" count="14" type="stmt"/>
      <line num="95" count="14" type="stmt"/>
      <line num="96" count="14" type="stmt"/>
      <line num="105" count="18" type="stmt"/>
      <line num="108" count="18" type="stmt"/>
      <line num="109" count="18" type="cond" truecount="1" falsecount="1"/>
      <line num="114" count="18" type="stmt"/>
      <line num="115" count="18" type="stmt"/>
      <line num="125" count="52" type="stmt"/>
      <line num="126" count="2" type="stmt"/>
      <line num="127" count="2" type="stmt"/>
      <line num="128" count="2" type="stmt"/>
      <line num="136" count="18" type="stmt"/>
      <line num="137" count="18" type="stmt"/>
      <line num="138" count="18" type="stmt"/>
      <line num="139" count="18" type="cond" truecount="1" falsecount="1"/>
      <line num="140" count="18" type="stmt"/>
      <line num="147" count="18" type="cond" truecount="3" falsecount="1"/>
      <line num="148" count="18" type="stmt"/>
      <line num="152" count="18" type="stmt"/>
      <line num="153" count="18" type="stmt"/>
      <line num="154" count="18" type="stmt"/>
      <line num="158" count="6" type="stmt"/>
      <line num="161" count="4" type="stmt"/>
      <line num="164" count="6" type="stmt"/>
      <line num="167" count="4" type="stmt"/>
      <line num="175" count="52" type="stmt"/>
      <line num="176" count="52" type="stmt"/>
      <line num="177" count="52" type="stmt"/>
      <line num="178" count="52" type="stmt"/>
      <line num="179" count="52" type="stmt"/>
      <line num="181" count="52" type="stmt"/>
      <line num="182" count="52" type="stmt"/>
      <line num="183" count="52" type="stmt"/>
      <line num="184" count="52" type="stmt"/>
      <line num="185" count="52" type="stmt"/>
      <line num="186" count="52" type="stmt"/>
      <line num="187" count="52" type="stmt"/>
      <line num="189" count="52" type="stmt"/>
      <line num="190" count="52" type="stmt"/>
      <line num="191" count="52" type="stmt"/>
      <line num="193" count="52" type="stmt"/>
      <line num="194" count="52" type="stmt"/>
      <line num="195" count="52" type="stmt"/>
      <line num="196" count="52" type="stmt"/>
      <line num="197" count="52" type="stmt"/>
      <line num="198" count="52" type="stmt"/>
      <line num="199" count="52" type="stmt"/>
      <line num="200" count="52" type="stmt"/>
      <line num="201" count="52" type="stmt"/>
      <line num="202" count="52" type="stmt"/>
      <line num="203" count="52" type="stmt"/>
      <line num="214" count="52" type="stmt"/>
      <line num="215" count="52" type="stmt"/>
      <line num="216" count="52" type="stmt"/>
      <line num="217" count="52" type="stmt"/>
      <line num="218" count="52" type="stmt"/>
      <line num="219" count="52" type="stmt"/>
      <line num="220" count="52" type="stmt"/>
      <line num="221" count="52" type="stmt"/>
      <line num="222" count="52" type="stmt"/>
      <line num="223" count="52" type="stmt"/>
      <line num="224" count="52" type="stmt"/>
      <line num="226" count="52" type="stmt"/>
      <line num="227" count="52" type="stmt"/>
      <line num="228" count="52" type="stmt"/>
      <line num="229" count="52" type="stmt"/>
      <line num="230" count="52" type="stmt"/>
      <line num="231" count="52" type="stmt"/>
      <line num="232" count="52" type="stmt"/>
      <line num="233" count="52" type="stmt"/>
      <line num="234" count="52" type="stmt"/>
      <line num="236" count="52" type="stmt"/>
      <line num="237" count="52" type="stmt"/>
      <line num="238" count="52" type="stmt"/>
      <line num="239" count="52" type="stmt"/>
      <line num="241" count="52" type="stmt"/>
      <line num="242" count="52" type="stmt"/>
      <line num="243" count="52" type="stmt"/>
      <line num="244" count="52" type="stmt"/>
      <line num="245" count="52" type="stmt"/>
      <line num="246" count="52" type="stmt"/>
      <line num="248" count="52" type="stmt"/>
      <line num="249" count="52" type="stmt"/>
      <line num="250" count="52" type="stmt"/>
      <line num="251" count="52" type="stmt"/>
      <line num="253" count="52" type="stmt"/>
      <line num="254" count="52" type="stmt"/>
      <line num="255" count="52" type="stmt"/>
      <line num="256" count="52" type="stmt"/>
      <line num="260" count="6" type="stmt"/>
      <line num="261" count="6" type="cond" truecount="1" falsecount="1"/>
      <line num="262" count="6" type="stmt"/>
      <line num="268" count="54" type="stmt"/>
      <line num="269" count="54" type="stmt"/>
      <line num="270" count="54" type="stmt"/>
      <line num="271" count="98" type="cond" truecount="2" falsecount="0"/>
      <line num="272" count="52" type="cond" truecount="1" falsecount="1"/>
      <line num="275" count="52" type="stmt"/>
      <line num="277" count="46" type="cond" truecount="2" falsecount="0"/>
      <line num="278" count="2" type="stmt"/>
      <line num="281" count="2" type="cond" truecount="2" falsecount="0"/>
      <line num="285" count="1" type="stmt"/>
      <line num="294" count="6" type="stmt"/>
      <line num="295" count="2" type="stmt"/>
      <line num="296" count="2" type="stmt"/>
      <line num="297" count="2" type="stmt"/>
      <line num="301" count="6" type="stmt"/>
      <line num="302" count="0" type="stmt"/>
      <line num="306" count="6" type="stmt"/>
      <line num="307" count="2" type="stmt"/>
      <line num="308" count="2" type="stmt"/>
      <line num="309" count="2" type="stmt"/>
      <line num="310" count="2" type="stmt"/>
      <line num="311" count="2" type="stmt"/>
      <line num="312" count="2" type="stmt"/>
      <line num="313" count="2" type="stmt"/>
      <line num="316" count="6" type="stmt"/>
    </file>
    <file name="color.js" path="/Users/shanqing/Documents/CSE110/cse110-sp21-group22/source/scripts/color.js">
      <metrics statements="19" coveredstatements="18" conditionals="6" coveredconditionals="4" methods="7" coveredmethods="6"/>
      <line num="8" count="20" type="stmt"/>
      <line num="9" count="20" type="stmt"/>
      <line num="10" count="20" type="stmt"/>
      <line num="11" count="20" type="stmt"/>
      <line num="12" count="20" type="stmt"/>
      <line num="13" count="20" type="stmt"/>
      <line num="14" count="20" type="stmt"/>
      <line num="15" count="20" type="stmt"/>
      <line num="16" count="20" type="cond" truecount="1" falsecount="1"/>
      <line num="17" count="20" type="stmt"/>
      <line num="18" count="20" type="stmt"/>
      <line num="24" count="0" type="stmt"/>
      <line num="38" count="21" type="stmt"/>
      <line num="39" count="23" type="cond" truecount="2" falsecount="0"/>
      <line num="40" count="21" type="stmt"/>
      <line num="46" count="21" type="cond" truecount="1" falsecount="1"/>
      <line num="47" count="20" type="stmt"/>
      <line num="48" count="20" type="stmt"/>
      <line num="49" count="20" type="stmt"/>
    </file>
    <file name="index.js" path="/Users/shanqing/Documents/CSE110/cse110-sp21-group22/source/scripts/index.js">
      <metrics statements="389" coveredstatements="348" conditionals="121" coveredconditionals="92" methods="51" coveredmethods="49"/>
      <line num="1" count="18" type="stmt"/>
      <line num="2" count="18" type="stmt"/>
      <line num="3" count="18" type="stmt"/>
      <line num="4" count="18" type="stmt"/>
      <line num="5" count="18" type="stmt"/>
      <line num="6" count="18" type="stmt"/>
      <line num="7" count="18" type="stmt"/>
      <line num="8" count="18" type="stmt"/>
      <line num="10" count="18" type="stmt"/>
      <line num="13" count="18" type="stmt"/>
      <line num="14" count="2" type="stmt"/>
      <line num="18" count="16" type="stmt"/>
      <line num="19" count="2" type="stmt"/>
      <line num="23" count="16" type="stmt"/>
      <line num="24" count="2" type="stmt"/>
      <line num="28" count="16" type="stmt"/>
      <line num="29" count="2" type="stmt"/>
      <line num="33" count="16" type="stmt"/>
      <line num="34" count="2" type="stmt"/>
      <line num="39" count="16" type="stmt"/>
      <line num="40" count="16" type="stmt"/>
      <line num="41" count="16" type="stmt"/>
      <line num="42" count="16" type="stmt"/>
      <line num="44" count="16" type="stmt"/>
      <line num="45" count="18" type="cond" truecount="2" falsecount="0"/>
      <line num="46" count="16" type="stmt"/>
      <line num="51" count="20" type="stmt"/>
      <line num="52" count="20" type="stmt"/>
      <line num="53" count="19" type="stmt"/>
      <line num="61" count="16" type="stmt"/>
      <line num="62" count="4" type="stmt"/>
      <line num="63" count="4" type="cond" truecount="1" falsecount="1"/>
      <line num="64" count="4" type="stmt"/>
      <line num="74" count="0" type="stmt"/>
      <line num="88" count="16" type="stmt"/>
      <line num="89" count="18" type="cond" truecount="2" falsecount="0"/>
      <line num="90" count="16" type="stmt"/>
      <line num="96" count="9" type="stmt"/>
      <line num="97" count="9" type="cond" truecount="1" falsecount="1"/>
      <line num="98" count="0" type="stmt"/>
      <line num="120" count="16" type="stmt"/>
      <line num="121" count="12" type="stmt"/>
      <line num="122" count="12" type="stmt"/>
      <line num="125" count="12" type="cond" truecount="2" falsecount="0"/>
      <line num="126" count="2" type="stmt"/>
      <line num="131" count="16" type="stmt"/>
      <line num="132" count="16" type="stmt"/>
      <line num="133" count="16" type="stmt"/>
      <line num="136" count="16" type="cond" truecount="2" falsecount="0"/>
      <line num="137" count="2" type="stmt"/>
      <line num="141" count="16" type="stmt"/>
      <line num="143" count="16" type="stmt"/>
      <line num="144" count="264" type="stmt"/>
      <line num="145" count="264" type="stmt"/>
      <line num="146" count="264" type="stmt"/>
      <line num="150" count="16" type="stmt"/>
      <line num="151" count="12" type="stmt"/>
      <line num="152" count="12" type="stmt"/>
      <line num="154" count="12" type="stmt"/>
      <line num="155" count="12" type="stmt"/>
      <line num="156" count="12" type="cond" truecount="2" falsecount="0"/>
      <line num="157" count="2" type="stmt"/>
      <line num="160" count="12" type="cond" truecount="2" falsecount="0"/>
      <line num="161" count="2" type="stmt"/>
      <line num="166" count="16" type="stmt"/>
      <line num="167" count="6" type="stmt"/>
      <line num="168" count="6" type="stmt"/>
      <line num="169" count="6" type="stmt"/>
      <line num="171" count="6" type="cond" truecount="2" falsecount="0"/>
      <line num="172" count="4" type="stmt"/>
      <line num="173" count="26" type="stmt"/>
      <line num="175" count="4" type="stmt"/>
      <line num="177" count="2" type="stmt"/>
      <line num="178" count="14" type="stmt"/>
      <line num="180" count="2" type="stmt"/>
      <line num="184" count="16" type="stmt"/>
      <line num="185" count="18" type="cond" truecount="2" falsecount="0"/>
      <line num="186" count="8" type="stmt"/>
      <line num="187" count="8" type="stmt"/>
      <line num="189" count="10" type="stmt"/>
      <line num="190" count="10" type="stmt"/>
      <line num="194" count="16" type="stmt"/>
      <line num="195" count="12" type="cond" truecount="2" falsecount="0"/>
      <line num="196" count="6" type="stmt"/>
      <line num="197" count="6" type="stmt"/>
      <line num="199" count="6" type="stmt"/>
      <line num="200" count="6" type="stmt"/>
      <line num="204" count="16" type="stmt"/>
      <line num="205" count="38" type="cond" truecount="2" falsecount="0"/>
      <line num="206" count="18" type="cond" truecount="2" falsecount="0"/>
      <line num="207" count="2" type="stmt"/>
      <line num="209" count="16" type="stmt"/>
      <line num="211" count="18" type="stmt"/>
      <line num="213" count="20" type="cond" truecount="2" falsecount="0"/>
      <line num="214" count="4" type="stmt"/>
      <line num="219" count="16" type="stmt"/>
      <line num="221" count="20" type="stmt"/>
      <line num="230" count="68" type="cond" truecount="2" falsecount="0"/>
      <line num="234" count="54" type="stmt"/>
      <line num="235" count="54" type="stmt"/>
      <line num="236" count="54" type="stmt"/>
      <line num="237" count="54" type="stmt"/>
      <line num="238" count="54" type="stmt"/>
      <line num="239" count="54" type="stmt"/>
      <line num="240" count="54" type="stmt"/>
      <line num="241" count="54" type="stmt"/>
      <line num="242" count="54" type="stmt"/>
      <line num="243" count="54" type="stmt"/>
      <line num="244" count="54" type="stmt"/>
      <line num="249" count="16" type="stmt"/>
      <line num="251" count="0" type="cond" truecount="0" falsecount="2"/>
      <line num="253" count="0" type="stmt"/>
      <line num="258" count="16" type="stmt"/>
      <line num="259" count="6" type="cond" truecount="1" falsecount="1"/>
      <line num="260" count="6" type="stmt"/>
      <line num="265" count="16" type="stmt"/>
      <line num="266" count="6" type="cond" truecount="4" falsecount="0"/>
      <line num="267" count="2" type="stmt"/>
      <line num="277" count="111" type="stmt"/>
      <line num="278" count="111" type="cond" truecount="4" falsecount="0"/>
      <line num="280" count="2" type="stmt"/>
      <line num="281" count="2" type="stmt"/>
      <line num="282" count="2" type="stmt"/>
      <line num="284" count="2" type="stmt"/>
      <line num="285" count="2" type="stmt"/>
      <line num="286" count="2" type="stmt"/>
      <line num="288" count="2" type="stmt"/>
      <line num="289" count="2" type="stmt"/>
      <line num="290" count="2" type="stmt"/>
      <line num="292" count="105" type="stmt"/>
      <line num="302" count="131" type="stmt"/>
      <line num="303" count="131" type="cond" truecount="2" falsecount="0"/>
      <line num="311" count="14" type="stmt"/>
      <line num="317" count="117" type="stmt"/>
      <line num="323" count="131" type="cond" truecount="5" falsecount="0"/>
      <line num="325" count="6" type="stmt"/>
      <line num="326" count="6" type="stmt"/>
      <line num="327" count="6" type="stmt"/>
      <line num="329" count="6" type="stmt"/>
      <line num="330" count="6" type="stmt"/>
      <line num="331" count="6" type="cond" truecount="2" falsecount="0"/>
      <line num="339" count="4" type="stmt"/>
      <line num="345" count="2" type="stmt"/>
      <line num="351" count="6" type="stmt"/>
      <line num="353" count="6" type="stmt"/>
      <line num="354" count="6" type="stmt"/>
      <line num="355" count="6" type="stmt"/>
      <line num="357" count="6" type="stmt"/>
      <line num="358" count="6" type="stmt"/>
      <line num="359" count="6" type="cond" truecount="2" falsecount="0"/>
      <line num="367" count="2" type="stmt"/>
      <line num="373" count="4" type="stmt"/>
      <line num="379" count="6" type="stmt"/>
      <line num="381" count="107" type="stmt"/>
      <line num="382" count="107" type="stmt"/>
      <line num="392" count="157" type="stmt"/>
      <line num="393" count="157" type="stmt"/>
      <line num="394" count="157" type="cond" truecount="1" falsecount="1"/>
      <line num="395" count="0" type="stmt"/>
      <line num="397" count="157" type="stmt"/>
      <line num="399" count="157" type="cond" truecount="5" falsecount="3"/>
      <line num="401" count="6" type="stmt"/>
      <line num="402" count="6" type="stmt"/>
      <line num="404" count="15" type="stmt"/>
      <line num="405" count="15" type="stmt"/>
      <line num="407" count="4" type="stmt"/>
      <line num="408" count="4" type="stmt"/>
      <line num="409" count="4" type="stmt"/>
      <line num="411" count="18" type="cond" truecount="1" falsecount="1"/>
      <line num="414" count="0" type="stmt"/>
      <line num="418" count="18" type="stmt"/>
      <line num="420" count="18" type="stmt"/>
      <line num="422" count="0" type="stmt"/>
      <line num="423" count="0" type="cond" truecount="0" falsecount="2"/>
      <line num="426" count="0" type="stmt"/>
      <line num="430" count="0" type="stmt"/>
      <line num="432" count="0" type="stmt"/>
      <line num="434" count="0" type="stmt"/>
      <line num="435" count="0" type="cond" truecount="0" falsecount="2"/>
      <line num="438" count="0" type="stmt"/>
      <line num="442" count="0" type="stmt"/>
      <line num="444" count="0" type="stmt"/>
      <line num="446" count="0" type="stmt"/>
      <line num="447" count="0" type="stmt"/>
      <line num="448" count="0" type="cond" truecount="0" falsecount="2"/>
      <line num="451" count="0" type="stmt"/>
      <line num="455" count="0" type="stmt"/>
      <line num="457" count="0" type="stmt"/>
      <line num="459" count="114" type="stmt"/>
      <line num="460" count="114" type="stmt"/>
      <line num="461" count="114" type="stmt"/>
      <line num="471" count="210" type="cond" truecount="2" falsecount="0"/>
      <line num="472" count="210" type="stmt"/>
      <line num="473" count="210" type="stmt"/>
      <line num="482" count="103" type="stmt"/>
      <line num="485" count="103" type="stmt"/>
      <line num="486" count="103" type="stmt"/>
      <line num="487" count="103" type="stmt"/>
      <line num="488" count="103" type="stmt"/>
      <line num="489" count="103" type="stmt"/>
      <line num="492" count="103" type="stmt"/>
      <line num="493" count="103" type="stmt"/>
      <line num="494" count="103" type="stmt"/>
      <line num="495" count="103" type="stmt"/>
      <line num="496" count="103" type="stmt"/>
      <line num="497" count="103" type="stmt"/>
      <line num="500" count="103" type="stmt"/>
      <line num="501" count="103" type="stmt"/>
      <line num="502" count="103" type="stmt"/>
      <line num="503" count="103" type="stmt"/>
      <line num="504" count="103" type="stmt"/>
      <line num="505" count="103" type="stmt"/>
      <line num="508" count="103" type="stmt"/>
      <line num="509" count="103" type="stmt"/>
      <line num="510" count="103" type="stmt"/>
      <line num="511" count="103" type="cond" truecount="2" falsecount="0"/>
      <line num="512" count="2" type="stmt"/>
      <line num="514" count="101" type="stmt"/>
      <line num="516" count="103" type="stmt"/>
      <line num="517" count="103" type="stmt"/>
      <line num="518" count="103" type="stmt"/>
      <line num="521" count="103" type="stmt"/>
      <line num="522" count="103" type="stmt"/>
      <line num="523" count="103" type="stmt"/>
      <line num="524" count="103" type="stmt"/>
      <line num="525" count="103" type="stmt"/>
      <line num="528" count="103" type="stmt"/>
      <line num="529" count="103" type="stmt"/>
      <line num="530" count="103" type="stmt"/>
      <line num="531" count="103" type="stmt"/>
      <line num="533" count="103" type="stmt"/>
      <line num="534" count="103" type="stmt"/>
      <line num="535" count="103" type="stmt"/>
      <line num="536" count="103" type="stmt"/>
      <line num="537" count="103" type="stmt"/>
      <line num="538" count="103" type="stmt"/>
      <line num="539" count="103" type="stmt"/>
      <line num="542" count="103" type="stmt"/>
      <line num="543" count="4" type="cond" truecount="2" falsecount="0"/>
      <line num="544" count="2" type="stmt"/>
      <line num="549" count="103" type="stmt"/>
      <line num="552" count="4" type="cond" truecount="1" falsecount="1"/>
      <line num="554" count="4" type="cond" truecount="2" falsecount="0"/>
      <line num="555" count="2" type="stmt"/>
      <line num="556" count="2" type="stmt"/>
      <line num="557" count="2" type="stmt"/>
      <line num="562" count="2" type="stmt"/>
      <line num="563" count="2" type="stmt"/>
      <line num="564" count="2" type="stmt"/>
      <line num="565" count="2" type="stmt"/>
      <line num="566" count="2" type="stmt"/>
      <line num="567" count="2" type="stmt"/>
      <line num="568" count="2" type="stmt"/>
      <line num="573" count="103" type="stmt"/>
      <line num="576" count="54" type="stmt"/>
      <line num="577" count="54" type="stmt"/>
      <line num="578" count="54" type="stmt"/>
      <line num="579" count="54" type="stmt"/>
      <line num="580" count="54" type="stmt"/>
      <line num="581" count="54" type="stmt"/>
      <line num="582" count="54" type="stmt"/>
      <line num="583" count="54" type="stmt"/>
      <line num="587" count="103" type="stmt"/>
      <line num="590" count="8" type="stmt"/>
      <line num="591" count="8" type="stmt"/>
      <line num="592" count="8" type="stmt"/>
      <line num="593" count="8" type="stmt"/>
      <line num="594" count="8" type="stmt"/>
      <line num="595" count="8" type="stmt"/>
      <line num="596" count="8" type="stmt"/>
      <line num="597" count="8" type="stmt"/>
      <line num="598" count="8" type="stmt"/>
      <line num="599" count="8" type="stmt"/>
      <line num="603" count="103" type="stmt"/>
      <line num="606" count="28" type="stmt"/>
      <line num="607" count="28" type="stmt"/>
      <line num="608" count="28" type="stmt"/>
      <line num="609" count="28" type="stmt"/>
      <line num="610" count="28" type="stmt"/>
      <line num="611" count="28" type="stmt"/>
      <line num="612" count="28" type="stmt"/>
      <line num="613" count="28" type="stmt"/>
      <line num="614" count="28" type="stmt"/>
      <line num="615" count="28" type="stmt"/>
      <line num="619" count="103" type="stmt"/>
      <line num="622" count="16" type="stmt"/>
      <line num="623" count="16" type="stmt"/>
      <line num="624" count="16" type="stmt"/>
      <line num="629" count="16" type="stmt"/>
      <line num="630" count="22" type="cond" truecount="2" falsecount="0"/>
      <line num="631" count="4" type="stmt"/>
      <line num="632" count="4" type="stmt"/>
      <line num="635" count="4" type="stmt"/>
      <line num="637" count="4" type="stmt"/>
      <line num="640" count="4" type="stmt"/>
      <line num="641" count="4" type="stmt"/>
      <line num="642" count="18" type="cond" truecount="2" falsecount="0"/>
      <line num="643" count="2" type="stmt"/>
      <line num="644" count="2" type="stmt"/>
      <line num="653" count="146" type="stmt"/>
      <line num="654" count="827" type="cond" truecount="2" falsecount="0"/>
      <line num="655" count="617" type="stmt"/>
      <line num="656" count="617" type="stmt"/>
      <line num="658" count="210" type="stmt"/>
      <line num="659" count="210" type="stmt"/>
      <line num="663" count="146" type="stmt"/>
      <line num="665" count="146" type="stmt"/>
      <line num="666" count="146" type="stmt"/>
      <line num="667" count="146" type="stmt"/>
      <line num="670" count="146" type="cond" truecount="1" falsecount="1"/>
      <line num="672" count="0" type="cond" truecount="0" falsecount="2"/>
      <line num="673" count="0" type="stmt"/>
      <line num="674" count="0" type="stmt"/>
      <line num="676" count="0" type="stmt"/>
      <line num="677" count="0" type="stmt"/>
      <line num="680" count="146" type="cond" truecount="1" falsecount="1"/>
      <line num="681" count="0" type="stmt"/>
      <line num="682" count="0" type="stmt"/>
      <line num="685" count="0" type="cond" truecount="0" falsecount="2"/>
      <line num="686" count="0" type="stmt"/>
      <line num="687" count="0" type="stmt"/>
      <line num="691" count="146" type="stmt"/>
      <line num="692" count="146" type="stmt"/>
      <line num="693" count="146" type="stmt"/>
      <line num="695" count="146" type="stmt"/>
      <line num="700" count="16" type="stmt"/>
      <line num="701" count="112" type="stmt"/>
      <line num="702" count="112" type="stmt"/>
      <line num="703" count="126" type="cond" truecount="2" falsecount="0"/>
      <line num="704" count="112" type="stmt"/>
      <line num="710" count="90" type="stmt"/>
      <line num="711" count="90" type="stmt"/>
      <line num="712" count="145" type="cond" truecount="2" falsecount="0"/>
      <line num="713" count="103" type="cond" truecount="1" falsecount="1"/>
      <line num="716" count="103" type="stmt"/>
      <line num="718" count="42" type="cond" truecount="1" falsecount="1"/>
      <line num="719" count="0" type="stmt"/>
      <line num="720" count="0" type="cond" truecount="0" falsecount="2"/>
      <line num="723" count="0" type="stmt"/>
      <line num="727" count="90" type="stmt"/>
      <line num="743" count="45" type="stmt"/>
      <line num="744" count="45" type="stmt"/>
      <line num="745" count="45" type="stmt"/>
      <line num="746" count="45" type="stmt"/>
      <line num="748" count="45" type="stmt"/>
      <line num="749" count="45" type="stmt"/>
      <line num="750" count="45" type="stmt"/>
      <line num="752" count="45" type="stmt"/>
      <line num="753" count="45" type="stmt"/>
      <line num="756" count="45" type="stmt"/>
      <line num="757" count="45" type="stmt"/>
      <line num="761" count="16" type="stmt"/>
      <line num="762" count="18" type="cond" truecount="2" falsecount="0"/>
      <line num="763" count="16" type="stmt"/>
      <line num="771" count="58" type="stmt"/>
      <line num="772" count="58" type="stmt"/>
      <line num="773" count="58" type="cond" truecount="2" falsecount="0"/>
      <line num="774" count="15" type="stmt"/>
      <line num="776" count="43" type="stmt"/>
      <line num="778" count="15" type="stmt"/>
      <line num="779" count="45" type="stmt"/>
      <line num="780" count="45" type="stmt"/>
      <line num="782" count="15" type="cond" truecount="1" falsecount="1"/>
      <line num="783" count="0" type="stmt"/>
      <line num="784" count="0" type="stmt"/>
      <line num="785" count="0" type="stmt"/>
      <line num="786" count="0" type="stmt"/>
      <line num="787" count="0" type="stmt"/>
      <line num="796" count="16" type="stmt"/>
      <line num="797" count="10" type="stmt"/>
      <line num="804" count="2" type="stmt"/>
      <line num="811" count="2" type="stmt"/>
      <line num="818" count="2" type="stmt"/>
      <line num="825" count="2" type="stmt"/>
      <line num="829" count="16" type="cond" truecount="2" falsecount="0"/>
      <line num="830" count="2" type="stmt"/>
      <line num="832" count="14" type="stmt"/>
      <line num="835" count="16" type="stmt"/>
      <line num="838" count="16" type="stmt"/>
      <line num="839" count="16" type="stmt"/>
      <line num="841" count="16" type="stmt"/>
      <line num="842" count="16" type="stmt"/>
      <line num="845" count="16" type="cond" truecount="1" falsecount="1"/>
      <line num="846" count="0" type="stmt"/>
      <line num="849" count="16" type="stmt"/>
      <line num="852" count="16" type="stmt"/>
      <line num="853" count="18" type="cond" truecount="2" falsecount="0"/>
      <line num="854" count="16" type="cond" truecount="2" falsecount="0"/>
      <line num="859" count="1" type="stmt"/>
    </file>
    <file name="login.js" path="/Users/shanqing/Documents/CSE110/cse110-sp21-group22/source/scripts/login.js">
      <metrics statements="26" coveredstatements="18" conditionals="2" coveredconditionals="2" methods="10" coveredmethods="4"/>
      <line num="2" count="12" type="stmt"/>
      <line num="3" count="8" type="cond" truecount="2" falsecount="0"/>
      <line num="4" count="5" type="stmt"/>
      <line num="8" count="12" type="stmt"/>
      <line num="9" count="12" type="stmt"/>
      <line num="10" count="12" type="stmt"/>
      <line num="11" count="0" type="stmt"/>
      <line num="14" count="0" type="stmt"/>
      <line num="17" count="0" type="stmt"/>
      <line num="18" count="0" type="stmt"/>
      <line num="22" count="12" type="stmt"/>
      <line num="23" count="12" type="stmt"/>
      <line num="24" count="12" type="stmt"/>
      <line num="25" count="0" type="stmt"/>
      <line num="28" count="0" type="stmt"/>
      <line num="31" count="0" type="stmt"/>
      <line num="32" count="0" type="stmt"/>
      <line num="36" count="12" type="stmt"/>
      <line num="37" count="12" type="stmt"/>
      <line num="38" count="2" type="stmt"/>
      <line num="39" count="2" type="stmt"/>
      <line num="40" count="2" type="stmt"/>
      <line num="41" count="2" type="stmt"/>
      <line num="44" count="1" type="stmt"/>
      <line num="47" count="1" type="stmt"/>
      <line num="48" count="1" type="stmt"/>
    </file>
    <file name="moodFunctionality.js" path="/Users/shanqing/Documents/CSE110/cse110-sp21-group22/source/scripts/moodFunctionality.js">
      <metrics statements="85" coveredstatements="79" conditionals="18" coveredconditionals="14" methods="16" coveredmethods="16"/>
      <line num="1" count="5" type="stmt"/>
      <line num="2" count="5" type="stmt"/>
      <line num="3" count="5" type="stmt"/>
      <line num="4" count="5" type="stmt"/>
      <line num="5" count="5" type="stmt"/>
      <line num="6" count="5" type="stmt"/>
      <line num="8" count="5" type="stmt"/>
      <line num="11" count="5" type="stmt"/>
      <line num="17" count="5" type="stmt"/>
      <line num="18" count="5" type="stmt"/>
      <line num="19" count="5" type="stmt"/>
      <line num="27" count="5" type="stmt"/>
      <line num="28" count="155" type="stmt"/>
      <line num="29" count="155" type="stmt"/>
      <line num="30" count="155" type="stmt"/>
      <line num="31" count="155" type="stmt"/>
      <line num="39" count="5" type="stmt"/>
      <line num="40" count="5" type="cond" truecount="1" falsecount="1"/>
      <line num="41" count="5" type="stmt"/>
      <line num="48" count="5" type="stmt"/>
      <line num="50" count="60" type="stmt"/>
      <line num="51" count="60" type="stmt"/>
      <line num="52" count="60" type="stmt"/>
      <line num="54" count="60" type="stmt"/>
      <line num="55" count="60" type="stmt"/>
      <line num="56" count="1825" type="stmt"/>
      <line num="57" count="1825" type="stmt"/>
      <line num="58" count="1825" type="stmt"/>
      <line num="59" count="1825" type="stmt"/>
      <line num="61" count="0" type="stmt"/>
      <line num="63" count="1825" type="cond" truecount="4" falsecount="0"/>
      <line num="64" count="5" type="stmt"/>
      <line num="66" count="1825" type="stmt"/>
      <line num="67" count="1825" type="stmt"/>
      <line num="68" count="1825" type="stmt"/>
      <line num="69" count="1825" type="stmt"/>
      <line num="70" count="1825" type="stmt"/>
      <line num="71" count="1825" type="stmt"/>
      <line num="73" count="60" type="stmt"/>
      <line num="75" count="5" type="stmt"/>
      <line num="76" count="5" type="stmt"/>
      <line num="89" count="60" type="cond" truecount="3" falsecount="1"/>
      <line num="90" count="0" type="stmt"/>
      <line num="91" count="0" type="stmt"/>
      <line num="92" count="0" type="stmt"/>
      <line num="93" count="0" type="stmt"/>
      <line num="94" count="0" type="stmt"/>
      <line num="97" count="60" type="stmt"/>
      <line num="98" count="35" type="stmt"/>
      <line num="99" count="35" type="stmt"/>
      <line num="107" count="40" type="stmt"/>
      <line num="108" count="40" type="stmt"/>
      <line num="109" count="40" type="stmt"/>
      <line num="116" count="5" type="stmt"/>
      <line num="118" count="5" type="stmt"/>
      <line num="119" count="1825" type="stmt"/>
      <line num="120" count="1825" type="cond" truecount="2" falsecount="0"/>
      <line num="121" count="5" type="stmt"/>
      <line num="122" count="5" type="stmt"/>
      <line num="128" count="5" type="stmt"/>
      <line num="129" count="2" type="stmt"/>
      <line num="130" count="2" type="stmt"/>
      <line num="134" count="5" type="stmt"/>
      <line num="135" count="2" type="stmt"/>
      <line num="136" count="2" type="stmt"/>
      <line num="140" count="5" type="stmt"/>
      <line num="141" count="2" type="stmt"/>
      <line num="142" count="2" type="stmt"/>
      <line num="146" count="5" type="stmt"/>
      <line num="147" count="2" type="stmt"/>
      <line num="148" count="2" type="stmt"/>
      <line num="152" count="5" type="stmt"/>
      <line num="153" count="2" type="stmt"/>
      <line num="154" count="2" type="stmt"/>
      <line num="162" count="10" type="stmt"/>
      <line num="163" count="10" type="stmt"/>
      <line num="166" count="5" type="stmt"/>
      <line num="167" count="5" type="cond" truecount="1" falsecount="1"/>
      <line num="168" count="5" type="stmt"/>
      <line num="173" count="17" type="cond" truecount="1" falsecount="1"/>
      <line num="174" count="17" type="stmt"/>
      <line num="175" count="272" type="cond" truecount="2" falsecount="0"/>
      <line num="176" count="255" type="stmt"/>
      <line num="177" count="255" type="stmt"/>
      <line num="178" count="255" type="stmt"/>
    </file>
    <file name="reset.js" path="/Users/shanqing/Documents/CSE110/cse110-sp21-group22/source/scripts/reset.js">
      <metrics statements="11" coveredstatements="11" conditionals="0" coveredconditionals="0" methods="4" coveredmethods="4"/>
      <line num="1" count="1" type="stmt"/>
      <line num="2" count="1" type="stmt"/>
      <line num="3" count="3" type="stmt"/>
      <line num="4" count="3" type="stmt"/>
      <line num="5" count="3" type="stmt"/>
      <line num="8" count="1" type="stmt"/>
      <line num="9" count="1" type="stmt"/>
      <line num="11" count="1" type="stmt"/>
      <line num="12" count="1" type="stmt"/>
      <line num="16" count="2" type="stmt"/>
      <line num="17" count="2" type="stmt"/>
    </file>
    <file name="router.js" path="/Users/shanqing/Documents/CSE110/cse110-sp21-group22/source/scripts/router.js">
      <metrics statements="144" coveredstatements="141" conditionals="21" coveredconditionals="16" methods="26" coveredmethods="25"/>
      <line num="1" count="15" type="stmt"/>
      <line num="2" count="15" type="stmt"/>
      <line num="3" count="15" type="stmt"/>
      <line num="4" count="15" type="stmt"/>
      <line num="5" count="15" type="stmt"/>
      <line num="6" count="15" type="stmt"/>
      <line num="9" count="15" type="stmt"/>
      <line num="10" count="15" type="stmt"/>
      <line num="11" count="15" type="stmt"/>
      <line num="12" count="15" type="stmt"/>
      <line num="13" count="15" type="stmt"/>
      <line num="14" count="15" type="stmt"/>
      <line num="15" count="15" type="stmt"/>
      <line num="16" count="15" type="stmt"/>
      <line num="17" count="15" type="stmt"/>
      <line num="18" count="15" type="stmt"/>
      <line num="19" count="15" type="stmt"/>
      <line num="20" count="15" type="stmt"/>
      <line num="21" count="15" type="stmt"/>
      <line num="22" count="15" type="stmt"/>
      <line num="23" count="15" type="stmt"/>
      <line num="24" count="15" type="stmt"/>
      <line num="25" count="15" type="stmt"/>
      <line num="26" count="15" type="stmt"/>
      <line num="27" count="15" type="stmt"/>
      <line num="28" count="15" type="stmt"/>
      <line num="43" count="15" type="stmt"/>
      <line num="58" count="15" type="stmt"/>
      <line num="59" count="15" type="stmt"/>
      <line num="60" count="15" type="stmt"/>
      <line num="61" count="15" type="stmt"/>
      <line num="62" count="15" type="stmt"/>
      <line num="63" count="15" type="stmt"/>
      <line num="64" count="15" type="stmt"/>
      <line num="65" count="15" type="stmt"/>
      <line num="66" count="15" type="stmt"/>
      <line num="67" count="15" type="stmt"/>
      <line num="68" count="15" type="stmt"/>
      <line num="69" count="15" type="stmt"/>
      <line num="70" count="15" type="stmt"/>
      <line num="71" count="15" type="stmt"/>
      <line num="73" count="15" type="stmt"/>
      <line num="74" count="15" type="stmt"/>
      <line num="81" count="15" type="stmt"/>
      <line num="82" count="60" type="stmt"/>
      <line num="83" count="60" type="stmt"/>
      <line num="89" count="15" type="stmt"/>
      <line num="90" count="15" type="stmt"/>
      <line num="91" count="15" type="stmt"/>
      <line num="92" count="15" type="stmt"/>
      <line num="93" count="15" type="stmt"/>
      <line num="101" count="15" type="stmt"/>
      <line num="102" count="15" type="stmt"/>
      <line num="103" count="15" type="stmt"/>
      <line num="104" count="4" type="stmt"/>
      <line num="105" count="4" type="stmt"/>
      <line num="106" count="4" type="stmt"/>
      <line num="107" count="4" type="stmt"/>
      <line num="108" count="4" type="stmt"/>
      <line num="109" count="4" type="stmt"/>
      <line num="110" count="4" type="stmt"/>
      <line num="115" count="15" type="stmt"/>
      <line num="116" count="6" type="stmt"/>
      <line num="117" count="6" type="stmt"/>
      <line num="118" count="6" type="stmt"/>
      <line num="119" count="6" type="stmt"/>
      <line num="124" count="15" type="stmt"/>
      <line num="125" count="5" type="stmt"/>
      <line num="126" count="5" type="stmt"/>
      <line num="127" count="5" type="stmt"/>
      <line num="128" count="5" type="stmt"/>
      <line num="133" count="15" type="stmt"/>
      <line num="134" count="9" type="stmt"/>
      <line num="135" count="9" type="stmt"/>
      <line num="136" count="9" type="stmt"/>
      <line num="137" count="9" type="stmt"/>
      <line num="138" count="9" type="stmt"/>
      <line num="139" count="9" type="stmt"/>
      <line num="152" count="61" type="stmt"/>
      <line num="153" count="61" type="stmt"/>
      <line num="154" count="61" type="stmt"/>
      <line num="155" count="61" type="stmt"/>
      <line num="156" count="61" type="stmt"/>
      <line num="157" count="61" type="stmt"/>
      <line num="164" count="24" type="stmt"/>
      <line num="165" count="24" type="stmt"/>
      <line num="166" count="24" type="stmt"/>
      <line num="167" count="36" type="stmt"/>
      <line num="176" count="38" type="stmt"/>
      <line num="177" count="38" type="stmt"/>
      <line num="178" count="38" type="stmt"/>
      <line num="179" count="38" type="cond" truecount="2" falsecount="0"/>
      <line num="180" count="20" type="stmt"/>
      <line num="189" count="14" type="cond" truecount="2" falsecount="0"/>
      <line num="190" count="5" type="stmt"/>
      <line num="194" count="9" type="stmt"/>
      <line num="199" count="15" type="stmt"/>
      <line num="200" count="18" type="cond" truecount="2" falsecount="0"/>
      <line num="201" count="15" type="stmt"/>
      <line num="206" count="16" type="stmt"/>
      <line num="207" count="16" type="stmt"/>
      <line num="208" count="15" type="stmt"/>
      <line num="209" count="15" type="stmt"/>
      <line num="210" count="15" type="stmt"/>
      <line num="214" count="16" type="stmt"/>
      <line num="215" count="16" type="cond" truecount="2" falsecount="0"/>
      <line num="216" count="15" type="stmt"/>
      <line num="217" count="15" type="stmt"/>
      <line num="218" count="15" type="stmt"/>
      <line num="225" count="15" type="stmt"/>
      <line num="226" count="18" type="cond" truecount="2" falsecount="0"/>
      <line num="227" count="15" type="stmt"/>
      <line num="232" count="17" type="stmt"/>
      <line num="233" count="17" type="stmt"/>
      <line num="234" count="16" type="stmt"/>
      <line num="235" count="16" type="stmt"/>
      <line num="236" count="16" type="stmt"/>
      <line num="245" count="15" type="cond" truecount="1" falsecount="1"/>
      <line num="246" count="15" type="stmt"/>
      <line num="247" count="15" type="stmt"/>
      <line num="252" count="15" type="stmt"/>
      <line num="253" count="15" type="stmt"/>
      <line num="256" count="15" type="cond" truecount="1" falsecount="1"/>
      <line num="257" count="15" type="stmt"/>
      <line num="258" count="15" type="stmt"/>
      <line num="261" count="15" type="stmt"/>
      <line num="262" count="15" type="stmt"/>
      <line num="265" count="0" type="stmt"/>
      <line num="267" count="0" type="stmt"/>
      <line num="274" count="15" type="stmt"/>
      <line num="275" count="1" type="stmt"/>
      <line num="278" count="15" type="stmt"/>
      <line num="279" count="15" type="stmt"/>
      <line num="280" count="15" type="stmt"/>
      <line num="281" count="15" type="stmt"/>
      <line num="282" count="15" type="stmt"/>
      <line num="283" count="15" type="stmt"/>
      <line num="284" count="15" type="stmt"/>
      <line num="285" count="14" type="stmt"/>
      <line num="294" count="15" type="stmt"/>
      <line num="295" count="18" type="cond" truecount="2" falsecount="0"/>
      <line num="296" count="15" type="stmt"/>
      <line num="302" count="15" type="cond" truecount="2" falsecount="3"/>
      <line num="303" count="0" type="stmt"/>
    </file>
    <file name="settings.js" path="/Users/shanqing/Documents/CSE110/cse110-sp21-group22/source/scripts/settings.js">
      <metrics statements="41" coveredstatements="41" conditionals="14" coveredconditionals="11" methods="10" coveredmethods="10"/>
      <line num="1" count="9" type="stmt"/>
      <line num="2" count="9" type="stmt"/>
      <line num="3" count="9" type="stmt"/>
      <line num="6" count="9" type="stmt"/>
      <line num="7" count="1" type="stmt"/>
      <line num="11" count="9" type="stmt"/>
      <line num="12" count="1" type="stmt"/>
      <line num="16" count="9" type="stmt"/>
      <line num="17" count="1" type="stmt"/>
      <line num="21" count="9" type="stmt"/>
      <line num="22" count="11" type="stmt"/>
      <line num="23" count="11" type="cond" truecount="2" falsecount="0"/>
      <line num="24" count="3" type="stmt"/>
      <line num="26" count="3" type="stmt"/>
      <line num="31" count="8" type="stmt"/>
      <line num="33" count="8" type="stmt"/>
      <line num="38" count="11" type="stmt"/>
      <line num="40" count="11" type="stmt"/>
      <line num="41" count="11" type="stmt"/>
      <line num="50" count="11" type="stmt"/>
      <line num="51" count="11" type="stmt"/>
      <line num="52" count="11" type="stmt"/>
      <line num="53" count="11" type="stmt"/>
      <line num="54" count="11" type="cond" truecount="2" falsecount="0"/>
      <line num="55" count="11" type="cond" truecount="2" falsecount="0"/>
      <line num="56" count="11" type="stmt"/>
      <line num="72" count="3" type="stmt"/>
      <line num="79" count="11" type="stmt"/>
      <line num="80" count="12" type="cond" truecount="2" falsecount="0"/>
      <line num="81" count="8" type="stmt"/>
      <line num="82" count="8" type="stmt"/>
      <line num="83" count="8" type="stmt"/>
      <line num="84" count="8" type="stmt"/>
      <line num="86" count="8" type="stmt"/>
      <line num="92" count="8" type="stmt"/>
      <line num="101" count="9" type="stmt"/>
      <line num="102" count="7" type="stmt"/>
      <line num="106" count="9" type="stmt"/>
      <line num="109" count="9" type="stmt"/>
      <line num="110" count="9" type="stmt"/>
      <line num="113" count="9" type="stmt"/>
    </file>
    <file name="signup.js" path="/Users/shanqing/Documents/CSE110/cse110-sp21-group22/source/scripts/signup.js">
      <metrics statements="25" coveredstatements="19" conditionals="2" coveredconditionals="2" methods="7" coveredmethods="3"/>
      <line num="2" count="2" type="stmt"/>
      <line num="3" count="3" type="cond" truecount="2" falsecount="0"/>
      <line num="4" count="2" type="stmt"/>
      <line num="8" count="2" type="stmt"/>
      <line num="9" count="2" type="stmt"/>
      <line num="10" count="2" type="stmt"/>
      <line num="11" count="0" type="stmt"/>
      <line num="12" count="0" type="stmt"/>
      <line num="13" count="0" type="stmt"/>
      <line num="17" count="2" type="stmt"/>
      <line num="18" count="2" type="stmt"/>
      <line num="19" count="2" type="stmt"/>
      <line num="20" count="0" type="stmt"/>
      <line num="21" count="0" type="stmt"/>
      <line num="22" count="0" type="stmt"/>
      <line num="26" count="2" type="stmt"/>
      <line num="27" count="2" type="stmt"/>
      <line num="28" count="2" type="stmt"/>
      <line num="29" count="2" type="stmt"/>
      <line num="30" count="2" type="stmt"/>
      <line num="31" count="2" type="stmt"/>
      <line num="32" count="2" type="stmt"/>
      <line num="33" count="2" type="stmt"/>
      <line num="34" count="1" type="stmt"/>
      <line num="35" count="1" type="stmt"/>
    </file>
    <file name="sw.js" path="/Users/shanqing/Documents/CSE110/cse110-sp21-group22/source/scripts/sw.js">
      <metrics statements="8" coveredstatements="4" conditionals="2" coveredconditionals="0" methods="4" coveredmethods="0"/>
      <line num="1" count="15" type="stmt"/>
      <line num="2" count="15" type="stmt"/>
      <line num="41" count="15" type="stmt"/>
      <line num="42" count="0" type="stmt"/>
      <line num="44" count="0" type="stmt"/>
      <line num="50" count="15" type="stmt"/>
      <line num="51" count="0" type="stmt"/>
      <line num="53" count="0" type="cond" truecount="0" falsecount="2"/>
    </file>
  </project>
</coverage>
