{"/home/rwake/Documents/school/cs110/cse110-sp21-group22/source/scripts/app.js": {"path":"/home/rwake/Documents/school/cs110/cse110-sp21-group22/source/scripts/app.js","statementMap":{"0":{"start":{"line":2,"column":0},"end":{"line":6,"column":3}},"1":{"start":{"line":3,"column":2},"end":{"line":5,"column":3}},"2":{"start":{"line":4,"column":4},"end":{"line":4,"column":28}},"3":{"start":{"line":12,"column":2},"end":{"line":12,"column":61}},"4":{"start":{"line":13,"column":2},"end":{"line":13,"column":61}},"5":{"start":{"line":20,"column":2},"end":{"line":20,"column":64}},"6":{"start":{"line":21,"column":2},"end":{"line":21,"column":58}},"7":{"start":{"line":28,"column":2},"end":{"line":28,"column":63}},"8":{"start":{"line":36,"column":2},"end":{"line":38,"column":4}},"9":{"start":{"line":39,"column":2},"end":{"line":43,"column":3}},"10":{"start":{"line":40,"column":4},"end":{"line":40,"column":54}},"11":{"start":{"line":42,"column":4},"end":{"line":42,"column":54}},"12":{"start":{"line":52,"column":2},"end":{"line":54,"column":3}},"13":{"start":{"line":53,"column":4},"end":{"line":53,"column":11}},"14":{"start":{"line":57,"column":12},"end":{"line":57,"column":31}},"15":{"start":{"line":59,"column":2},"end":{"line":59,"column":13}},"16":{"start":{"line":60,"column":2},"end":{"line":60,"column":13}},"17":{"start":{"line":61,"column":2},"end":{"line":61,"column":13}},"18":{"start":{"line":64,"column":2},"end":{"line":64,"column":71}},"19":{"start":{"line":67,"column":2},"end":{"line":71,"column":3}},"20":{"start":{"line":68,"column":4},"end":{"line":68,"column":19}},"21":{"start":{"line":70,"column":4},"end":{"line":70,"column":18}},"22":{"start":{"line":80,"column":2},"end":{"line":87,"column":4}},"23":{"start":{"line":97,"column":2},"end":{"line":97,"column":32}},"24":{"start":{"line":112,"column":4},"end":{"line":112,"column":17}},"25":{"start":{"line":113,"column":4},"end":{"line":113,"column":21}},"26":{"start":{"line":114,"column":4},"end":{"line":114,"column":23}},"27":{"start":{"line":115,"column":4},"end":{"line":115,"column":21}},"28":{"start":{"line":116,"column":4},"end":{"line":116,"column":31}},"29":{"start":{"line":117,"column":4},"end":{"line":117,"column":23}},"30":{"start":{"line":125,"column":4},"end":{"line":140,"column":7}},"31":{"start":{"line":126,"column":6},"end":{"line":139,"column":7}},"32":{"start":{"line":127,"column":23},"end":{"line":127,"column":56}},"33":{"start":{"line":128,"column":8},"end":{"line":138,"column":13}},"34":{"start":{"line":148,"column":4},"end":{"line":162,"column":7}},"35":{"start":{"line":149,"column":6},"end":{"line":161,"column":7}},"36":{"start":{"line":150,"column":23},"end":{"line":150,"column":56}},"37":{"start":{"line":151,"column":8},"end":{"line":160,"column":13}},"38":{"start":{"line":176,"column":4},"end":{"line":176,"column":17}},"39":{"start":{"line":177,"column":4},"end":{"line":177,"column":21}},"40":{"start":{"line":178,"column":4},"end":{"line":178,"column":23}},"41":{"start":{"line":179,"column":4},"end":{"line":179,"column":19}},"42":{"start":{"line":186,"column":4},"end":{"line":200,"column":7}},"43":{"start":{"line":187,"column":6},"end":{"line":199,"column":7}},"44":{"start":{"line":188,"column":8},"end":{"line":198,"column":13}},"45":{"start":{"line":207,"column":4},"end":{"line":220,"column":7}},"46":{"start":{"line":208,"column":6},"end":{"line":219,"column":7}},"47":{"start":{"line":209,"column":8},"end":{"line":218,"column":13}},"48":{"start":{"line":225,"column":20},"end":{"line":249,"column":1}},"49":{"start":{"line":227,"column":19},"end":{"line":227,"column":52}},"50":{"start":{"line":228,"column":4},"end":{"line":236,"column":6}},"51":{"start":{"line":239,"column":17},"end":{"line":239,"column":39}},"52":{"start":{"line":240,"column":4},"end":{"line":247,"column":6}},"53":{"start":{"line":252,"column":24},"end":{"line":265,"column":1}},"54":{"start":{"line":254,"column":4},"end":{"line":259,"column":6}},"55":{"start":{"line":262,"column":17},"end":{"line":262,"column":39}},"56":{"start":{"line":263,"column":4},"end":{"line":263,"column":73}}},"fnMap":{"0":{"name":"(anonymous_0)","decl":{"start":{"line":2,"column":24},"end":{"line":2,"column":25}},"loc":{"start":{"line":2,"column":34},"end":{"line":6,"column":1}},"line":2},"1":{"name":"PageLoaded","decl":{"start":{"line":11,"column":9},"end":{"line":11,"column":19}},"loc":{"start":{"line":11,"column":22},"end":{"line":14,"column":1}},"line":11},"2":{"name":"PageUnloaded","decl":{"start":{"line":19,"column":9},"end":{"line":19,"column":21}},"loc":{"start":{"line":19,"column":24},"end":{"line":22,"column":1}},"line":19},"3":{"name":"NavbarLoaded","decl":{"start":{"line":27,"column":9},"end":{"line":27,"column":21}},"loc":{"start":{"line":27,"column":24},"end":{"line":29,"column":1}},"line":27},"4":{"name":"setTextColor","decl":{"start":{"line":35,"column":9},"end":{"line":35,"column":21}},"loc":{"start":{"line":35,"column":26},"end":{"line":44,"column":1}},"line":35},"5":{"name":"lightOrDark","decl":{"start":{"line":51,"column":9},"end":{"line":51,"column":20}},"loc":{"start":{"line":51,"column":28},"end":{"line":72,"column":1}},"line":51},"6":{"name":"daysIntoYear","decl":{"start":{"line":79,"column":9},"end":{"line":79,"column":21}},"loc":{"start":{"line":79,"column":28},"end":{"line":88,"column":1}},"line":79},"7":{"name":"doyToDate","decl":{"start":{"line":96,"column":9},"end":{"line":96,"column":18}},"loc":{"start":{"line":96,"column":30},"end":{"line":98,"column":1}},"line":96},"8":{"name":"(anonymous_8)","decl":{"start":{"line":111,"column":2},"end":{"line":111,"column":3}},"loc":{"start":{"line":111,"column":55},"end":{"line":118,"column":3}},"line":111},"9":{"name":"(anonymous_9)","decl":{"start":{"line":124,"column":2},"end":{"line":124,"column":3}},"loc":{"start":{"line":124,"column":21},"end":{"line":141,"column":3}},"line":124},"10":{"name":"(anonymous_10)","decl":{"start":{"line":125,"column":28},"end":{"line":125,"column":29}},"loc":{"start":{"line":125,"column":38},"end":{"line":140,"column":5}},"line":125},"11":{"name":"(anonymous_11)","decl":{"start":{"line":136,"column":17},"end":{"line":136,"column":18}},"loc":{"start":{"line":136,"column":26},"end":{"line":138,"column":11}},"line":136},"12":{"name":"(anonymous_12)","decl":{"start":{"line":147,"column":2},"end":{"line":147,"column":3}},"loc":{"start":{"line":147,"column":23},"end":{"line":163,"column":3}},"line":147},"13":{"name":"(anonymous_13)","decl":{"start":{"line":148,"column":28},"end":{"line":148,"column":29}},"loc":{"start":{"line":148,"column":38},"end":{"line":162,"column":5}},"line":148},"14":{"name":"(anonymous_14)","decl":{"start":{"line":158,"column":17},"end":{"line":158,"column":18}},"loc":{"start":{"line":158,"column":26},"end":{"line":160,"column":11}},"line":158},"15":{"name":"(anonymous_15)","decl":{"start":{"line":175,"column":2},"end":{"line":175,"column":3}},"loc":{"start":{"line":175,"column":36},"end":{"line":180,"column":3}},"line":175},"16":{"name":"(anonymous_16)","decl":{"start":{"line":185,"column":2},"end":{"line":185,"column":3}},"loc":{"start":{"line":185,"column":9},"end":{"line":201,"column":3}},"line":185},"17":{"name":"(anonymous_17)","decl":{"start":{"line":186,"column":28},"end":{"line":186,"column":29}},"loc":{"start":{"line":186,"column":38},"end":{"line":200,"column":5}},"line":186},"18":{"name":"(anonymous_18)","decl":{"start":{"line":196,"column":17},"end":{"line":196,"column":18}},"loc":{"start":{"line":196,"column":26},"end":{"line":198,"column":11}},"line":196},"19":{"name":"(anonymous_19)","decl":{"start":{"line":206,"column":2},"end":{"line":206,"column":3}},"loc":{"start":{"line":206,"column":11},"end":{"line":221,"column":3}},"line":206},"20":{"name":"(anonymous_20)","decl":{"start":{"line":207,"column":28},"end":{"line":207,"column":29}},"loc":{"start":{"line":207,"column":38},"end":{"line":220,"column":5}},"line":207},"21":{"name":"(anonymous_21)","decl":{"start":{"line":216,"column":17},"end":{"line":216,"column":18}},"loc":{"start":{"line":216,"column":26},"end":{"line":218,"column":11}},"line":216},"22":{"name":"(anonymous_22)","decl":{"start":{"line":226,"column":15},"end":{"line":226,"column":16}},"loc":{"start":{"line":226,"column":31},"end":{"line":237,"column":3}},"line":226},"23":{"name":"(anonymous_23)","decl":{"start":{"line":238,"column":17},"end":{"line":238,"column":18}},"loc":{"start":{"line":238,"column":46},"end":{"line":248,"column":3}},"line":238},"24":{"name":"(anonymous_24)","decl":{"start":{"line":253,"column":15},"end":{"line":253,"column":16}},"loc":{"start":{"line":253,"column":35},"end":{"line":260,"column":3}},"line":253},"25":{"name":"(anonymous_25)","decl":{"start":{"line":261,"column":17},"end":{"line":261,"column":18}},"loc":{"start":{"line":261,"column":46},"end":{"line":264,"column":3}},"line":261}},"branchMap":{"0":{"loc":{"start":{"line":3,"column":2},"end":{"line":5,"column":3}},"type":"if","locations":[{"start":{"line":3,"column":2},"end":{"line":5,"column":3}},{"start":{"line":3,"column":2},"end":{"line":5,"column":3}}],"line":3},"1":{"loc":{"start":{"line":39,"column":2},"end":{"line":43,"column":3}},"type":"if","locations":[{"start":{"line":39,"column":2},"end":{"line":43,"column":3}},{"start":{"line":39,"column":2},"end":{"line":43,"column":3}}],"line":39},"2":{"loc":{"start":{"line":52,"column":2},"end":{"line":54,"column":3}},"type":"if","locations":[{"start":{"line":52,"column":2},"end":{"line":54,"column":3}},{"start":{"line":52,"column":2},"end":{"line":54,"column":3}}],"line":52},"3":{"loc":{"start":{"line":67,"column":2},"end":{"line":71,"column":3}},"type":"if","locations":[{"start":{"line":67,"column":2},"end":{"line":71,"column":3}},{"start":{"line":67,"column":2},"end":{"line":71,"column":3}}],"line":67},"4":{"loc":{"start":{"line":126,"column":6},"end":{"line":139,"column":7}},"type":"if","locations":[{"start":{"line":126,"column":6},"end":{"line":139,"column":7}},{"start":{"line":126,"column":6},"end":{"line":139,"column":7}}],"line":126},"5":{"loc":{"start":{"line":149,"column":6},"end":{"line":161,"column":7}},"type":"if","locations":[{"start":{"line":149,"column":6},"end":{"line":161,"column":7}},{"start":{"line":149,"column":6},"end":{"line":161,"column":7}}],"line":149},"6":{"loc":{"start":{"line":187,"column":6},"end":{"line":199,"column":7}},"type":"if","locations":[{"start":{"line":187,"column":6},"end":{"line":199,"column":7}},{"start":{"line":187,"column":6},"end":{"line":199,"column":7}}],"line":187},"7":{"loc":{"start":{"line":208,"column":6},"end":{"line":219,"column":7}},"type":"if","locations":[{"start":{"line":208,"column":6},"end":{"line":219,"column":7}},{"start":{"line":208,"column":6},"end":{"line":219,"column":7}}],"line":208}},"s":{"0":37,"1":44,"2":9,"3":83,"4":83,"5":57,"6":57,"7":37,"8":308,"9":308,"10":17,"11":291,"12":330,"13":109,"14":221,"15":221,"16":221,"17":221,"18":221,"19":221,"20":23,"21":198,"22":968,"23":123,"24":107,"25":107,"26":107,"27":107,"28":107,"29":107,"30":74,"31":74,"32":74,"33":74,"34":4,"35":4,"36":4,"37":4,"38":141,"39":141,"40":141,"41":141,"42":40,"43":40,"44":40,"45":4,"46":4,"47":4,"48":37,"49":74,"50":74,"51":29,"52":29,"53":37,"54":40,"55":97,"56":97},"f":{"0":44,"1":83,"2":57,"3":37,"4":308,"5":330,"6":968,"7":123,"8":107,"9":74,"10":74,"11":0,"12":4,"13":4,"14":0,"15":141,"16":40,"17":40,"18":0,"19":4,"20":4,"21":0,"22":74,"23":29,"24":40,"25":97},"b":{"0":[9,35],"1":[17,291],"2":[109,221],"3":[23,198],"4":[74,0],"5":[4,0],"6":[40,0],"7":[4,0]},"_coverageSchema":"1a1c01bbd47fc00a2c39e90264f33305004495a9","hash":"ffe16bd23dc76c6a4c44f3e07eafdd821a43a996"}
,"/home/rwake/Documents/school/cs110/cse110-sp21-group22/source/scripts/calendar.js": {"path":"/home/rwake/Documents/school/cs110/cse110-sp21-group22/source/scripts/calendar.js","statementMap":{"0":{"start":{"line":1,"column":0},"end":{"line":1,"column":26}},"1":{"start":{"line":2,"column":0},"end":{"line":2,"column":40}},"2":{"start":{"line":3,"column":0},"end":{"line":3,"column":60}},"3":{"start":{"line":5,"column":0},"end":{"line":5,"column":31}},"4":{"start":{"line":6,"column":0},"end":{"line":6,"column":31}},"5":{"start":{"line":8,"column":0},"end":{"line":26,"column":3}},"6":{"start":{"line":9,"column":2},"end":{"line":25,"column":3}},"7":{"start":{"line":10,"column":4},"end":{"line":24,"column":9}},"8":{"start":{"line":15,"column":8},"end":{"line":23,"column":9}},"9":{"start":{"line":16,"column":31},"end":{"line":16,"column":65}},"10":{"start":{"line":17,"column":29},"end":{"line":17,"column":61}},"11":{"start":{"line":18,"column":10},"end":{"line":18,"column":65}},"12":{"start":{"line":19,"column":10},"end":{"line":19,"column":63}},"13":{"start":{"line":20,"column":10},"end":{"line":20,"column":26}},"14":{"start":{"line":36,"column":14},"end":{"line":36,"column":38}},"15":{"start":{"line":37,"column":18},"end":{"line":37,"column":29}},"16":{"start":{"line":38,"column":14},"end":{"line":38,"column":45}},"17":{"start":{"line":39,"column":17},"end":{"line":39,"column":44}},"18":{"start":{"line":40,"column":2},"end":{"line":40,"column":40}},"19":{"start":{"line":41,"column":2},"end":{"line":41,"column":27}},"20":{"start":{"line":50,"column":16},"end":{"line":50,"column":43}},"21":{"start":{"line":51,"column":2},"end":{"line":53,"column":3}},"22":{"start":{"line":52,"column":4},"end":{"line":52,"column":16}},"23":{"start":{"line":54,"column":2},"end":{"line":64,"column":3}},"24":{"start":{"line":55,"column":4},"end":{"line":55,"column":42}},"25":{"start":{"line":56,"column":9},"end":{"line":64,"column":3}},"26":{"start":{"line":57,"column":4},"end":{"line":57,"column":45}},"27":{"start":{"line":58,"column":9},"end":{"line":64,"column":3}},"28":{"start":{"line":59,"column":4},"end":{"line":59,"column":43}},"29":{"start":{"line":60,"column":9},"end":{"line":64,"column":3}},"30":{"start":{"line":61,"column":4},"end":{"line":61,"column":45}},"31":{"start":{"line":63,"column":4},"end":{"line":63,"column":46}},"32":{"start":{"line":65,"column":2},"end":{"line":65,"column":36}},"33":{"start":{"line":74,"column":23},"end":{"line":74,"column":37}},"34":{"start":{"line":75,"column":21},"end":{"line":75,"column":33}},"35":{"start":{"line":76,"column":2},"end":{"line":86,"column":5}},"36":{"start":{"line":77,"column":4},"end":{"line":77,"column":15}},"37":{"start":{"line":78,"column":15},"end":{"line":78,"column":39}},"38":{"start":{"line":79,"column":21},"end":{"line":81,"column":5}},"39":{"start":{"line":82,"column":19},"end":{"line":82,"column":52}},"40":{"start":{"line":83,"column":19},"end":{"line":83,"column":70}},"41":{"start":{"line":84,"column":4},"end":{"line":84,"column":20}},"42":{"start":{"line":85,"column":4},"end":{"line":85,"column":42}},"43":{"start":{"line":87,"column":2},"end":{"line":97,"column":5}},"44":{"start":{"line":88,"column":4},"end":{"line":88,"column":15}},"45":{"start":{"line":89,"column":15},"end":{"line":89,"column":39}},"46":{"start":{"line":90,"column":19},"end":{"line":92,"column":5}},"47":{"start":{"line":93,"column":21},"end":{"line":93,"column":56}},"48":{"start":{"line":94,"column":19},"end":{"line":94,"column":70}},"49":{"start":{"line":95,"column":4},"end":{"line":95,"column":20}},"50":{"start":{"line":96,"column":4},"end":{"line":96,"column":38}},"51":{"start":{"line":105,"column":19},"end":{"line":107,"column":3}},"52":{"start":{"line":108,"column":17},"end":{"line":108,"column":78}},"53":{"start":{"line":109,"column":2},"end":{"line":116,"column":3}},"54":{"start":{"line":114,"column":21},"end":{"line":114,"column":51}},"55":{"start":{"line":115,"column":4},"end":{"line":115,"column":41}},"56":{"start":{"line":125,"column":2},"end":{"line":129,"column":5}},"57":{"start":{"line":126,"column":13},"end":{"line":126,"column":39}},"58":{"start":{"line":127,"column":19},"end":{"line":127,"column":52}},"59":{"start":{"line":128,"column":4},"end":{"line":128,"column":22}},"60":{"start":{"line":136,"column":23},"end":{"line":136,"column":62}},"61":{"start":{"line":137,"column":21},"end":{"line":137,"column":60}},"62":{"start":{"line":138,"column":2},"end":{"line":146,"column":5}},"63":{"start":{"line":139,"column":4},"end":{"line":145,"column":5}},"64":{"start":{"line":140,"column":6},"end":{"line":144,"column":77}},"65":{"start":{"line":147,"column":2},"end":{"line":155,"column":3}},"66":{"start":{"line":148,"column":19},"end":{"line":151,"column":5}},"67":{"start":{"line":152,"column":15},"end":{"line":152,"column":60}},"68":{"start":{"line":153,"column":4},"end":{"line":153,"column":42}},"69":{"start":{"line":154,"column":4},"end":{"line":154,"column":26}},"70":{"start":{"line":158,"column":0},"end":{"line":162,"column":5}},"71":{"start":{"line":161,"column":4},"end":{"line":161,"column":20}},"72":{"start":{"line":164,"column":0},"end":{"line":168,"column":5}},"73":{"start":{"line":167,"column":4},"end":{"line":167,"column":20}},"74":{"start":{"line":175,"column":17},"end":{"line":175,"column":63}},"75":{"start":{"line":176,"column":11},"end":{"line":176,"column":22}},"76":{"start":{"line":177,"column":13},"end":{"line":177,"column":26}},"77":{"start":{"line":178,"column":14},"end":{"line":178,"column":38}},"78":{"start":{"line":179,"column":12},"end":{"line":179,"column":34}},"79":{"start":{"line":181,"column":27},"end":{"line":181,"column":70}},"80":{"start":{"line":182,"column":23},"end":{"line":182,"column":52}},"81":{"start":{"line":183,"column":2},"end":{"line":183,"column":53}},"82":{"start":{"line":184,"column":2},"end":{"line":184,"column":38}},"83":{"start":{"line":185,"column":2},"end":{"line":185,"column":42}},"84":{"start":{"line":186,"column":2},"end":{"line":186,"column":44}},"85":{"start":{"line":187,"column":2},"end":{"line":187,"column":40}},"86":{"start":{"line":189,"column":16},"end":{"line":189,"column":44}},"87":{"start":{"line":190,"column":2},"end":{"line":190,"column":31}},"88":{"start":{"line":191,"column":2},"end":{"line":191,"column":25}},"89":{"start":{"line":193,"column":14},"end":{"line":193,"column":43}},"90":{"start":{"line":194,"column":2},"end":{"line":194,"column":40}},"91":{"start":{"line":195,"column":22},"end":{"line":195,"column":51}},"92":{"start":{"line":196,"column":2},"end":{"line":196,"column":46}},"93":{"start":{"line":197,"column":2},"end":{"line":197,"column":52}},"94":{"start":{"line":198,"column":2},"end":{"line":198,"column":50}},"95":{"start":{"line":199,"column":2},"end":{"line":199,"column":51}},"96":{"start":{"line":200,"column":2},"end":{"line":200,"column":49}},"97":{"start":{"line":201,"column":2},"end":{"line":201,"column":49}},"98":{"start":{"line":202,"column":2},"end":{"line":202,"column":51}},"99":{"start":{"line":203,"column":2},"end":{"line":203,"column":31}},"100":{"start":{"line":214,"column":25},"end":{"line":214,"column":54}},"101":{"start":{"line":215,"column":2},"end":{"line":215,"column":52}},"102":{"start":{"line":216,"column":22},"end":{"line":216,"column":53}},"103":{"start":{"line":217,"column":2},"end":{"line":217,"column":35}},"104":{"start":{"line":218,"column":22},"end":{"line":218,"column":53}},"105":{"start":{"line":219,"column":2},"end":{"line":219,"column":52}},"106":{"start":{"line":220,"column":2},"end":{"line":220,"column":48}},"107":{"start":{"line":221,"column":2},"end":{"line":221,"column":57}},"108":{"start":{"line":222,"column":2},"end":{"line":222,"column":52}},"109":{"start":{"line":223,"column":2},"end":{"line":223,"column":42}},"110":{"start":{"line":224,"column":2},"end":{"line":224,"column":42}},"111":{"start":{"line":226,"column":20},"end":{"line":226,"column":51}},"112":{"start":{"line":227,"column":2},"end":{"line":227,"column":31}},"113":{"start":{"line":228,"column":20},"end":{"line":228,"column":51}},"114":{"start":{"line":229,"column":2},"end":{"line":229,"column":50}},"115":{"start":{"line":230,"column":2},"end":{"line":230,"column":44}},"116":{"start":{"line":231,"column":2},"end":{"line":231,"column":55}},"117":{"start":{"line":232,"column":2},"end":{"line":232,"column":50}},"118":{"start":{"line":233,"column":2},"end":{"line":233,"column":40}},"119":{"start":{"line":234,"column":2},"end":{"line":234,"column":40}},"120":{"start":{"line":236,"column":21},"end":{"line":236,"column":48}},"121":{"start":{"line":237,"column":2},"end":{"line":237,"column":52}},"122":{"start":{"line":238,"column":2},"end":{"line":238,"column":34}},"123":{"start":{"line":239,"column":2},"end":{"line":239,"column":41}},"124":{"start":{"line":241,"column":2},"end":{"line":241,"column":57}},"125":{"start":{"line":242,"column":2},"end":{"line":242,"column":34}},"126":{"start":{"line":243,"column":2},"end":{"line":243,"column":32}},"127":{"start":{"line":244,"column":2},"end":{"line":244,"column":57}},"128":{"start":{"line":245,"column":2},"end":{"line":245,"column":43}},"129":{"start":{"line":246,"column":2},"end":{"line":246,"column":45}},"130":{"start":{"line":248,"column":2},"end":{"line":248,"column":33}},"131":{"start":{"line":249,"column":2},"end":{"line":249,"column":65}},"132":{"start":{"line":250,"column":2},"end":{"line":250,"column":31}},"133":{"start":{"line":251,"column":2},"end":{"line":251,"column":61}},"134":{"start":{"line":253,"column":17},"end":{"line":253,"column":37}},"135":{"start":{"line":254,"column":2},"end":{"line":254,"column":39}},"136":{"start":{"line":255,"column":2},"end":{"line":255,"column":22}},"137":{"start":{"line":256,"column":2},"end":{"line":256,"column":32}},"138":{"start":{"line":260,"column":0},"end":{"line":291,"column":3}},"139":{"start":{"line":261,"column":2},"end":{"line":290,"column":3}},"140":{"start":{"line":262,"column":4},"end":{"line":289,"column":9}},"141":{"start":{"line":268,"column":22},"end":{"line":268,"column":43}},"142":{"start":{"line":269,"column":31},"end":{"line":269,"column":74}},"143":{"start":{"line":270,"column":8},"end":{"line":288,"column":11}},"144":{"start":{"line":271,"column":10},"end":{"line":287,"column":11}},"145":{"start":{"line":272,"column":12},"end":{"line":276,"column":13}},"146":{"start":{"line":275,"column":14},"end":{"line":275,"column":37}},"147":{"start":{"line":277,"column":17},"end":{"line":287,"column":11}},"148":{"start":{"line":278,"column":27},"end":{"line":280,"column":13}},"149":{"start":{"line":281,"column":12},"end":{"line":286,"column":13}},"150":{"start":{"line":285,"column":14},"end":{"line":285,"column":53}},"151":{"start":{"line":294,"column":0},"end":{"line":298,"column":3}},"152":{"start":{"line":295,"column":2},"end":{"line":295,"column":58}},"153":{"start":{"line":296,"column":2},"end":{"line":296,"column":34}},"154":{"start":{"line":297,"column":2},"end":{"line":297,"column":32}},"155":{"start":{"line":301,"column":0},"end":{"line":303,"column":3}},"156":{"start":{"line":302,"column":2},"end":{"line":302,"column":58}},"157":{"start":{"line":306,"column":0},"end":{"line":314,"column":3}},"158":{"start":{"line":307,"column":11},"end":{"line":307,"column":31}},"159":{"start":{"line":308,"column":13},"end":{"line":308,"column":61}},"160":{"start":{"line":309,"column":14},"end":{"line":309,"column":68}},"161":{"start":{"line":310,"column":12},"end":{"line":310,"column":64}},"162":{"start":{"line":311,"column":17},"end":{"line":311,"column":58}},"163":{"start":{"line":312,"column":2},"end":{"line":312,"column":18}},"164":{"start":{"line":313,"column":2},"end":{"line":313,"column":58}},"165":{"start":{"line":316,"column":0},"end":{"line":316,"column":13}}},"fnMap":{"0":{"name":"(anonymous_0)","decl":{"start":{"line":8,"column":24},"end":{"line":8,"column":25}},"loc":{"start":{"line":8,"column":34},"end":{"line":26,"column":1}},"line":8},"1":{"name":"(anonymous_1)","decl":{"start":{"line":14,"column":18},"end":{"line":14,"column":19}},"loc":{"start":{"line":14,"column":27},"end":{"line":24,"column":7}},"line":14},"2":{"name":"cal_date","decl":{"start":{"line":35,"column":9},"end":{"line":35,"column":17}},"loc":{"start":{"line":35,"column":30},"end":{"line":42,"column":1}},"line":35},"3":{"name":"update_bar","decl":{"start":{"line":49,"column":9},"end":{"line":49,"column":19}},"loc":{"start":{"line":49,"column":31},"end":{"line":66,"column":1}},"line":49},"4":{"name":"update_progress","decl":{"start":{"line":73,"column":9},"end":{"line":73,"column":24}},"loc":{"start":{"line":73,"column":29},"end":{"line":98,"column":1}},"line":73},"5":{"name":"(anonymous_5)","decl":{"start":{"line":76,"column":33},"end":{"line":76,"column":34}},"loc":{"start":{"line":76,"column":45},"end":{"line":86,"column":3}},"line":76},"6":{"name":"(anonymous_6)","decl":{"start":{"line":87,"column":31},"end":{"line":87,"column":32}},"loc":{"start":{"line":87,"column":43},"end":{"line":97,"column":3}},"line":87},"7":{"name":"select","decl":{"start":{"line":104,"column":9},"end":{"line":104,"column":15}},"loc":{"start":{"line":104,"column":20},"end":{"line":117,"column":1}},"line":104},"8":{"name":"btn","decl":{"start":{"line":124,"column":9},"end":{"line":124,"column":12}},"loc":{"start":{"line":124,"column":30},"end":{"line":130,"column":1}},"line":124},"9":{"name":"(anonymous_9)","decl":{"start":{"line":125,"column":35},"end":{"line":125,"column":36}},"loc":{"start":{"line":125,"column":41},"end":{"line":129,"column":3}},"line":125},"10":{"name":"progress_func","decl":{"start":{"line":135,"column":9},"end":{"line":135,"column":22}},"loc":{"start":{"line":135,"column":25},"end":{"line":156,"column":1}},"line":135},"11":{"name":"(anonymous_11)","decl":{"start":{"line":138,"column":26},"end":{"line":138,"column":27}},"loc":{"start":{"line":138,"column":36},"end":{"line":146,"column":3}},"line":138},"12":{"name":"(anonymous_12)","decl":{"start":{"line":160,"column":20},"end":{"line":160,"column":21}},"loc":{"start":{"line":160,"column":34},"end":{"line":162,"column":3}},"line":160},"13":{"name":"(anonymous_13)","decl":{"start":{"line":166,"column":20},"end":{"line":166,"column":21}},"loc":{"start":{"line":166,"column":34},"end":{"line":168,"column":3}},"line":166},"14":{"name":"renderData","decl":{"start":{"line":174,"column":9},"end":{"line":174,"column":19}},"loc":{"start":{"line":174,"column":35},"end":{"line":257,"column":1}},"line":174},"15":{"name":"(anonymous_15)","decl":{"start":{"line":260,"column":24},"end":{"line":260,"column":25}},"loc":{"start":{"line":260,"column":34},"end":{"line":291,"column":1}},"line":260},"16":{"name":"(anonymous_16)","decl":{"start":{"line":267,"column":18},"end":{"line":267,"column":19}},"loc":{"start":{"line":267,"column":32},"end":{"line":289,"column":7}},"line":267},"17":{"name":"(anonymous_17)","decl":{"start":{"line":270,"column":24},"end":{"line":270,"column":25}},"loc":{"start":{"line":270,"column":36},"end":{"line":288,"column":9}},"line":270},"18":{"name":"(anonymous_18)","decl":{"start":{"line":294,"column":64},"end":{"line":294,"column":65}},"loc":{"start":{"line":294,"column":70},"end":{"line":298,"column":1}},"line":294},"19":{"name":"(anonymous_19)","decl":{"start":{"line":301,"column":59},"end":{"line":301,"column":60}},"loc":{"start":{"line":301,"column":65},"end":{"line":303,"column":1}},"line":301},"20":{"name":"(anonymous_20)","decl":{"start":{"line":306,"column":67},"end":{"line":306,"column":68}},"loc":{"start":{"line":306,"column":73},"end":{"line":314,"column":1}},"line":306}},"branchMap":{"0":{"loc":{"start":{"line":9,"column":2},"end":{"line":25,"column":3}},"type":"if","locations":[{"start":{"line":9,"column":2},"end":{"line":25,"column":3}},{"start":{"line":9,"column":2},"end":{"line":25,"column":3}}],"line":9},"1":{"loc":{"start":{"line":51,"column":2},"end":{"line":53,"column":3}},"type":"if","locations":[{"start":{"line":51,"column":2},"end":{"line":53,"column":3}},{"start":{"line":51,"column":2},"end":{"line":53,"column":3}}],"line":51},"2":{"loc":{"start":{"line":54,"column":2},"end":{"line":64,"column":3}},"type":"if","locations":[{"start":{"line":54,"column":2},"end":{"line":64,"column":3}},{"start":{"line":54,"column":2},"end":{"line":64,"column":3}}],"line":54},"3":{"loc":{"start":{"line":56,"column":9},"end":{"line":64,"column":3}},"type":"if","locations":[{"start":{"line":56,"column":9},"end":{"line":64,"column":3}},{"start":{"line":56,"column":9},"end":{"line":64,"column":3}}],"line":56},"4":{"loc":{"start":{"line":56,"column":13},"end":{"line":56,"column":37}},"type":"binary-expr","locations":[{"start":{"line":56,"column":13},"end":{"line":56,"column":24}},{"start":{"line":56,"column":28},"end":{"line":56,"column":37}}],"line":56},"5":{"loc":{"start":{"line":58,"column":9},"end":{"line":64,"column":3}},"type":"if","locations":[{"start":{"line":58,"column":9},"end":{"line":64,"column":3}},{"start":{"line":58,"column":9},"end":{"line":64,"column":3}}],"line":58},"6":{"loc":{"start":{"line":58,"column":13},"end":{"line":58,"column":38}},"type":"binary-expr","locations":[{"start":{"line":58,"column":13},"end":{"line":58,"column":24}},{"start":{"line":58,"column":28},"end":{"line":58,"column":38}}],"line":58},"7":{"loc":{"start":{"line":60,"column":9},"end":{"line":64,"column":3}},"type":"if","locations":[{"start":{"line":60,"column":9},"end":{"line":64,"column":3}},{"start":{"line":60,"column":9},"end":{"line":64,"column":3}}],"line":60},"8":{"loc":{"start":{"line":60,"column":13},"end":{"line":60,"column":38}},"type":"binary-expr","locations":[{"start":{"line":60,"column":13},"end":{"line":60,"column":24}},{"start":{"line":60,"column":28},"end":{"line":60,"column":38}}],"line":60},"9":{"loc":{"start":{"line":109,"column":2},"end":{"line":116,"column":3}},"type":"if","locations":[{"start":{"line":109,"column":2},"end":{"line":116,"column":3}},{"start":{"line":109,"column":2},"end":{"line":116,"column":3}}],"line":109},"10":{"loc":{"start":{"line":110,"column":4},"end":{"line":112,"column":26}},"type":"binary-expr","locations":[{"start":{"line":110,"column":4},"end":{"line":110,"column":25}},{"start":{"line":111,"column":4},"end":{"line":111,"column":27}},{"start":{"line":112,"column":4},"end":{"line":112,"column":26}}],"line":110},"11":{"loc":{"start":{"line":139,"column":4},"end":{"line":145,"column":5}},"type":"if","locations":[{"start":{"line":139,"column":4},"end":{"line":145,"column":5}},{"start":{"line":139,"column":4},"end":{"line":145,"column":5}}],"line":139},"12":{"loc":{"start":{"line":147,"column":2},"end":{"line":155,"column":3}},"type":"if","locations":[{"start":{"line":147,"column":2},"end":{"line":155,"column":3}},{"start":{"line":147,"column":2},"end":{"line":155,"column":3}}],"line":147},"13":{"loc":{"start":{"line":147,"column":6},"end":{"line":147,"column":62}},"type":"binary-expr","locations":[{"start":{"line":147,"column":6},"end":{"line":147,"column":31}},{"start":{"line":147,"column":35},"end":{"line":147,"column":62}}],"line":147},"14":{"loc":{"start":{"line":261,"column":2},"end":{"line":290,"column":3}},"type":"if","locations":[{"start":{"line":261,"column":2},"end":{"line":290,"column":3}},{"start":{"line":261,"column":2},"end":{"line":290,"column":3}}],"line":261},"15":{"loc":{"start":{"line":271,"column":10},"end":{"line":287,"column":11}},"type":"if","locations":[{"start":{"line":271,"column":10},"end":{"line":287,"column":11}},{"start":{"line":271,"column":10},"end":{"line":287,"column":11}}],"line":271},"16":{"loc":{"start":{"line":272,"column":12},"end":{"line":276,"column":13}},"type":"if","locations":[{"start":{"line":272,"column":12},"end":{"line":276,"column":13}},{"start":{"line":272,"column":12},"end":{"line":276,"column":13}}],"line":272},"17":{"loc":{"start":{"line":277,"column":17},"end":{"line":287,"column":11}},"type":"if","locations":[{"start":{"line":277,"column":17},"end":{"line":287,"column":11}},{"start":{"line":277,"column":17},"end":{"line":287,"column":11}}],"line":277},"18":{"loc":{"start":{"line":281,"column":12},"end":{"line":286,"column":13}},"type":"if","locations":[{"start":{"line":281,"column":12},"end":{"line":286,"column":13}},{"start":{"line":281,"column":12},"end":{"line":286,"column":13}}],"line":281}},"s":{"0":14,"1":14,"2":14,"3":14,"4":14,"5":14,"6":14,"7":14,"8":56,"9":56,"10":56,"11":56,"12":56,"13":56,"14":123,"15":123,"16":123,"17":123,"18":123,"19":123,"20":123,"21":123,"22":8,"23":123,"24":4,"25":119,"26":8,"27":111,"28":38,"29":73,"30":4,"31":69,"32":123,"33":26,"34":26,"35":26,"36":8,"37":8,"38":8,"39":8,"40":8,"41":8,"42":8,"43":26,"44":28,"45":28,"46":28,"47":28,"48":28,"49":28,"50":28,"51":36,"52":36,"53":36,"54":36,"55":36,"56":26,"57":4,"58":4,"59":4,"60":72,"61":72,"62":72,"63":72,"64":72,"65":72,"66":72,"67":61,"68":61,"69":61,"70":14,"71":8,"72":14,"73":8,"74":26,"75":26,"76":26,"77":26,"78":26,"79":26,"80":26,"81":26,"82":26,"83":26,"84":26,"85":26,"86":26,"87":26,"88":26,"89":26,"90":26,"91":26,"92":26,"93":26,"94":26,"95":26,"96":26,"97":26,"98":26,"99":26,"100":26,"101":26,"102":26,"103":26,"104":26,"105":26,"106":26,"107":26,"108":26,"109":26,"110":26,"111":26,"112":26,"113":26,"114":26,"115":26,"116":26,"117":26,"118":26,"119":26,"120":26,"121":26,"122":26,"123":26,"124":26,"125":26,"126":26,"127":26,"128":26,"129":26,"130":26,"131":26,"132":26,"133":26,"134":26,"135":26,"136":26,"137":26,"138":14,"139":14,"140":14,"141":24,"142":24,"143":24,"144":40,"145":34,"146":26,"147":6,"148":0,"149":0,"150":0,"151":14,"152":4,"153":4,"154":4,"155":14,"156":0,"157":14,"158":4,"159":4,"160":4,"161":4,"162":4,"163":4,"164":4,"165":14},"f":{"0":14,"1":56,"2":123,"3":123,"4":26,"5":8,"6":28,"7":36,"8":26,"9":4,"10":72,"11":72,"12":8,"13":8,"14":26,"15":14,"16":24,"17":40,"18":4,"19":0,"20":4},"b":{"0":[14,0],"1":[8,115],"2":[4,119],"3":[8,111],"4":[119,8],"5":[38,73],"6":[111,38],"7":[4,69],"8":[73,4],"9":[36,0],"10":[36,36,36],"11":[72,0],"12":[72,0],"13":[72,72],"14":[14,0],"15":[34,6],"16":[26,0],"17":[0,6],"18":[0,0]},"_coverageSchema":"1a1c01bbd47fc00a2c39e90264f33305004495a9","hash":"28fbc712383eca7dcbba052c66244a82e3fdb16d"}
,"/home/rwake/Documents/school/cs110/cse110-sp21-group22/source/scripts/color.js": {"path":"/home/rwake/Documents/school/cs110/cse110-sp21-group22/source/scripts/color.js","statementMap":{"0":{"start":{"line":8,"column":2},"end":{"line":8,"column":56}},"1":{"start":{"line":9,"column":2},"end":{"line":9,"column":47}},"2":{"start":{"line":10,"column":2},"end":{"line":10,"column":51}},"3":{"start":{"line":11,"column":2},"end":{"line":11,"column":43}},"4":{"start":{"line":12,"column":2},"end":{"line":12,"column":52}},"5":{"start":{"line":13,"column":21},"end":{"line":13,"column":36}},"6":{"start":{"line":14,"column":2},"end":{"line":14,"column":49}},"7":{"start":{"line":15,"column":2},"end":{"line":31,"column":5}},"8":{"start":{"line":16,"column":4},"end":{"line":30,"column":5}},"9":{"start":{"line":17,"column":25},"end":{"line":17,"column":53}},"10":{"start":{"line":18,"column":6},"end":{"line":29,"column":11}},"11":{"start":{"line":24,"column":10},"end":{"line":28,"column":68}},"12":{"start":{"line":38,"column":2},"end":{"line":56,"column":5}},"13":{"start":{"line":39,"column":4},"end":{"line":55,"column":5}},"14":{"start":{"line":40,"column":6},"end":{"line":54,"column":11}},"15":{"start":{"line":46,"column":10},"end":{"line":50,"column":11}},"16":{"start":{"line":47,"column":31},"end":{"line":47,"column":65}},"17":{"start":{"line":48,"column":28},"end":{"line":48,"column":76}},"18":{"start":{"line":49,"column":12},"end":{"line":49,"column":59}}},"fnMap":{"0":{"name":"colorChange","decl":{"start":{"line":7,"column":9},"end":{"line":7,"column":20}},"loc":{"start":{"line":7,"column":45},"end":{"line":32,"column":1}},"line":7},"1":{"name":"(anonymous_1)","decl":{"start":{"line":15,"column":26},"end":{"line":15,"column":27}},"loc":{"start":{"line":15,"column":36},"end":{"line":31,"column":3}},"line":15},"2":{"name":"(anonymous_2)","decl":{"start":{"line":23,"column":15},"end":{"line":23,"column":16}},"loc":{"start":{"line":23,"column":24},"end":{"line":29,"column":9}},"line":23},"3":{"name":"setIcon","decl":{"start":{"line":37,"column":9},"end":{"line":37,"column":16}},"loc":{"start":{"line":37,"column":19},"end":{"line":57,"column":1}},"line":37},"4":{"name":"(anonymous_4)","decl":{"start":{"line":38,"column":26},"end":{"line":38,"column":27}},"loc":{"start":{"line":38,"column":36},"end":{"line":56,"column":3}},"line":38},"5":{"name":"(anonymous_5)","decl":{"start":{"line":45,"column":14},"end":{"line":45,"column":15}},"loc":{"start":{"line":45,"column":23},"end":{"line":51,"column":9}},"line":45},"6":{"name":"(anonymous_6)","decl":{"start":{"line":52,"column":15},"end":{"line":52,"column":16}},"loc":{"start":{"line":52,"column":24},"end":{"line":54,"column":9}},"line":52}},"branchMap":{"0":{"loc":{"start":{"line":16,"column":4},"end":{"line":30,"column":5}},"type":"if","locations":[{"start":{"line":16,"column":4},"end":{"line":30,"column":5}},{"start":{"line":16,"column":4},"end":{"line":30,"column":5}}],"line":16},"1":{"loc":{"start":{"line":39,"column":4},"end":{"line":55,"column":5}},"type":"if","locations":[{"start":{"line":39,"column":4},"end":{"line":55,"column":5}},{"start":{"line":39,"column":4},"end":{"line":55,"column":5}}],"line":39},"2":{"loc":{"start":{"line":46,"column":10},"end":{"line":50,"column":11}},"type":"if","locations":[{"start":{"line":46,"column":10},"end":{"line":50,"column":11}},{"start":{"line":46,"column":10},"end":{"line":50,"column":11}}],"line":46}},"s":{"0":40,"1":40,"2":40,"3":40,"4":40,"5":40,"6":40,"7":40,"8":60,"9":40,"10":40,"11":0,"12":45,"13":56,"14":45,"15":42,"16":40,"17":40,"18":40},"f":{"0":40,"1":60,"2":0,"3":45,"4":56,"5":42,"6":5},"b":{"0":[40,20],"1":[45,11],"2":[40,0]},"_coverageSchema":"1a1c01bbd47fc00a2c39e90264f33305004495a9","hash":"d1f0e76013a89ddaf24bb58e084e2e3d203ebdb5"}
,"/home/rwake/Documents/school/cs110/cse110-sp21-group22/source/scripts/index.js": {"path":"/home/rwake/Documents/school/cs110/cse110-sp21-group22/source/scripts/index.js","statementMap":{"0":{"start":{"line":1,"column":0},"end":{"line":1,"column":48}},"1":{"start":{"line":2,"column":0},"end":{"line":2,"column":37}},"2":{"start":{"line":3,"column":0},"end":{"line":3,"column":46}},"3":{"start":{"line":4,"column":0},"end":{"line":4,"column":50}},"4":{"start":{"line":5,"column":0},"end":{"line":5,"column":41}},"5":{"start":{"line":6,"column":0},"end":{"line":6,"column":45}},"6":{"start":{"line":7,"column":0},"end":{"line":7,"column":37}},"7":{"start":{"line":8,"column":0},"end":{"line":8,"column":46}},"8":{"start":{"line":10,"column":0},"end":{"line":10,"column":48}},"9":{"start":{"line":13,"column":0},"end":{"line":15,"column":3}},"10":{"start":{"line":14,"column":2},"end":{"line":14,"column":50}},"11":{"start":{"line":18,"column":0},"end":{"line":20,"column":3}},"12":{"start":{"line":19,"column":2},"end":{"line":19,"column":41}},"13":{"start":{"line":23,"column":0},"end":{"line":25,"column":3}},"14":{"start":{"line":24,"column":2},"end":{"line":24,"column":45}},"15":{"start":{"line":28,"column":0},"end":{"line":30,"column":3}},"16":{"start":{"line":29,"column":2},"end":{"line":29,"column":37}},"17":{"start":{"line":33,"column":0},"end":{"line":35,"column":3}},"18":{"start":{"line":34,"column":2},"end":{"line":34,"column":46}},"19":{"start":{"line":39,"column":16},"end":{"line":39,"column":52}},"20":{"start":{"line":40,"column":11},"end":{"line":40,"column":42}},"21":{"start":{"line":41,"column":12},"end":{"line":41,"column":44}},"22":{"start":{"line":42,"column":18},"end":{"line":42,"column":35}},"23":{"start":{"line":44,"column":0},"end":{"line":59,"column":3}},"24":{"start":{"line":45,"column":2},"end":{"line":58,"column":3}},"25":{"start":{"line":46,"column":4},"end":{"line":57,"column":9}},"26":{"start":{"line":51,"column":8},"end":{"line":56,"column":9}},"27":{"start":{"line":52,"column":10},"end":{"line":52,"column":43}},"28":{"start":{"line":53,"column":10},"end":{"line":53,"column":45}},"29":{"start":{"line":61,"column":0},"end":{"line":86,"column":3}},"30":{"start":{"line":62,"column":2},"end":{"line":85,"column":5}},"31":{"start":{"line":63,"column":4},"end":{"line":84,"column":5}},"32":{"start":{"line":64,"column":6},"end":{"line":83,"column":11}},"33":{"start":{"line":74,"column":10},"end":{"line":82,"column":15}},"34":{"start":{"line":88,"column":0},"end":{"line":113,"column":3}},"35":{"start":{"line":89,"column":2},"end":{"line":112,"column":3}},"36":{"start":{"line":90,"column":4},"end":{"line":111,"column":9}},"37":{"start":{"line":96,"column":8},"end":{"line":110,"column":9}},"38":{"start":{"line":97,"column":10},"end":{"line":107,"column":11}},"39":{"start":{"line":98,"column":12},"end":{"line":106,"column":17}},"40":{"start":{"line":120,"column":0},"end":{"line":131,"column":3}},"41":{"start":{"line":121,"column":2},"end":{"line":121,"column":17}},"42":{"start":{"line":122,"column":2},"end":{"line":122,"column":24}},"43":{"start":{"line":125,"column":2},"end":{"line":127,"column":3}},"44":{"start":{"line":126,"column":4},"end":{"line":126,"column":53}},"45":{"start":{"line":128,"column":2},"end":{"line":130,"column":3}},"46":{"start":{"line":129,"column":4},"end":{"line":129,"column":56}},"47":{"start":{"line":134,"column":0},"end":{"line":145,"column":3}},"48":{"start":{"line":135,"column":2},"end":{"line":135,"column":17}},"49":{"start":{"line":136,"column":2},"end":{"line":136,"column":24}},"50":{"start":{"line":139,"column":2},"end":{"line":141,"column":3}},"51":{"start":{"line":140,"column":4},"end":{"line":140,"column":52}},"52":{"start":{"line":142,"column":2},"end":{"line":144,"column":3}},"53":{"start":{"line":143,"column":4},"end":{"line":143,"column":57}},"54":{"start":{"line":147,"column":0},"end":{"line":147,"column":28}},"55":{"start":{"line":149,"column":0},"end":{"line":153,"column":3}},"56":{"start":{"line":150,"column":2},"end":{"line":150,"column":38}},"57":{"start":{"line":151,"column":2},"end":{"line":151,"column":38}},"58":{"start":{"line":152,"column":2},"end":{"line":152,"column":44}},"59":{"start":{"line":156,"column":0},"end":{"line":169,"column":3}},"60":{"start":{"line":157,"column":13},"end":{"line":157,"column":44}},"61":{"start":{"line":158,"column":17},"end":{"line":158,"column":52}},"62":{"start":{"line":160,"column":2},"end":{"line":160,"column":19}},"63":{"start":{"line":161,"column":2},"end":{"line":161,"column":24}},"64":{"start":{"line":162,"column":2},"end":{"line":164,"column":3}},"65":{"start":{"line":163,"column":4},"end":{"line":163,"column":26}},"66":{"start":{"line":166,"column":2},"end":{"line":168,"column":3}},"67":{"start":{"line":167,"column":4},"end":{"line":167,"column":30}},"68":{"start":{"line":172,"column":0},"end":{"line":188,"column":3}},"69":{"start":{"line":173,"column":15},"end":{"line":173,"column":48}},"70":{"start":{"line":174,"column":15},"end":{"line":174,"column":51}},"71":{"start":{"line":175,"column":2},"end":{"line":175,"column":27}},"72":{"start":{"line":177,"column":2},"end":{"line":187,"column":3}},"73":{"start":{"line":178,"column":4},"end":{"line":180,"column":5}},"74":{"start":{"line":179,"column":6},"end":{"line":179,"column":34}},"75":{"start":{"line":181,"column":4},"end":{"line":181,"column":32}},"76":{"start":{"line":183,"column":4},"end":{"line":185,"column":5}},"77":{"start":{"line":184,"column":6},"end":{"line":184,"column":35}},"78":{"start":{"line":186,"column":4},"end":{"line":186,"column":32}},"79":{"start":{"line":190,"column":0},"end":{"line":198,"column":3}},"80":{"start":{"line":191,"column":2},"end":{"line":197,"column":3}},"81":{"start":{"line":192,"column":4},"end":{"line":192,"column":64}},"82":{"start":{"line":193,"column":4},"end":{"line":193,"column":20}},"83":{"start":{"line":195,"column":4},"end":{"line":195,"column":62}},"84":{"start":{"line":196,"column":4},"end":{"line":196,"column":19}},"85":{"start":{"line":200,"column":0},"end":{"line":208,"column":3}},"86":{"start":{"line":201,"column":2},"end":{"line":207,"column":3}},"87":{"start":{"line":202,"column":4},"end":{"line":202,"column":63}},"88":{"start":{"line":203,"column":4},"end":{"line":203,"column":19}},"89":{"start":{"line":205,"column":4},"end":{"line":205,"column":63}},"90":{"start":{"line":206,"column":4},"end":{"line":206,"column":20}},"91":{"start":{"line":210,"column":0},"end":{"line":229,"column":3}},"92":{"start":{"line":211,"column":2},"end":{"line":228,"column":3}},"93":{"start":{"line":212,"column":4},"end":{"line":216,"column":5}},"94":{"start":{"line":213,"column":6},"end":{"line":213,"column":76}},"95":{"start":{"line":215,"column":6},"end":{"line":215,"column":68}},"96":{"start":{"line":217,"column":4},"end":{"line":217,"column":20}},"97":{"start":{"line":219,"column":4},"end":{"line":226,"column":5}},"98":{"start":{"line":220,"column":6},"end":{"line":223,"column":8}},"99":{"start":{"line":225,"column":6},"end":{"line":225,"column":73}},"100":{"start":{"line":227,"column":4},"end":{"line":227,"column":19}},"101":{"start":{"line":236,"column":2},"end":{"line":251,"column":3}},"102":{"start":{"line":240,"column":20},"end":{"line":240,"column":70}},"103":{"start":{"line":241,"column":20},"end":{"line":241,"column":64}},"104":{"start":{"line":242,"column":4},"end":{"line":242,"column":42}},"105":{"start":{"line":243,"column":4},"end":{"line":243,"column":31}},"106":{"start":{"line":244,"column":13},"end":{"line":244,"column":33}},"107":{"start":{"line":245,"column":15},"end":{"line":245,"column":42}},"108":{"start":{"line":246,"column":20},"end":{"line":246,"column":57}},"109":{"start":{"line":247,"column":15},"end":{"line":247,"column":47}},"110":{"start":{"line":248,"column":16},"end":{"line":248,"column":49}},"111":{"start":{"line":249,"column":16},"end":{"line":249,"column":76}},"112":{"start":{"line":250,"column":4},"end":{"line":250,"column":29}},"113":{"start":{"line":255,"column":0},"end":{"line":261,"column":3}},"114":{"start":{"line":257,"column":2},"end":{"line":260,"column":3}},"115":{"start":{"line":259,"column":4},"end":{"line":259,"column":23}},"116":{"start":{"line":264,"column":0},"end":{"line":266,"column":3}},"117":{"start":{"line":265,"column":2},"end":{"line":265,"column":30}},"118":{"start":{"line":269,"column":0},"end":{"line":273,"column":3}},"119":{"start":{"line":270,"column":2},"end":{"line":272,"column":3}},"120":{"start":{"line":271,"column":4},"end":{"line":271,"column":44}},"121":{"start":{"line":281,"column":2},"end":{"line":281,"column":40}},"122":{"start":{"line":282,"column":2},"end":{"line":297,"column":3}},"123":{"start":{"line":284,"column":6},"end":{"line":284,"column":45}},"124":{"start":{"line":285,"column":6},"end":{"line":285,"column":50}},"125":{"start":{"line":286,"column":6},"end":{"line":286,"column":12}},"126":{"start":{"line":288,"column":6},"end":{"line":288,"column":45}},"127":{"start":{"line":289,"column":6},"end":{"line":289,"column":49}},"128":{"start":{"line":290,"column":6},"end":{"line":290,"column":12}},"129":{"start":{"line":292,"column":6},"end":{"line":292,"column":45}},"130":{"start":{"line":293,"column":6},"end":{"line":293,"column":57}},"131":{"start":{"line":294,"column":6},"end":{"line":294,"column":12}},"132":{"start":{"line":296,"column":6},"end":{"line":296,"column":45}},"133":{"start":{"line":306,"column":2},"end":{"line":306,"column":40}},"134":{"start":{"line":307,"column":2},"end":{"line":326,"column":3}},"135":{"start":{"line":315,"column":4},"end":{"line":319,"column":43}},"136":{"start":{"line":321,"column":4},"end":{"line":325,"column":38}},"137":{"start":{"line":327,"column":2},"end":{"line":387,"column":3}},"138":{"start":{"line":329,"column":6},"end":{"line":329,"column":46}},"139":{"start":{"line":330,"column":6},"end":{"line":330,"column":52}},"140":{"start":{"line":331,"column":6},"end":{"line":331,"column":12}},"141":{"start":{"line":333,"column":6},"end":{"line":333,"column":46}},"142":{"start":{"line":334,"column":6},"end":{"line":334,"column":58}},"143":{"start":{"line":335,"column":6},"end":{"line":354,"column":7}},"144":{"start":{"line":343,"column":8},"end":{"line":347,"column":50}},"145":{"start":{"line":349,"column":8},"end":{"line":353,"column":60}},"146":{"start":{"line":355,"column":6},"end":{"line":355,"column":12}},"147":{"start":{"line":357,"column":6},"end":{"line":357,"column":46}},"148":{"start":{"line":358,"column":6},"end":{"line":358,"column":52}},"149":{"start":{"line":359,"column":6},"end":{"line":359,"column":12}},"150":{"start":{"line":361,"column":6},"end":{"line":361,"column":46}},"151":{"start":{"line":362,"column":6},"end":{"line":362,"column":58}},"152":{"start":{"line":363,"column":6},"end":{"line":382,"column":7}},"153":{"start":{"line":371,"column":8},"end":{"line":375,"column":50}},"154":{"start":{"line":377,"column":8},"end":{"line":381,"column":60}},"155":{"start":{"line":383,"column":6},"end":{"line":383,"column":12}},"156":{"start":{"line":385,"column":6},"end":{"line":385,"column":45}},"157":{"start":{"line":386,"column":6},"end":{"line":386,"column":51}},"158":{"start":{"line":396,"column":2},"end":{"line":396,"column":54}},"159":{"start":{"line":397,"column":2},"end":{"line":397,"column":55}},"160":{"start":{"line":398,"column":2},"end":{"line":402,"column":3}},"161":{"start":{"line":399,"column":4},"end":{"line":399,"column":67}},"162":{"start":{"line":401,"column":4},"end":{"line":401,"column":59}},"163":{"start":{"line":403,"column":2},"end":{"line":466,"column":3}},"164":{"start":{"line":405,"column":6},"end":{"line":405,"column":57}},"165":{"start":{"line":406,"column":6},"end":{"line":406,"column":12}},"166":{"start":{"line":408,"column":6},"end":{"line":408,"column":58}},"167":{"start":{"line":409,"column":6},"end":{"line":409,"column":12}},"168":{"start":{"line":411,"column":6},"end":{"line":411,"column":57}},"169":{"start":{"line":412,"column":6},"end":{"line":412,"column":58}},"170":{"start":{"line":413,"column":6},"end":{"line":413,"column":12}},"171":{"start":{"line":415,"column":6},"end":{"line":423,"column":7}},"172":{"start":{"line":418,"column":8},"end":{"line":420,"column":60}},"173":{"start":{"line":422,"column":8},"end":{"line":422,"column":68}},"174":{"start":{"line":424,"column":6},"end":{"line":424,"column":12}},"175":{"start":{"line":426,"column":6},"end":{"line":426,"column":57}},"176":{"start":{"line":427,"column":6},"end":{"line":435,"column":7}},"177":{"start":{"line":430,"column":8},"end":{"line":432,"column":60}},"178":{"start":{"line":434,"column":8},"end":{"line":434,"column":68}},"179":{"start":{"line":436,"column":6},"end":{"line":436,"column":12}},"180":{"start":{"line":438,"column":6},"end":{"line":438,"column":58}},"181":{"start":{"line":439,"column":6},"end":{"line":447,"column":7}},"182":{"start":{"line":442,"column":8},"end":{"line":444,"column":60}},"183":{"start":{"line":446,"column":8},"end":{"line":446,"column":68}},"184":{"start":{"line":448,"column":6},"end":{"line":448,"column":12}},"185":{"start":{"line":450,"column":6},"end":{"line":450,"column":57}},"186":{"start":{"line":451,"column":6},"end":{"line":451,"column":58}},"187":{"start":{"line":452,"column":6},"end":{"line":460,"column":7}},"188":{"start":{"line":455,"column":8},"end":{"line":457,"column":60}},"189":{"start":{"line":459,"column":8},"end":{"line":459,"column":68}},"190":{"start":{"line":461,"column":6},"end":{"line":461,"column":12}},"191":{"start":{"line":463,"column":6},"end":{"line":463,"column":58}},"192":{"start":{"line":464,"column":6},"end":{"line":464,"column":59}},"193":{"start":{"line":465,"column":6},"end":{"line":465,"column":61}},"194":{"start":{"line":475,"column":20},"end":{"line":475,"column":55}},"195":{"start":{"line":476,"column":2},"end":{"line":476,"column":40}},"196":{"start":{"line":477,"column":2},"end":{"line":477,"column":28}},"197":{"start":{"line":486,"column":13},"end":{"line":486,"column":55}},"198":{"start":{"line":489,"column":18},"end":{"line":489,"column":47}},"199":{"start":{"line":490,"column":2},"end":{"line":490,"column":43}},"200":{"start":{"line":491,"column":2},"end":{"line":491,"column":40}},"201":{"start":{"line":492,"column":2},"end":{"line":492,"column":60}},"202":{"start":{"line":493,"column":2},"end":{"line":493,"column":46}},"203":{"start":{"line":496,"column":21},"end":{"line":496,"column":50}},"204":{"start":{"line":497,"column":2},"end":{"line":497,"column":47}},"205":{"start":{"line":498,"column":19},"end":{"line":498,"column":46}},"206":{"start":{"line":499,"column":2},"end":{"line":499,"column":30}},"207":{"start":{"line":500,"column":2},"end":{"line":500,"column":54}},"208":{"start":{"line":501,"column":2},"end":{"line":501,"column":39}},"209":{"start":{"line":504,"column":22},"end":{"line":504,"column":51}},"210":{"start":{"line":505,"column":2},"end":{"line":505,"column":49}},"211":{"start":{"line":506,"column":20},"end":{"line":506,"column":47}},"212":{"start":{"line":507,"column":2},"end":{"line":507,"column":31}},"213":{"start":{"line":508,"column":2},"end":{"line":508,"column":44}},"214":{"start":{"line":509,"column":2},"end":{"line":509,"column":41}},"215":{"start":{"line":512,"column":16},"end":{"line":512,"column":45}},"216":{"start":{"line":513,"column":2},"end":{"line":513,"column":39}},"217":{"start":{"line":514,"column":17},"end":{"line":514,"column":44}},"218":{"start":{"line":515,"column":2},"end":{"line":519,"column":3}},"219":{"start":{"line":516,"column":4},"end":{"line":516,"column":53}},"220":{"start":{"line":518,"column":4},"end":{"line":518,"column":54}},"221":{"start":{"line":520,"column":2},"end":{"line":520,"column":49}},"222":{"start":{"line":521,"column":2},"end":{"line":521,"column":35}},"223":{"start":{"line":522,"column":2},"end":{"line":522,"column":32}},"224":{"start":{"line":525,"column":19},"end":{"line":525,"column":48}},"225":{"start":{"line":526,"column":2},"end":{"line":526,"column":35}},"226":{"start":{"line":527,"column":20},"end":{"line":527,"column":47}},"227":{"start":{"line":528,"column":2},"end":{"line":528,"column":40}},"228":{"start":{"line":529,"column":2},"end":{"line":529,"column":38}},"229":{"start":{"line":532,"column":2},"end":{"line":532,"column":38}},"230":{"start":{"line":533,"column":2},"end":{"line":533,"column":39}},"231":{"start":{"line":534,"column":2},"end":{"line":534,"column":33}},"232":{"start":{"line":535,"column":2},"end":{"line":535,"column":36}},"233":{"start":{"line":537,"column":2},"end":{"line":537,"column":40}},"234":{"start":{"line":538,"column":2},"end":{"line":538,"column":68}},"235":{"start":{"line":539,"column":2},"end":{"line":539,"column":67}},"236":{"start":{"line":540,"column":2},"end":{"line":540,"column":65}},"237":{"start":{"line":541,"column":2},"end":{"line":541,"column":41}},"238":{"start":{"line":542,"column":2},"end":{"line":542,"column":25}},"239":{"start":{"line":543,"column":2},"end":{"line":543,"column":57}},"240":{"start":{"line":546,"column":2},"end":{"line":550,"column":5}},"241":{"start":{"line":547,"column":4},"end":{"line":549,"column":5}},"242":{"start":{"line":548,"column":6},"end":{"line":548,"column":29}},"243":{"start":{"line":553,"column":2},"end":{"line":574,"column":7}},"244":{"start":{"line":556,"column":20},"end":{"line":556,"column":40}},"245":{"start":{"line":558,"column":6},"end":{"line":573,"column":7}},"246":{"start":{"line":559,"column":8},"end":{"line":559,"column":27}},"247":{"start":{"line":560,"column":17},"end":{"line":560,"column":44}},"248":{"start":{"line":561,"column":19},"end":{"line":565,"column":17}},"249":{"start":{"line":566,"column":24},"end":{"line":566,"column":68}},"250":{"start":{"line":567,"column":19},"end":{"line":567,"column":58}},"251":{"start":{"line":568,"column":20},"end":{"line":568,"column":63}},"252":{"start":{"line":569,"column":20},"end":{"line":569,"column":64}},"253":{"start":{"line":570,"column":8},"end":{"line":570,"column":42}},"254":{"start":{"line":571,"column":20},"end":{"line":571,"column":76}},"255":{"start":{"line":572,"column":8},"end":{"line":572,"column":33}},"256":{"start":{"line":577,"column":2},"end":{"line":588,"column":7}},"257":{"start":{"line":580,"column":22},"end":{"line":580,"column":66}},"258":{"start":{"line":581,"column":15},"end":{"line":581,"column":42}},"259":{"start":{"line":582,"column":17},"end":{"line":582,"column":31}},"260":{"start":{"line":583,"column":17},"end":{"line":583,"column":56}},"261":{"start":{"line":584,"column":18},"end":{"line":584,"column":61}},"262":{"start":{"line":585,"column":18},"end":{"line":585,"column":58}},"263":{"start":{"line":586,"column":18},"end":{"line":586,"column":74}},"264":{"start":{"line":587,"column":6},"end":{"line":587,"column":31}},"265":{"start":{"line":591,"column":2},"end":{"line":604,"column":7}},"266":{"start":{"line":594,"column":22},"end":{"line":594,"column":76}},"267":{"start":{"line":595,"column":6},"end":{"line":595,"column":52}},"268":{"start":{"line":596,"column":6},"end":{"line":596,"column":39}},"269":{"start":{"line":597,"column":15},"end":{"line":597,"column":42}},"270":{"start":{"line":598,"column":17},"end":{"line":598,"column":51}},"271":{"start":{"line":599,"column":17},"end":{"line":599,"column":56}},"272":{"start":{"line":600,"column":18},"end":{"line":600,"column":61}},"273":{"start":{"line":601,"column":18},"end":{"line":601,"column":58}},"274":{"start":{"line":602,"column":18},"end":{"line":602,"column":74}},"275":{"start":{"line":603,"column":6},"end":{"line":603,"column":31}},"276":{"start":{"line":607,"column":2},"end":{"line":620,"column":7}},"277":{"start":{"line":610,"column":17},"end":{"line":610,"column":66}},"278":{"start":{"line":611,"column":6},"end":{"line":611,"column":42}},"279":{"start":{"line":612,"column":6},"end":{"line":612,"column":29}},"280":{"start":{"line":613,"column":15},"end":{"line":613,"column":42}},"281":{"start":{"line":614,"column":17},"end":{"line":614,"column":51}},"282":{"start":{"line":615,"column":22},"end":{"line":615,"column":66}},"283":{"start":{"line":616,"column":18},"end":{"line":616,"column":61}},"284":{"start":{"line":617,"column":18},"end":{"line":617,"column":58}},"285":{"start":{"line":618,"column":18},"end":{"line":618,"column":74}},"286":{"start":{"line":619,"column":6},"end":{"line":619,"column":31}},"287":{"start":{"line":623,"column":2},"end":{"line":629,"column":7}},"288":{"start":{"line":626,"column":15},"end":{"line":626,"column":42}},"289":{"start":{"line":627,"column":18},"end":{"line":627,"column":53}},"290":{"start":{"line":628,"column":6},"end":{"line":628,"column":33}},"291":{"start":{"line":633,"column":0},"end":{"line":650,"column":3}},"292":{"start":{"line":634,"column":2},"end":{"line":649,"column":3}},"293":{"start":{"line":635,"column":4},"end":{"line":635,"column":27}},"294":{"start":{"line":636,"column":4},"end":{"line":636,"column":34}},"295":{"start":{"line":639,"column":19},"end":{"line":639,"column":56}},"296":{"start":{"line":641,"column":16},"end":{"line":641,"column":51}},"297":{"start":{"line":644,"column":16},"end":{"line":644,"column":79}},"298":{"start":{"line":645,"column":4},"end":{"line":645,"column":29}},"299":{"start":{"line":646,"column":9},"end":{"line":649,"column":3}},"300":{"start":{"line":647,"column":4},"end":{"line":647,"column":27}},"301":{"start":{"line":648,"column":4},"end":{"line":648,"column":65}},"302":{"start":{"line":657,"column":2},"end":{"line":665,"column":5}},"303":{"start":{"line":658,"column":4},"end":{"line":664,"column":5}},"304":{"start":{"line":659,"column":6},"end":{"line":659,"column":36}},"305":{"start":{"line":660,"column":6},"end":{"line":660,"column":36}},"306":{"start":{"line":662,"column":6},"end":{"line":662,"column":33}},"307":{"start":{"line":663,"column":6},"end":{"line":663,"column":33}},"308":{"start":{"line":667,"column":19},"end":{"line":667,"column":50}},"309":{"start":{"line":669,"column":14},"end":{"line":669,"column":32}},"310":{"start":{"line":670,"column":15},"end":{"line":670,"column":20}},"311":{"start":{"line":671,"column":14},"end":{"line":671,"column":18}},"312":{"start":{"line":674,"column":2},"end":{"line":682,"column":3}},"313":{"start":{"line":676,"column":4},"end":{"line":679,"column":5}},"314":{"start":{"line":677,"column":6},"end":{"line":677,"column":18}},"315":{"start":{"line":678,"column":6},"end":{"line":678,"column":14}},"316":{"start":{"line":680,"column":4},"end":{"line":680,"column":44}},"317":{"start":{"line":681,"column":4},"end":{"line":681,"column":13}},"318":{"start":{"line":684,"column":2},"end":{"line":693,"column":3}},"319":{"start":{"line":685,"column":4},"end":{"line":685,"column":40}},"320":{"start":{"line":686,"column":4},"end":{"line":686,"column":13}},"321":{"start":{"line":689,"column":4},"end":{"line":692,"column":5}},"322":{"start":{"line":690,"column":6},"end":{"line":690,"column":17}},"323":{"start":{"line":691,"column":6},"end":{"line":691,"column":14}},"324":{"start":{"line":695,"column":2},"end":{"line":695,"column":29}},"325":{"start":{"line":696,"column":2},"end":{"line":696,"column":27}},"326":{"start":{"line":697,"column":2},"end":{"line":697,"column":27}},"327":{"start":{"line":699,"column":2},"end":{"line":700,"column":76}},"328":{"start":{"line":704,"column":0},"end":{"line":735,"column":1}},"329":{"start":{"line":704,"column":13},"end":{"line":704,"column":15}},"330":{"start":{"line":705,"column":17},"end":{"line":705,"column":39}},"331":{"start":{"line":706,"column":2},"end":{"line":734,"column":5}},"332":{"start":{"line":707,"column":4},"end":{"line":733,"column":5}},"333":{"start":{"line":708,"column":6},"end":{"line":732,"column":11}},"334":{"start":{"line":714,"column":24},"end":{"line":714,"column":45}},"335":{"start":{"line":715,"column":10},"end":{"line":730,"column":13}},"336":{"start":{"line":716,"column":12},"end":{"line":729,"column":13}},"337":{"start":{"line":717,"column":14},"end":{"line":721,"column":15}},"338":{"start":{"line":720,"column":16},"end":{"line":720,"column":39}},"339":{"start":{"line":722,"column":19},"end":{"line":729,"column":13}},"340":{"start":{"line":723,"column":25},"end":{"line":723,"column":79}},"341":{"start":{"line":724,"column":14},"end":{"line":728,"column":15}},"342":{"start":{"line":727,"column":16},"end":{"line":727,"column":43}},"343":{"start":{"line":731,"column":10},"end":{"line":731,"column":32}},"344":{"start":{"line":747,"column":17},"end":{"line":747,"column":63}},"345":{"start":{"line":748,"column":11},"end":{"line":748,"column":22}},"346":{"start":{"line":749,"column":13},"end":{"line":749,"column":26}},"347":{"start":{"line":750,"column":12},"end":{"line":750,"column":51}},"348":{"start":{"line":752,"column":25},"end":{"line":752,"column":60}},"349":{"start":{"line":753,"column":21},"end":{"line":753,"column":54}},"350":{"start":{"line":754,"column":2},"end":{"line":754,"column":38}},"351":{"start":{"line":756,"column":22},"end":{"line":756,"column":53}},"352":{"start":{"line":757,"column":2},"end":{"line":758,"column":60}},"353":{"start":{"line":760,"column":2},"end":{"line":760,"column":42}},"354":{"start":{"line":761,"column":2},"end":{"line":761,"column":45}},"355":{"start":{"line":765,"column":0},"end":{"line":795,"column":3}},"356":{"start":{"line":766,"column":2},"end":{"line":794,"column":3}},"357":{"start":{"line":767,"column":4},"end":{"line":793,"column":9}},"358":{"start":{"line":775,"column":31},"end":{"line":775,"column":66}},"359":{"start":{"line":776,"column":20},"end":{"line":776,"column":24}},"360":{"start":{"line":777,"column":8},"end":{"line":781,"column":9}},"361":{"start":{"line":778,"column":10},"end":{"line":778,"column":42}},"362":{"start":{"line":780,"column":10},"end":{"line":780,"column":17}},"363":{"start":{"line":782,"column":8},"end":{"line":785,"column":11}},"364":{"start":{"line":783,"column":10},"end":{"line":783,"column":30}},"365":{"start":{"line":784,"column":10},"end":{"line":784,"column":24}},"366":{"start":{"line":786,"column":8},"end":{"line":792,"column":9}},"367":{"start":{"line":787,"column":29},"end":{"line":787,"column":62}},"368":{"start":{"line":788,"column":30},"end":{"line":788,"column":61}},"369":{"start":{"line":789,"column":10},"end":{"line":789,"column":60}},"370":{"start":{"line":790,"column":10},"end":{"line":790,"column":50}},"371":{"start":{"line":791,"column":10},"end":{"line":791,"column":53}},"372":{"start":{"line":800,"column":0},"end":{"line":802,"column":3}},"373":{"start":{"line":801,"column":2},"end":{"line":801,"column":32}},"374":{"start":{"line":808,"column":2},"end":{"line":808,"column":61}},"375":{"start":{"line":815,"column":2},"end":{"line":815,"column":60}},"376":{"start":{"line":819,"column":0},"end":{"line":823,"column":1}},"377":{"start":{"line":820,"column":2},"end":{"line":820,"column":73}},"378":{"start":{"line":822,"column":2},"end":{"line":822,"column":76}},"379":{"start":{"line":825,"column":0},"end":{"line":825,"column":10}},"380":{"start":{"line":828,"column":0},"end":{"line":828,"column":51}},"381":{"start":{"line":829,"column":0},"end":{"line":829,"column":54}},"382":{"start":{"line":831,"column":0},"end":{"line":831,"column":17}},"383":{"start":{"line":832,"column":0},"end":{"line":832,"column":22}},"384":{"start":{"line":835,"column":0},"end":{"line":837,"column":1}},"385":{"start":{"line":836,"column":2},"end":{"line":836,"column":23}},"386":{"start":{"line":839,"column":0},"end":{"line":839,"column":13}},"387":{"start":{"line":842,"column":0},"end":{"line":929,"column":3}},"388":{"start":{"line":843,"column":2},"end":{"line":928,"column":3}},"389":{"start":{"line":844,"column":4},"end":{"line":927,"column":5}},"390":{"start":{"line":849,"column":6},"end":{"line":926,"column":17}}},"fnMap":{"0":{"name":"(anonymous_0)","decl":{"start":{"line":13,"column":36},"end":{"line":13,"column":37}},"loc":{"start":{"line":13,"column":48},"end":{"line":15,"column":1}},"line":13},"1":{"name":"(anonymous_1)","decl":{"start":{"line":18,"column":32},"end":{"line":18,"column":33}},"loc":{"start":{"line":18,"column":44},"end":{"line":20,"column":1}},"line":18},"2":{"name":"(anonymous_2)","decl":{"start":{"line":23,"column":34},"end":{"line":23,"column":35}},"loc":{"start":{"line":23,"column":46},"end":{"line":25,"column":1}},"line":23},"3":{"name":"(anonymous_3)","decl":{"start":{"line":28,"column":30},"end":{"line":28,"column":31}},"loc":{"start":{"line":28,"column":42},"end":{"line":30,"column":1}},"line":28},"4":{"name":"(anonymous_4)","decl":{"start":{"line":33,"column":34},"end":{"line":33,"column":35}},"loc":{"start":{"line":33,"column":46},"end":{"line":35,"column":1}},"line":33},"5":{"name":"(anonymous_5)","decl":{"start":{"line":44,"column":24},"end":{"line":44,"column":25}},"loc":{"start":{"line":44,"column":34},"end":{"line":59,"column":1}},"line":44},"6":{"name":"(anonymous_6)","decl":{"start":{"line":50,"column":18},"end":{"line":50,"column":19}},"loc":{"start":{"line":50,"column":27},"end":{"line":57,"column":7}},"line":50},"7":{"name":"(anonymous_7)","decl":{"start":{"line":61,"column":39},"end":{"line":61,"column":40}},"loc":{"start":{"line":61,"column":50},"end":{"line":86,"column":1}},"line":61},"8":{"name":"(anonymous_8)","decl":{"start":{"line":62,"column":26},"end":{"line":62,"column":27}},"loc":{"start":{"line":62,"column":36},"end":{"line":85,"column":3}},"line":62},"9":{"name":"(anonymous_9)","decl":{"start":{"line":73,"column":15},"end":{"line":73,"column":16}},"loc":{"start":{"line":73,"column":24},"end":{"line":83,"column":9}},"line":73},"10":{"name":"(anonymous_10)","decl":{"start":{"line":88,"column":24},"end":{"line":88,"column":25}},"loc":{"start":{"line":88,"column":34},"end":{"line":113,"column":1}},"line":88},"11":{"name":"(anonymous_11)","decl":{"start":{"line":95,"column":12},"end":{"line":95,"column":13}},"loc":{"start":{"line":95,"column":21},"end":{"line":111,"column":7}},"line":95},"12":{"name":"(anonymous_12)","decl":{"start":{"line":120,"column":62},"end":{"line":120,"column":63}},"loc":{"start":{"line":120,"column":68},"end":{"line":131,"column":1}},"line":120},"13":{"name":"(anonymous_13)","decl":{"start":{"line":134,"column":58},"end":{"line":134,"column":59}},"loc":{"start":{"line":134,"column":64},"end":{"line":145,"column":1}},"line":134},"14":{"name":"(anonymous_14)","decl":{"start":{"line":149,"column":24},"end":{"line":149,"column":25}},"loc":{"start":{"line":149,"column":36},"end":{"line":153,"column":1}},"line":149},"15":{"name":"(anonymous_15)","decl":{"start":{"line":156,"column":59},"end":{"line":156,"column":60}},"loc":{"start":{"line":156,"column":65},"end":{"line":169,"column":1}},"line":156},"16":{"name":"(anonymous_16)","decl":{"start":{"line":172,"column":60},"end":{"line":172,"column":61}},"loc":{"start":{"line":172,"column":66},"end":{"line":188,"column":1}},"line":172},"17":{"name":"(anonymous_17)","decl":{"start":{"line":190,"column":58},"end":{"line":190,"column":59}},"loc":{"start":{"line":190,"column":64},"end":{"line":198,"column":1}},"line":190},"18":{"name":"(anonymous_18)","decl":{"start":{"line":200,"column":60},"end":{"line":200,"column":61}},"loc":{"start":{"line":200,"column":66},"end":{"line":208,"column":1}},"line":200},"19":{"name":"(anonymous_19)","decl":{"start":{"line":210,"column":63},"end":{"line":210,"column":64}},"loc":{"start":{"line":210,"column":69},"end":{"line":229,"column":1}},"line":210},"20":{"name":"updateStyle","decl":{"start":{"line":235,"column":9},"end":{"line":235,"column":20}},"loc":{"start":{"line":235,"column":28},"end":{"line":252,"column":1}},"line":235},"21":{"name":"(anonymous_21)","decl":{"start":{"line":255,"column":25},"end":{"line":255,"column":26}},"loc":{"start":{"line":255,"column":38},"end":{"line":261,"column":1}},"line":255},"22":{"name":"(anonymous_22)","decl":{"start":{"line":264,"column":27},"end":{"line":264,"column":28}},"loc":{"start":{"line":264,"column":39},"end":{"line":266,"column":1}},"line":264},"23":{"name":"(anonymous_23)","decl":{"start":{"line":269,"column":30},"end":{"line":269,"column":31}},"loc":{"start":{"line":269,"column":42},"end":{"line":273,"column":1}},"line":269},"24":{"name":"setSignifier","decl":{"start":{"line":280,"column":9},"end":{"line":280,"column":21}},"loc":{"start":{"line":280,"column":39},"end":{"line":298,"column":1}},"line":280},"25":{"name":"setType","decl":{"start":{"line":305,"column":9},"end":{"line":305,"column":16}},"loc":{"start":{"line":305,"column":29},"end":{"line":388,"column":1}},"line":305},"26":{"name":"setStyle","decl":{"start":{"line":395,"column":9},"end":{"line":395,"column":17}},"loc":{"start":{"line":395,"column":31},"end":{"line":467,"column":1}},"line":395},"27":{"name":"setLevel","decl":{"start":{"line":474,"column":9},"end":{"line":474,"column":17}},"loc":{"start":{"line":474,"column":31},"end":{"line":478,"column":1}},"line":474},"28":{"name":"renderData","decl":{"start":{"line":485,"column":9},"end":{"line":485,"column":19}},"loc":{"start":{"line":485,"column":35},"end":{"line":630,"column":1}},"line":485},"29":{"name":"(anonymous_29)","decl":{"start":{"line":546,"column":38},"end":{"line":546,"column":39}},"loc":{"start":{"line":546,"column":55},"end":{"line":550,"column":3}},"line":546},"30":{"name":"(anonymous_30)","decl":{"start":{"line":555,"column":19},"end":{"line":555,"column":20}},"loc":{"start":{"line":555,"column":32},"end":{"line":574,"column":5}},"line":555},"31":{"name":"(anonymous_31)","decl":{"start":{"line":579,"column":20},"end":{"line":579,"column":21}},"loc":{"start":{"line":579,"column":32},"end":{"line":588,"column":5}},"line":579},"32":{"name":"(anonymous_32)","decl":{"start":{"line":593,"column":17},"end":{"line":593,"column":18}},"loc":{"start":{"line":593,"column":29},"end":{"line":604,"column":5}},"line":593},"33":{"name":"(anonymous_33)","decl":{"start":{"line":609,"column":17},"end":{"line":609,"column":18}},"loc":{"start":{"line":609,"column":29},"end":{"line":620,"column":5}},"line":609},"34":{"name":"(anonymous_34)","decl":{"start":{"line":625,"column":17},"end":{"line":625,"column":18}},"loc":{"start":{"line":625,"column":29},"end":{"line":629,"column":5}},"line":625},"35":{"name":"(anonymous_35)","decl":{"start":{"line":633,"column":36},"end":{"line":633,"column":37}},"loc":{"start":{"line":633,"column":53},"end":{"line":650,"column":1}},"line":633},"36":{"name":"showDay","decl":{"start":{"line":656,"column":9},"end":{"line":656,"column":16}},"loc":{"start":{"line":656,"column":31},"end":{"line":701,"column":1}},"line":656},"37":{"name":"(anonymous_37)","decl":{"start":{"line":657,"column":18},"end":{"line":657,"column":19}},"loc":{"start":{"line":657,"column":30},"end":{"line":665,"column":3}},"line":657},"38":{"name":"(anonymous_38)","decl":{"start":{"line":706,"column":26},"end":{"line":706,"column":27}},"loc":{"start":{"line":706,"column":36},"end":{"line":734,"column":3}},"line":706},"39":{"name":"(anonymous_39)","decl":{"start":{"line":713,"column":20},"end":{"line":713,"column":21}},"loc":{"start":{"line":713,"column":34},"end":{"line":732,"column":9}},"line":713},"40":{"name":"(anonymous_40)","decl":{"start":{"line":715,"column":26},"end":{"line":715,"column":27}},"loc":{"start":{"line":715,"column":38},"end":{"line":730,"column":11}},"line":715},"41":{"name":"renderUpcoming","decl":{"start":{"line":746,"column":9},"end":{"line":746,"column":23}},"loc":{"start":{"line":746,"column":39},"end":{"line":762,"column":1}},"line":746},"42":{"name":"(anonymous_42)","decl":{"start":{"line":765,"column":24},"end":{"line":765,"column":25}},"loc":{"start":{"line":765,"column":34},"end":{"line":795,"column":1}},"line":765},"43":{"name":"(anonymous_43)","decl":{"start":{"line":774,"column":18},"end":{"line":774,"column":19}},"loc":{"start":{"line":774,"column":32},"end":{"line":793,"column":7}},"line":774},"44":{"name":"(anonymous_44)","decl":{"start":{"line":782,"column":25},"end":{"line":782,"column":26}},"loc":{"start":{"line":782,"column":34},"end":{"line":785,"column":9}},"line":782},"45":{"name":"(anonymous_45)","decl":{"start":{"line":800,"column":29},"end":{"line":800,"column":30}},"loc":{"start":{"line":800,"column":41},"end":{"line":802,"column":1}},"line":800},"46":{"name":"overlayOn","decl":{"start":{"line":807,"column":9},"end":{"line":807,"column":18}},"loc":{"start":{"line":807,"column":21},"end":{"line":809,"column":1}},"line":807},"47":{"name":"overlayOff","decl":{"start":{"line":814,"column":9},"end":{"line":814,"column":19}},"loc":{"start":{"line":814,"column":22},"end":{"line":816,"column":1}},"line":814},"48":{"name":"(anonymous_48)","decl":{"start":{"line":842,"column":24},"end":{"line":842,"column":25}},"loc":{"start":{"line":842,"column":34},"end":{"line":929,"column":1}},"line":842}},"branchMap":{"0":{"loc":{"start":{"line":45,"column":2},"end":{"line":58,"column":3}},"type":"if","locations":[{"start":{"line":45,"column":2},"end":{"line":58,"column":3}},{"start":{"line":45,"column":2},"end":{"line":58,"column":3}}],"line":45},"1":{"loc":{"start":{"line":63,"column":4},"end":{"line":84,"column":5}},"type":"if","locations":[{"start":{"line":63,"column":4},"end":{"line":84,"column":5}},{"start":{"line":63,"column":4},"end":{"line":84,"column":5}}],"line":63},"2":{"loc":{"start":{"line":89,"column":2},"end":{"line":112,"column":3}},"type":"if","locations":[{"start":{"line":89,"column":2},"end":{"line":112,"column":3}},{"start":{"line":89,"column":2},"end":{"line":112,"column":3}}],"line":89},"3":{"loc":{"start":{"line":97,"column":10},"end":{"line":107,"column":11}},"type":"if","locations":[{"start":{"line":97,"column":10},"end":{"line":107,"column":11}},{"start":{"line":97,"column":10},"end":{"line":107,"column":11}}],"line":97},"4":{"loc":{"start":{"line":125,"column":2},"end":{"line":127,"column":3}},"type":"if","locations":[{"start":{"line":125,"column":2},"end":{"line":127,"column":3}},{"start":{"line":125,"column":2},"end":{"line":127,"column":3}}],"line":125},"5":{"loc":{"start":{"line":128,"column":2},"end":{"line":130,"column":3}},"type":"if","locations":[{"start":{"line":128,"column":2},"end":{"line":130,"column":3}},{"start":{"line":128,"column":2},"end":{"line":130,"column":3}}],"line":128},"6":{"loc":{"start":{"line":139,"column":2},"end":{"line":141,"column":3}},"type":"if","locations":[{"start":{"line":139,"column":2},"end":{"line":141,"column":3}},{"start":{"line":139,"column":2},"end":{"line":141,"column":3}}],"line":139},"7":{"loc":{"start":{"line":142,"column":2},"end":{"line":144,"column":3}},"type":"if","locations":[{"start":{"line":142,"column":2},"end":{"line":144,"column":3}},{"start":{"line":142,"column":2},"end":{"line":144,"column":3}}],"line":142},"8":{"loc":{"start":{"line":162,"column":2},"end":{"line":164,"column":3}},"type":"if","locations":[{"start":{"line":162,"column":2},"end":{"line":164,"column":3}},{"start":{"line":162,"column":2},"end":{"line":164,"column":3}}],"line":162},"9":{"loc":{"start":{"line":166,"column":2},"end":{"line":168,"column":3}},"type":"if","locations":[{"start":{"line":166,"column":2},"end":{"line":168,"column":3}},{"start":{"line":166,"column":2},"end":{"line":168,"column":3}}],"line":166},"10":{"loc":{"start":{"line":177,"column":2},"end":{"line":187,"column":3}},"type":"if","locations":[{"start":{"line":177,"column":2},"end":{"line":187,"column":3}},{"start":{"line":177,"column":2},"end":{"line":187,"column":3}}],"line":177},"11":{"loc":{"start":{"line":191,"column":2},"end":{"line":197,"column":3}},"type":"if","locations":[{"start":{"line":191,"column":2},"end":{"line":197,"column":3}},{"start":{"line":191,"column":2},"end":{"line":197,"column":3}}],"line":191},"12":{"loc":{"start":{"line":201,"column":2},"end":{"line":207,"column":3}},"type":"if","locations":[{"start":{"line":201,"column":2},"end":{"line":207,"column":3}},{"start":{"line":201,"column":2},"end":{"line":207,"column":3}}],"line":201},"13":{"loc":{"start":{"line":211,"column":2},"end":{"line":228,"column":3}},"type":"if","locations":[{"start":{"line":211,"column":2},"end":{"line":228,"column":3}},{"start":{"line":211,"column":2},"end":{"line":228,"column":3}}],"line":211},"14":{"loc":{"start":{"line":212,"column":4},"end":{"line":216,"column":5}},"type":"if","locations":[{"start":{"line":212,"column":4},"end":{"line":216,"column":5}},{"start":{"line":212,"column":4},"end":{"line":216,"column":5}}],"line":212},"15":{"loc":{"start":{"line":219,"column":4},"end":{"line":226,"column":5}},"type":"if","locations":[{"start":{"line":219,"column":4},"end":{"line":226,"column":5}},{"start":{"line":219,"column":4},"end":{"line":226,"column":5}}],"line":219},"16":{"loc":{"start":{"line":236,"column":2},"end":{"line":251,"column":3}},"type":"if","locations":[{"start":{"line":236,"column":2},"end":{"line":251,"column":3}},{"start":{"line":236,"column":2},"end":{"line":251,"column":3}}],"line":236},"17":{"loc":{"start":{"line":237,"column":4},"end":{"line":238,"column":61}},"type":"binary-expr","locations":[{"start":{"line":237,"column":4},"end":{"line":237,"column":57}},{"start":{"line":238,"column":4},"end":{"line":238,"column":61}}],"line":237},"18":{"loc":{"start":{"line":257,"column":2},"end":{"line":260,"column":3}},"type":"if","locations":[{"start":{"line":257,"column":2},"end":{"line":260,"column":3}},{"start":{"line":257,"column":2},"end":{"line":260,"column":3}}],"line":257},"19":{"loc":{"start":{"line":270,"column":2},"end":{"line":272,"column":3}},"type":"if","locations":[{"start":{"line":270,"column":2},"end":{"line":272,"column":3}},{"start":{"line":270,"column":2},"end":{"line":272,"column":3}}],"line":270},"20":{"loc":{"start":{"line":282,"column":2},"end":{"line":297,"column":3}},"type":"switch","locations":[{"start":{"line":283,"column":4},"end":{"line":286,"column":12}},{"start":{"line":287,"column":4},"end":{"line":290,"column":12}},{"start":{"line":291,"column":4},"end":{"line":294,"column":12}},{"start":{"line":295,"column":4},"end":{"line":296,"column":45}}],"line":282},"21":{"loc":{"start":{"line":307,"column":2},"end":{"line":326,"column":3}},"type":"if","locations":[{"start":{"line":307,"column":2},"end":{"line":326,"column":3}},{"start":{"line":307,"column":2},"end":{"line":326,"column":3}}],"line":307},"22":{"loc":{"start":{"line":327,"column":2},"end":{"line":387,"column":3}},"type":"switch","locations":[{"start":{"line":328,"column":4},"end":{"line":331,"column":12}},{"
[...]
69,"column":1}},"line":163},"9":{"name":"updateNavbar","decl":{"start":{"line":175,"column":9},"end":{"line":175,"column":21}},"loc":{"start":{"line":175,"column":28},"end":{"line":182,"column":1}},"line":175},"10":{"name":"resize","decl":{"start":{"line":187,"column":9},"end":{"line":187,"column":15}},"loc":{"start":{"line":187,"column":18},"end":{"line":196,"column":1}},"line":187},"11":{"name":"(anonymous_11)","decl":{"start":{"line":199,"column":24},"end":{"line":199,"column":25}},"loc":{"start":{"line":199,"column":34},"end":{"line":222,"column":1}},"line":199},"12":{"name":"(anonymous_12)","decl":{"start":{"line":205,"column":18},"end":{"line":205,"column":19}},"loc":{"start":{"line":205,"column":27},"end":{"line":220,"column":7}},"line":205},"13":{"name":"(anonymous_13)","decl":{"start":{"line":225,"column":24},"end":{"line":225,"column":25}},"loc":{"start":{"line":225,"column":34},"end":{"line":242,"column":1}},"line":225},"14":{"name":"(anonymous_14)","decl":{"start":{"line":231,"column":18},"end":{"line":231,"column":19}},"loc":{"start":{"line":231,"column":27},"end":{"line":240,"column":7}},"line":231},"15":{"name":"(anonymous_15)","decl":{"start":{"line":246,"column":34},"end":{"line":246,"column":35}},"loc":{"start":{"line":246,"column":46},"end":{"line":248,"column":3}},"line":246},"16":{"name":"(anonymous_16)","decl":{"start":{"line":252,"column":18},"end":{"line":252,"column":19}},"loc":{"start":{"line":252,"column":30},"end":{"line":269,"column":1}},"line":252},"17":{"name":"(anonymous_17)","decl":{"start":{"line":258,"column":12},"end":{"line":258,"column":13}},"loc":{"start":{"line":258,"column":26},"end":{"line":258,"column":41}},"line":258},"18":{"name":"(anonymous_18)","decl":{"start":{"line":259,"column":12},"end":{"line":259,"column":13}},"loc":{"start":{"line":259,"column":24},"end":{"line":263,"column":7}},"line":259},"19":{"name":"(anonymous_19)","decl":{"start":{"line":274,"column":20},"end":{"line":274,"column":21}},"loc":{"start":{"line":274,"column":26},"end":{"line":276,"column":1}},"line":274},"20":{"name":"(anonymous_20)","decl":{"start":{"line":278,"column":17},"end":{"line":278,"column":18}},"loc":{"start":{"line":278,"column":23},"end":{"line":291,"column":1}},"line":278},"21":{"name":"(anonymous_21)","decl":{"start":{"line":279,"column":14},"end":{"line":279,"column":15}},"loc":{"start":{"line":279,"column":20},"end":{"line":290,"column":3}},"line":279},"22":{"name":"(anonymous_22)","decl":{"start":{"line":284,"column":15},"end":{"line":284,"column":16}},"loc":{"start":{"line":284,"column":21},"end":{"line":289,"column":5}},"line":284},"23":{"name":"(anonymous_23)","decl":{"start":{"line":294,"column":24},"end":{"line":294,"column":25}},"loc":{"start":{"line":294,"column":34},"end":{"line":314,"column":1}},"line":294},"24":{"name":"(anonymous_24)","decl":{"start":{"line":301,"column":12},"end":{"line":301,"column":13}},"loc":{"start":{"line":301,"column":21},"end":{"line":309,"column":7}},"line":301},"25":{"name":"(anonymous_25)","decl":{"start":{"line":310,"column":13},"end":{"line":310,"column":14}},"loc":{"start":{"line":310,"column":22},"end":{"line":312,"column":7}},"line":310}},"branchMap":{"0":{"loc":{"start":{"line":179,"column":2},"end":{"line":181,"column":3}},"type":"if","locations":[{"start":{"line":179,"column":2},"end":{"line":181,"column":3}},{"start":{"line":179,"column":2},"end":{"line":181,"column":3}}],"line":179},"1":{"loc":{"start":{"line":189,"column":2},"end":{"line":195,"column":3}},"type":"if","locations":[{"start":{"line":189,"column":2},"end":{"line":195,"column":3}},{"start":{"line":189,"column":2},"end":{"line":195,"column":3}}],"line":189},"2":{"loc":{"start":{"line":200,"column":2},"end":{"line":221,"column":3}},"type":"if","locations":[{"start":{"line":200,"column":2},"end":{"line":221,"column":3}},{"start":{"line":200,"column":2},"end":{"line":221,"column":3}}],"line":200},"3":{"loc":{"start":{"line":215,"column":8},"end":{"line":219,"column":9}},"type":"if","locations":[{"start":{"line":215,"column":8},"end":{"line":219,"column":9}},{"start":{"line":215,"column":8},"end":{"line":219,"column":9}}],"line":215},"4":{"loc":{"start":{"line":226,"column":2},"end":{"line":241,"column":3}},"type":"if","locations":[{"start":{"line":226,"column":2},"end":{"line":241,"column":3}},{"start":{"line":226,"column":2},"end":{"line":241,"column":3}}],"line":226},"5":{"loc":{"start":{"line":245,"column":0},"end":{"line":249,"column":1}},"type":"if","locations":[{"start":{"line":245,"column":0},"end":{"line":249,"column":1}},{"start":{"line":245,"column":0},"end":{"line":249,"column":1}}],"line":245},"6":{"loc":{"start":{"line":256,"column":2},"end":{"line":268,"column":3}},"type":"if","locations":[{"start":{"line":256,"column":2},"end":{"line":268,"column":3}},{"start":{"line":256,"column":2},"end":{"line":268,"column":3}}],"line":256},"7":{"loc":{"start":{"line":295,"column":2},"end":{"line":313,"column":3}},"type":"if","locations":[{"start":{"line":295,"column":2},"end":{"line":313,"column":3}},{"start":{"line":295,"column":2},"end":{"line":313,"column":3}}],"line":295},"8":{"loc":{"start":{"line":302,"column":8},"end":{"line":308,"column":9}},"type":"if","locations":[{"start":{"line":302,"column":8},"end":{"line":308,"column":9}},{"start":{"line":302,"column":8},"end":{"line":308,"column":9}}],"line":302},"9":{"loc":{"start":{"line":302,"column":12},"end":{"line":302,"column":63}},"type":"binary-expr","locations":[{"start":{"line":302,"column":12},"end":{"line":302,"column":22}},{"start":{"line":302,"column":26},"end":{"line":302,"column":34}},{"start":{"line":302,"column":38},"end":{"line":302,"column":63}}],"line":302}},"s":{"0":37,"1":37,"2":37,"3":37,"4":37,"5":37,"6":37,"7":37,"8":37,"9":37,"10":37,"11":37,"12":37,"13":37,"14":37,"15":37,"16":37,"17":37,"18":37,"19":37,"20":37,"21":37,"22":37,"23":37,"24":37,"25":37,"26":37,"27":37,"28":37,"29":37,"30":37,"31":37,"32":37,"33":37,"34":37,"35":37,"36":37,"37":37,"38":37,"39":37,"40":37,"41":37,"42":37,"43":37,"44":146,"45":145,"46":37,"47":37,"48":37,"49":36,"50":36,"51":37,"52":37,"53":36,"54":8,"55":8,"56":8,"57":8,"58":8,"59":8,"60":8,"61":36,"62":14,"63":14,"64":14,"65":14,"66":36,"67":11,"68":11,"69":11,"70":11,"71":36,"72":24,"73":24,"74":24,"75":24,"76":24,"77":24,"78":146,"79":146,"80":146,"81":146,"82":146,"83":146,"84":57,"85":57,"86":57,"87":86,"88":92,"89":92,"90":92,"91":92,"92":49,"93":34,"94":15,"95":19,"96":37,"97":44,"98":35,"99":37,"100":37,"101":33,"102":33,"103":33,"104":37,"105":37,"106":28,"107":28,"108":28,"109":37,"110":44,"111":35,"112":43,"113":43,"114":39,"115":39,"116":39,"117":37,"118":37,"119":37,"120":37,"121":37,"122":37,"123":37,"124":37,"125":37,"126":37,"127":0,"128":0,"129":37,"130":3,"131":37,"132":37,"133":36,"134":36,"135":36,"136":36,"137":36,"138":35,"139":37,"140":44,"141":35,"142":34,"143":0},"f":{"0":146,"1":37,"2":37,"3":8,"4":14,"5":11,"6":24,"7":146,"8":57,"9":92,"10":34,"11":44,"12":37,"13":44,"14":43,"15":37,"16":37,"17":37,"18":37,"19":3,"20":37,"21":36,"22":35,"23":44,"24":34,"25":0},"b":{"0":[49,43],"1":[15,19],"2":[35,9],"3":[28,9],"4":[35,9],"5":[37,0],"6":[37,0],"7":[35,9],"8":[0,34],"9":[34,0,0]},"_coverageSchema":"1a1c01bbd47fc00a2c39e90264f33305004495a9","hash":"4c51d20ed38da88078b64f10a4f0899441e7b0b7"}
,"/home/rwake/Documents/school/cs110/cse110-sp21-group22/source/scripts/settings.js": {"path":"/home/rwake/Documents/school/cs110/cse110-sp21-group22/source/scripts/settings.js","statementMap":{"0":{"start":{"line":1,"column":0},"end":{"line":1,"column":39}},"1":{"start":{"line":2,"column":0},"end":{"line":2,"column":39}},"2":{"start":{"line":3,"column":0},"end":{"line":3,"column":41}},"3":{"start":{"line":6,"column":0},"end":{"line":8,"column":3}},"4":{"start":{"line":7,"column":2},"end":{"line":7,"column":58}},"5":{"start":{"line":11,"column":0},"end":{"line":13,"column":3}},"6":{"start":{"line":12,"column":2},"end":{"line":12,"column":58}},"7":{"start":{"line":16,"column":0},"end":{"line":18,"column":3}},"8":{"start":{"line":17,"column":2},"end":{"line":17,"column":59}},"9":{"start":{"line":21,"column":0},"end":{"line":42,"column":3}},"10":{"start":{"line":22,"column":2},"end":{"line":22,"column":76}},"11":{"start":{"line":23,"column":2},"end":{"line":37,"column":3}},"12":{"start":{"line":24,"column":4},"end":{"line":25,"column":55}},"13":{"start":{"line":26,"column":4},"end":{"line":29,"column":6}},"14":{"start":{"line":31,"column":4},"end":{"line":32,"column":54}},"15":{"start":{"line":33,"column":4},"end":{"line":36,"column":6}},"16":{"start":{"line":38,"column":2},"end":{"line":39,"column":53}},"17":{"start":{"line":40,"column":2},"end":{"line":40,"column":34}},"18":{"start":{"line":41,"column":2},"end":{"line":41,"column":27}},"19":{"start":{"line":50,"column":10},"end":{"line":50,"column":18}},"20":{"start":{"line":51,"column":8},"end":{"line":51,"column":18}},"21":{"start":{"line":52,"column":19},"end":{"line":52,"column":35}},"22":{"start":{"line":53,"column":9},"end":{"line":53,"column":14}},"23":{"start":{"line":54,"column":8},"end":{"line":54,"column":24}},"24":{"start":{"line":55,"column":8},"end":{"line":55,"column":26}},"25":{"start":{"line":56,"column":2},"end":{"line":65,"column":4}},"26":{"start":{"line":72,"column":2},"end":{"line":72,"column":17}},"27":{"start":{"line":79,"column":2},"end":{"line":98,"column":5}},"28":{"start":{"line":80,"column":4},"end":{"line":97,"column":5}},"29":{"start":{"line":81,"column":6},"end":{"line":81,"column":59}},"30":{"start":{"line":82,"column":6},"end":{"line":82,"column":71}},"31":{"start":{"line":83,"column":6},"end":{"line":83,"column":57}},"32":{"start":{"line":84,"column":6},"end":{"line":84,"column":69}},"33":{"start":{"line":86,"column":6},"end":{"line":90,"column":49}},"34":{"start":{"line":92,"column":6},"end":{"line":96,"column":49}},"35":{"start":{"line":101,"column":0},"end":{"line":103,"column":3}},"36":{"start":{"line":102,"column":2},"end":{"line":102,"column":9}},"37":{"start":{"line":106,"column":25},"end":{"line":108,"column":1}},"38":{"start":{"line":109,"column":18},"end":{"line":111,"column":2}},"39":{"start":{"line":110,"column":2},"end":{"line":110,"column":49}},"40":{"start":{"line":113,"column":0},"end":{"line":113,"column":13}}},"fnMap":{"0":{"name":"(anonymous_0)","decl":{"start":{"line":6,"column":31},"end":{"line":6,"column":32}},"loc":{"start":{"line":6,"column":43},"end":{"line":8,"column":1}},"line":6},"1":{"name":"(anonymous_1)","decl":{"start":{"line":11,"column":31},"end":{"line":11,"column":32}},"loc":{"start":{"line":11,"column":43},"end":{"line":13,"column":1}},"line":11},"2":{"name":"(anonymous_2)","decl":{"start":{"line":16,"column":32},"end":{"line":16,"column":33}},"loc":{"start":{"line":16,"column":44},"end":{"line":18,"column":1}},"line":16},"3":{"name":"(anonymous_3)","decl":{"start":{"line":21,"column":53},"end":{"line":21,"column":54}},"loc":{"start":{"line":21,"column":78},"end":{"line":42,"column":1}},"line":21},"4":{"name":"RGB_Linear_Shade","decl":{"start":{"line":49,"column":9},"end":{"line":49,"column":25}},"loc":{"start":{"line":49,"column":36},"end":{"line":66,"column":1}},"line":49},"5":{"name":"logout","decl":{"start":{"line":71,"column":9},"end":{"line":71,"column":15}},"loc":{"start":{"line":71,"column":18},"end":{"line":73,"column":1}},"line":71},"6":{"name":"save","decl":{"start":{"line":78,"column":9},"end":{"line":78,"column":13}},"loc":{"start":{"line":78,"column":16},"end":{"line":99,"column":1}},"line":78},"7":{"name":"(anonymous_7)","decl":{"start":{"line":79,"column":26},"end":{"line":79,"column":27}},"loc":{"start":{"line":79,"column":36},"end":{"line":98,"column":3}},"line":79},"8":{"name":"(anonymous_8)","decl":{"start":{"line":101,"column":29},"end":{"line":101,"column":30}},"loc":{"start":{"line":101,"column":41},"end":{"line":103,"column":1}},"line":101},"9":{"name":"(anonymous_9)","decl":{"start":{"line":109,"column":41},"end":{"line":109,"column":42}},"loc":{"start":{"line":109,"column":69},"end":{"line":111,"column":1}},"line":109}},"branchMap":{"0":{"loc":{"start":{"line":23,"column":2},"end":{"line":37,"column":3}},"type":"if","locations":[{"start":{"line":23,"column":2},"end":{"line":37,"column":3}},{"start":{"line":23,"column":2},"end":{"line":37,"column":3}}],"line":23},"1":{"loc":{"start":{"line":54,"column":8},"end":{"line":54,"column":24}},"type":"cond-expr","locations":[{"start":{"line":54,"column":13},"end":{"line":54,"column":14}},{"start":{"line":54,"column":17},"end":{"line":54,"column":24}}],"line":54},"2":{"loc":{"start":{"line":55,"column":8},"end":{"line":55,"column":26}},"type":"cond-expr","locations":[{"start":{"line":55,"column":13},"end":{"line":55,"column":18}},{"start":{"line":55,"column":21},"end":{"line":55,"column":26}}],"line":55},"3":{"loc":{"start":{"line":58,"column":5},"end":{"line":58,"column":19}},"type":"cond-expr","locations":[{"start":{"line":58,"column":9},"end":{"line":58,"column":13}},{"start":{"line":58,"column":16},"end":{"line":58,"column":19}}],"line":58},"4":{"loc":{"start":{"line":59,"column":8},"end":{"line":59,"column":45}},"type":"cond-expr","locations":[{"start":{"line":59,"column":22},"end":{"line":59,"column":32}},{"start":{"line":59,"column":35},"end":{"line":59,"column":45}}],"line":59},"5":{"loc":{"start":{"line":64,"column":5},"end":{"line":64,"column":22}},"type":"cond-expr","locations":[{"start":{"line":64,"column":9},"end":{"line":64,"column":16}},{"start":{"line":64,"column":19},"end":{"line":64,"column":22}}],"line":64},"6":{"loc":{"start":{"line":80,"column":4},"end":{"line":97,"column":5}},"type":"if","locations":[{"start":{"line":80,"column":4},"end":{"line":97,"column":5}},{"start":{"line":80,"column":4},"end":{"line":97,"column":5}}],"line":80}},"s":{"0":24,"1":24,"2":24,"3":24,"4":2,"5":24,"6":2,"7":24,"8":2,"9":24,"10":22,"11":22,"12":6,"13":6,"14":16,"15":16,"16":22,"17":22,"18":22,"19":22,"20":22,"21":22,"22":22,"23":22,"24":22,"25":22,"26":11,"27":28,"28":30,"29":16,"30":16,"31":16,"32":16,"33":16,"34":16,"35":24,"36":20,"37":24,"38":24,"39":24,"40":24},"f":{"0":2,"1":2,"2":2,"3":22,"4":22,"5":11,"6":28,"7":30,"8":20,"9":24},"b":{"0":[6,16],"1":[6,16],"2":[6,16],"3":[0,22],"4":[0,22],"5":[0,22],"6":[16,14]},"_coverageSchema":"1a1c01bbd47fc00a2c39e90264f33305004495a9","hash":"11884b0d1400a8f655762ba383f041f20629a01d"}
,"/home/rwake/Documents/school/cs110/cse110-sp21-group22/source/scripts/signup.js": {"path":"/home/rwake/Documents/school/cs110/cse110-sp21-group22/source/scripts/signup.js","statementMap":{"0":{"start":{"line":2,"column":0},"end":{"line":6,"column":3}},"1":{"start":{"line":3,"column":2},"end":{"line":5,"column":3}},"2":{"start":{"line":4,"column":4},"end":{"line":4,"column":20}},"3":{"start":{"line":8,"column":15},"end":{"line":8,"column":53}},"4":{"start":{"line":9,"column":21},"end":{"line":9,"column":55}},"5":{"start":{"line":10,"column":0},"end":{"line":15,"column":3}},"6":{"start":{"line":11,"column":2},"end":{"line":14,"column":5}},"7":{"start":{"line":12,"column":25},"end":{"line":12,"column":64}},"8":{"start":{"line":13,"column":4},"end":{"line":13,"column":43}},"9":{"start":{"line":17,"column":16},"end":{"line":17,"column":64}},"10":{"start":{"line":18,"column":24},"end":{"line":18,"column":58}},"11":{"start":{"line":19,"column":0},"end":{"line":24,"column":3}},"12":{"start":{"line":20,"column":2},"end":{"line":23,"column":5}},"13":{"start":{"line":21,"column":25},"end":{"line":21,"column":64}},"14":{"start":{"line":22,"column":4},"end":{"line":22,"column":43}},"15":{"start":{"line":26,"column":19},"end":{"line":26,"column":57}},"16":{"start":{"line":27,"column":0},"end":{"line":37,"column":3}},"17":{"start":{"line":28,"column":2},"end":{"line":28,"column":21}},"18":{"start":{"line":29,"column":16},"end":{"line":29,"column":41}},"19":{"start":{"line":30,"column":19},"end":{"line":30,"column":47}},"20":{"start":{"line":31,"column":15},"end":{"line":31,"column":39}},"21":{"start":{"line":32,"column":2},"end":{"line":32,"column":21}},"22":{"start":{"line":33,"column":2},"end":{"line":36,"column":5}},"23":{"start":{"line":34,"column":25},"end":{"line":34,"column":64}},"24":{"start":{"line":35,"column":4},"end":{"line":35,"column":41}}},"fnMap":{"0":{"name":"(anonymous_0)","decl":{"start":{"line":2,"column":24},"end":{"line":2,"column":25}},"loc":{"start":{"line":2,"column":34},"end":{"line":6,"column":1}},"line":2},"1":{"name":"(anonymous_1)","decl":{"start":{"line":10,"column":39},"end":{"line":10,"column":40}},"loc":{"start":{"line":10,"column":51},"end":{"line":15,"column":1}},"line":10},"2":{"name":"(anonymous_2)","decl":{"start":{"line":11,"column":39},"end":{"line":11,"column":40}},"loc":{"start":{"line":11,"column":50},"end":{"line":14,"column":3}},"line":11},"3":{"name":"(anonymous_3)","decl":{"start":{"line":19,"column":42},"end":{"line":19,"column":43}},"loc":{"start":{"line":19,"column":54},"end":{"line":24,"column":1}},"line":19},"4":{"name":"(anonymous_4)","decl":{"start":{"line":20,"column":40},"end":{"line":20,"column":41}},"loc":{"start":{"line":20,"column":51},"end":{"line":23,"column":3}},"line":20},"5":{"name":"(anonymous_5)","decl":{"start":{"line":27,"column":38},"end":{"line":27,"column":39}},"loc":{"start":{"line":27,"column":45},"end":{"line":37,"column":1}},"line":27},"6":{"name":"(anonymous_6)","decl":{"start":{"line":33,"column":61},"end":{"line":33,"column":62}},"loc":{"start":{"line":33,"column":70},"end":{"line":36,"column":3}},"line":33}},"branchMap":{"0":{"loc":{"start":{"line":3,"column":2},"end":{"line":5,"column":3}},"type":"if","locations":[{"start":{"line":3,"column":2},"end":{"line":5,"column":3}},{"start":{"line":3,"column":2},"end":{"line":5,"column":3}}],"line":3}},"s":{"0":6,"1":9,"2":5,"3":6,"4":6,"5":6,"6":0,"7":0,"8":0,"9":6,"10":6,"11":6,"12":0,"13":0,"14":0,"15":6,"16":6,"17":6,"18":6,"19":6,"20":6,"21":6,"22":6,"23":3,"24":3},"f":{"0":9,"1":0,"2":0,"3":0,"4":0,"5":6,"6":3},"b":{"0":[5,4]},"_coverageSchema":"1a1c01bbd47fc00a2c39e90264f33305004495a9","hash":"308a38cd2bede5ca74d5f335dfbaf4bd5830d22a"}
,"/home/rwake/Documents/school/cs110/cse110-sp21-group22/source/scripts/sw.js": {"path":"/home/rwake/Documents/school/cs110/cse110-sp21-group22/source/scripts/sw.js","statementMap":{"0":{"start":{"line":1,"column":17},"end":{"line":1,"column":29}},"1":{"start":{"line":2,"column":21},"end":{"line":38,"column":1}},"2":{"start":{"line":41,"column":0},"end":{"line":47,"column":3}},"3":{"start":{"line":42,"column":2},"end":{"line":46,"column":4}},"4":{"start":{"line":44,"column":6},"end":{"line":44,"column":42}},"5":{"start":{"line":50,"column":0},"end":{"line":56,"column":3}},"6":{"start":{"line":51,"column":2},"end":{"line":55,"column":4}},"7":{"start":{"line":53,"column":6},"end":{"line":53,"column":46}}},"fnMap":{"0":{"name":"(anonymous_0)","decl":{"start":{"line":41,"column":33},"end":{"line":41,"column":34}},"loc":{"start":{"line":41,"column":50},"end":{"line":47,"column":1}},"line":41},"1":{"name":"(anonymous_1)","decl":{"start":{"line":43,"column":33},"end":{"line":43,"column":34}},"loc":{"start":{"line":43,"column":50},"end":{"line":45,"column":5}},"line":43},"2":{"name":"(anonymous_2)","decl":{"start":{"line":50,"column":31},"end":{"line":50,"column":32}},"loc":{"start":{"line":50,"column":48},"end":{"line":56,"column":1}},"line":50},"3":{"name":"(anonymous_3)","decl":{"start":{"line":52,"column":37},"end":{"line":52,"column":38}},"loc":{"start":{"line":52,"column":57},"end":{"line":54,"column":5}},"line":52}},"branchMap":{"0":{"loc":{"start":{"line":53,"column":13},"end":{"line":53,"column":45}},"type":"binary-expr","locations":[{"start":{"line":53,"column":13},"end":{"line":53,"column":21}},{"start":{"line":53,"column":25},"end":{"line":53,"column":45}}],"line":53}},"s":{"0":37,"1":37,"2":37,"3":0,"4":0,"5":37,"6":0,"7":0},"f":{"0":0,"1":0,"2":0,"3":0},"b":{"0":[0,0]},"_coverageSchema":"1a1c01bbd47fc00a2c39e90264f33305004495a9","hash":"1fb3c0109886bc9dba7220d3b057aae9737e2338"}
}
