{"total": {"lines":{"total":971,"covered":899,"skipped":0,"pct":92.58},"statements":{"total":972,"covered":900,"skipped":0,"pct":92.59},"functions":{"total":182,"covered":159,"skipped":0,"pct":87.36},"branches":{"total":241,"covered":182,"skipped":0,"pct":75.52}}
,"/Users/shanqing/Documents/CSE110/cse110-sp21-group22/source/scripts/app.js": {"lines":{"total":57,"covered":57,"skipped":0,"pct":100},"functions":{"total":26,"covered":22,"skipped":0,"pct":84.62},"statements":{"total":57,"covered":57,"skipped":0,"pct":100},"branches":{"total":16,"covered":12,"skipped":0,"pct":75}}
,"/Users/shanqing/Documents/CSE110/cse110-sp21-group22/source/scripts/calendar.js": {"lines":{"total":166,"covered":163,"skipped":0,"pct":98.19},"functions":{"total":21,"covered":20,"skipped":0,"pct":95.24},"statements":{"total":166,"covered":163,"skipped":0,"pct":98.19},"branches":{"total":39,"covered":29,"skipped":0,"pct":74.36}}
,"/Users/shanqing/Documents/CSE110/cse110-sp21-group22/source/scripts/color.js": {"lines":{"total":19,"covered":18,"skipped":0,"pct":94.74},"functions":{"total":7,"covered":6,"skipped":0,"pct":85.71},"statements":{"total":19,"covered":18,"skipped":0,"pct":94.74},"branches":{"total":6,"covered":4,"skipped":0,"pct":66.67}}
,"/Users/shanqing/Documents/CSE110/cse110-sp21-group22/source/scripts/index.js": {"lines":{"total":389,"covered":348,"skipped":0,"pct":89.46},"functions":{"total":51,"covered":49,"skipped":0,"pct":96.08},"statements":{"total":390,"covered":349,"skipped":0,"pct":89.49},"branches":{"total":121,"covered":92,"skipped":0,"pct":76.03}}
,"/Users/shanqing/Documents/CSE110/cse110-sp21-group22/source/scripts/login.js": {"lines":{"total":26,"covered":18,"skipped":0,"pct":69.23},"functions":{"total":10,"covered":4,"skipped":0,"pct":40},"statements":{"total":26,"covered":18,"skipped":0,"pct":69.23},"branches":{"total":2,"covered":2,"skipped":0,"pct":100}}
,"/Users/shanqing/Documents/CSE110/cse110-sp21-group22/source/scripts/moodFunctionality.js": {"lines":{"total":85,"covered":79,"skipped":0,"pct":92.94},"functions":{"total":16,"covered":16,"skipped":0,"pct":100},"statements":{"total":85,"covered":79,"skipped":0,"pct":92.94},"branches":{"total":18,"covered":14,"skipped":0,"pct":77.78}}
,"/Users/shanqing/Documents/CSE110/cse110-sp21-group22/source/scripts/reset.js": {"lines":{"total":11,"covered":11,"skipped":0,"pct":100},"functions":{"total":4,"covered":4,"skipped":0,"pct":100},"statements":{"total":11,"covered":11,"skipped":0,"pct":100},"branches":{"total":0,"covered":0,"skipped":0,"pct":100}}
,"/Users/shanqing/Documents/CSE110/cse110-sp21-group22/source/scripts/router.js": {"lines":{"total":144,"covered":141,"skipped":0,"pct":97.92},"functions":{"total":26,"covered":25,"skipped":0,"pct":96.15},"statements":{"total":144,"covered":141,"skipped":0,"pct":97.92},"branches":{"total":21,"covered":16,"skipped":0,"pct":76.19}}
,"/Users/shanqing/Documents/CSE110/cse110-sp21-group22/source/scripts/settings.js": {"lines":{"total":41,"covered":41,"skipped":0,"pct":100},"functions":{"total":10,"covered":10,"skipped":0,"pct":100},"statements":{"total":41,"covered":41,"skipped":0,"pct":100},"branches":{"total":14,"covered":11,"skipped":0,"pct":78.57}}
,"/Users/shanqing/Documents/CSE110/cse110-sp21-group22/source/scripts/signup.js": {"lines":{"total":25,"covered":19,"skipped":0,"pct":76},"functions":{"total":7,"covered":3,"skipped":0,"pct":42.86},"statements":{"total":25,"covered":19,"skipped":0,"pct":76},"branches":{"total":2,"covered":2,"skipped":0,"pct":100}}
,"/Users/shanqing/Documents/CSE110/cse110-sp21-group22/source/scripts/sw.js": {"lines":{"total":8,"covered":4,"skipped":0,"pct":50},"functions":{"total":4,"covered":0,"skipped":0,"pct":0},"statements":{"total":8,"covered":4,"skipped":0,"pct":50},"branches":{"total":2,"covered":0,"skipped":0,"pct":0}}
}
