TN:
SF:source/scripts/app.js
FN:2,(anonymous_0)
FN:11,PageLoaded
FN:19,PageUnloaded
FN:27,NavbarLoaded
FN:35,setTextColor
FN:51,lightOrDark
FN:79,daysIntoYear
FN:96,doyToDate
FN:111,(anonymous_8)
FN:124,(anonymous_9)
FN:125,(anonymous_10)
FN:136,(anonymous_11)
FN:147,(anonymous_12)
FN:148,(anonymous_13)
FN:158,(anonymous_14)
FN:175,(anonymous_15)
FN:185,(anonymous_16)
FN:186,(anonymous_17)
FN:196,(anonymous_18)
FN:206,(anonymous_19)
FN:207,(anonymous_20)
FN:216,(anonymous_21)
FN:226,(anonymous_22)
FN:238,(anonymous_23)
FN:253,(anonymous_24)
FN:261,(anonymous_25)
FNF:26
FNH:15
FNDA:16,(anonymous_0)
FNDA:31,PageLoaded
FNDA:22,PageUnloaded
FNDA:12,NavbarLoaded
FNDA:116,setTextColor
FNDA:123,lightOrDark
FNDA:249,daysIntoYear
FNDA:32,doyToDate
FNDA:2,(anonymous_8)
FNDA:0,(anonymous_9)
FNDA:0,(anonymous_10)
FNDA:0,(anonymous_11)
FNDA:0,(anonymous_12)
FNDA:0,(anonymous_13)
FNDA:0,(anonymous_14)
FNDA:40,(anonymous_15)
FNDA:14,(anonymous_16)
FNDA:14,(anonymous_17)
FNDA:0,(anonymous_18)
FNDA:0,(anonymous_19)
FNDA:0,(anonymous_20)
FNDA:0,(anonymous_21)
FNDA:0,(anonymous_22)
FNDA:2,(anonymous_23)
FNDA:14,(anonymous_24)
FNDA:26,(anonymous_25)
DA:2,12
DA:3,16
DA:4,4
DA:12,31
DA:13,31
DA:20,22
DA:21,22
DA:28,12
DA:36,116
DA:39,116
DA:40,0
DA:42,116
DA:52,123
DA:53,36
DA:57,87
DA:59,87
DA:60,87
DA:61,87
DA:64,87
DA:67,87
DA:68,0
DA:70,87
DA:80,249
DA:97,32
DA:112,2
DA:113,2
DA:114,2
DA:115,2
DA:116,2
DA:117,2
DA:125,0
DA:126,0
DA:127,0
DA:128,0
DA:148,0
DA:149,0
DA:150,0
DA:151,0
DA:176,40
DA:177,40
DA:178,40
DA:179,40
DA:186,14
DA:187,14
DA:188,14
DA:207,0
DA:208,0
DA:209,0
DA:225,12
DA:227,0
DA:228,0
DA:239,2
DA:240,2
DA:252,12
DA:254,14
DA:262,26
DA:263,26
LF:57
LH:42
BRDA:3,0,0,4
BRDA:3,0,1,12
BRDA:39,1,0,0
BRDA:39,1,1,116
BRDA:52,2,0,36
BRDA:52,2,1,87
BRDA:67,3,0,0
BRDA:67,3,1,87
BRDA:126,4,0,0
BRDA:126,4,1,0
BRDA:149,5,0,0
BRDA:149,5,1,0
BRDA:187,6,0,14
BRDA:187,6,1,0
BRDA:208,7,0,0
BRDA:208,7,1,0
BRF:16
BRH:7
end_of_record
TN:
SF:source/scripts/calendar.js
FN:8,(anonymous_0)
FN:14,(anonymous_1)
FN:35,cal_date
FN:49,update_bar
FN:73,update_progress
FN:76,(anonymous_5)
FN:87,(anonymous_6)
FN:104,select
FN:124,btn
FN:125,(anonymous_9)
FN:135,progress_func
FN:138,(anonymous_11)
FN:160,(anonymous_12)
FN:166,(anonymous_13)
FN:174,renderData
FN:260,(anonymous_15)
FN:267,(anonymous_16)
FN:270,(anonymous_17)
FN:294,(anonymous_18)
FN:301,(anonymous_19)
FN:306,(anonymous_20)
FNF:21
FNH:19
FNDA:6,(anonymous_0)
FNDA:26,(anonymous_1)
FNDA:44,cal_date
FNDA:44,update_bar
FNDA:6,update_progress
FNDA:4,(anonymous_5)
FNDA:8,(anonymous_6)
FNDA:12,select
FNDA:6,btn
FNDA:0,(anonymous_9)
FNDA:34,progress_func
FNDA:34,(anonymous_11)
FNDA:4,(anonymous_12)
FNDA:4,(anonymous_13)
FNDA:6,renderData
FNDA:6,(anonymous_15)
FNDA:14,(anonymous_16)
FNDA:16,(anonymous_17)
FNDA:2,(anonymous_18)
FNDA:0,(anonymous_19)
FNDA:2,(anonymous_20)
DA:1,6
DA:2,6
DA:3,6
DA:5,6
DA:6,6
DA:8,6
DA:9,6
DA:10,6
DA:15,26
DA:16,26
DA:17,26
DA:18,26
DA:19,26
DA:20,26
DA:36,44
DA:37,44
DA:38,44
DA:39,44
DA:40,44
DA:41,44
DA:50,44
DA:51,44
DA:52,0
DA:54,44
DA:55,2
DA:56,42
DA:57,4
DA:58,38
DA:59,10
DA:60,28
DA:61,0
DA:63,28
DA:65,44
DA:74,6
DA:75,6
DA:76,6
DA:77,4
DA:78,4
DA:79,4
DA:82,4
DA:83,4
DA:84,4
DA:85,4
DA:87,6
DA:88,8
DA:89,8
DA:90,8
DA:93,8
DA:94,8
DA:95,8
DA:96,8
DA:105,12
DA:108,12
DA:109,12
DA:114,12
DA:115,12
DA:125,6
DA:126,0
DA:127,0
DA:128,0
DA:136,34
DA:137,34
DA:138,34
DA:139,34
DA:140,34
DA:147,34
DA:148,34
DA:152,26
DA:153,26
DA:154,26
DA:158,6
DA:161,4
DA:164,6
DA:167,4
DA:175,6
DA:176,6
DA:177,6
DA:178,6
DA:179,6
DA:181,6
DA:182,6
DA:183,6
DA:184,6
DA:185,6
DA:186,6
DA:187,6
DA:189,6
DA:190,6
DA:191,6
DA:193,6
DA:194,6
DA:195,6
DA:196,6
DA:197,6
DA:198,6
DA:199,6
DA:200,6
DA:201,6
DA:202,6
DA:203,6
DA:214,6
DA:215,6
DA:216,6
DA:217,6
DA:218,6
DA:219,6
DA:220,6
DA:221,6
DA:222,6
DA:223,6
DA:224,6
DA:226,6
DA:227,6
DA:228,6
DA:229,6
DA:230,6
DA:231,6
DA:232,6
DA:233,6
DA:234,6
DA:236,6
DA:237,6
DA:238,6
DA:239,6
DA:241,6
DA:242,6
DA:243,6
DA:244,6
DA:245,6
DA:246,6
DA:248,6
DA:249,6
DA:250,6
DA:251,6
DA:253,6
DA:254,6
DA:255,6
DA:256,6
DA:260,6
DA:261,6
DA:262,6
DA:268,14
DA:269,14
DA:270,14
DA:271,16
DA:272,10
DA:275,8
DA:277,6
DA:278,0
DA:281,0
DA:285,0
DA:294,6
DA:295,2
DA:296,2
DA:297,2
DA:301,6
DA:302,0
DA:306,6
DA:307,2
DA:308,2
DA:309,2
DA:310,2
DA:311,2
DA:312,2
DA:313,2
DA:316,6
LF:166
LH:157
BRDA:9,0,0,6
BRDA:9,0,1,0
BRDA:51,1,0,0
BRDA:51,1,1,44
BRDA:54,2,0,2
BRDA:54,2,1,42
BRDA:56,3,0,4
BRDA:56,3,1,38
BRDA:56,4,0,42
BRDA:56,4,1,4
BRDA:58,5,0,10
BRDA:58,5,1,28
BRDA:58,6,0,38
BRDA:58,6,1,10
BRDA:60,7,0,0
BRDA:60,7,1,28
BRDA:60,8,0,28
BRDA:60,8,1,0
BRDA:109,9,0,12
BRDA:109,9,1,0
BRDA:110,10,0,12
BRDA:110,10,1,12
BRDA:110,10,2,12
BRDA:139,11,0,34
BRDA:139,11,1,0
BRDA:147,12,0,34
BRDA:147,12,1,0
BRDA:147,13,0,34
BRDA:147,13,1,34
BRDA:261,14,0,6
BRDA:261,14,1,0
BRDA:271,15,0,10
BRDA:271,15,1,6
BRDA:272,16,0,8
BRDA:272,16,1,2
BRDA:277,17,0,0
BRDA:277,17,1,6
BRDA:281,18,0,0
BRDA:281,18,1,0
BRF:39
BRH:28
end_of_record
TN:
SF:source/scripts/color.js
FN:7,colorChange
FN:15,(anonymous_1)
FN:23,(anonymous_2)
FN:37,setIcon
FN:38,(anonymous_4)
FN:45,(anonymous_5)
FN:52,(anonymous_6)
FNF:7
FNH:6
FNDA:10,colorChange
FNDA:20,(anonymous_1)
FNDA:0,(anonymous_2)
FNDA:16,setIcon
FNDA:21,(anonymous_4)
FNDA:12,(anonymous_5)
FNDA:1,(anonymous_6)
DA:8,10
DA:9,10
DA:10,10
DA:11,10
DA:12,10
DA:13,10
DA:14,10
DA:15,10
DA:16,20
DA:17,10
DA:18,10
DA:24,0
DA:38,16
DA:39,21
DA:40,16
DA:46,12
DA:47,12
DA:48,12
DA:49,12
LF:19
LH:18
BRDA:16,0,0,10
BRDA:16,0,1,10
BRDA:39,1,0,16
BRDA:39,1,1,5
BRDA:46,2,0,12
BRDA:46,2,1,0
BRF:6
BRH:5
end_of_record
TN:
SF:source/scripts/index.js
FN:13,(anonymous_0)
FN:18,(anonymous_1)
FN:23,(anonymous_2)
FN:28,(anonymous_3)
FN:33,(anonymous_4)
FN:44,(anonymous_5)
FN:50,(anonymous_6)
FN:61,(anonymous_7)
FN:62,(anonymous_8)
FN:73,(anonymous_9)
FN:88,(anonymous_10)
FN:95,(anonymous_11)
FN:120,(anonymous_12)
FN:134,(anonymous_13)
FN:149,(anonymous_14)
FN:156,(anonymous_15)
FN:172,(anonymous_16)
FN:190,(anonymous_17)
FN:200,(anonymous_18)
FN:210,(anonymous_19)
FN:235,updateStyle
FN:255,(anonymous_21)
FN:264,(anonymous_22)
FN:269,(anonymous_23)
FN:280,setSignifier
FN:305,setType
FN:395,setStyle
FN:474,setLevel
FN:485,renderData
FN:546,(anonymous_29)
FN:555,(anonymous_30)
FN:579,(anonymous_31)
FN:593,(anonymous_32)
FN:609,(anonymous_33)
FN:625,(anonymous_34)
FN:633,(anonymous_35)
FN:656,showDay
FN:657,(anonymous_37)
FN:706,(anonymous_38)
FN:713,(anonymous_39)
FN:715,(anonymous_40)
FN:746,renderUpcoming
FN:765,(anonymous_42)
FN:774,(anonymous_43)
FN:782,(anonymous_44)
FN:800,(anonymous_45)
FN:807,overlayOn
FN:814,overlayOff
FN:842,(anonymous_48)
FNF:49
FNH:31
FNDA:1,(anonymous_0)
FNDA:1,(anonymous_1)
FNDA:1,(anonymous_2)
FNDA:1,(anonymous_3)
FNDA:1,(anonymous_4)
FNDA:16,(anonymous_5)
FNDA:17,(anonymous_6)
FNDA:4,(anonymous_7)
FNDA:4,(anonymous_8)
FNDA:0,(anonymous_9)
FNDA:16,(anonymous_10)
FNDA:8,(anonymous_11)
FNDA:3,(anonymous_12)
FNDA:4,(anonymous_13)
FNDA:100,(anonymous_14)
FNDA:2,(anonymous_15)
FNDA:0,(anonymous_16)
FNDA:0,(anonymous_17)
FNDA:0,(anonymous_18)
FNDA:1,(anonymous_19)
FNDA:0,updateStyle
FNDA:0,(anonymous_21)
FNDA:0,(anonymous_22)
FNDA:0,(anonymous_23)
FNDA:2,setSignifier
FNDA:2,setType
FNDA:2,setStyle
FNDA:4,setLevel
FNDA:2,renderData
FNDA:0,(anonymous_29)
FNDA:0,(anonymous_30)
FNDA:0,(anonymous_31)
FNDA:0,(anonymous_32)
FNDA:0,(anonymous_33)
FNDA:0,(anonymous_34)
FNDA:0,(anonymous_35)
FNDA:78,showDay
FNDA:14,(anonymous_37)
FNDA:112,(anonymous_38)
FNDA:56,(anonymous_39)
FNDA:0,(anonymous_40)
FNDA:20,renderUpcoming
FNDA:16,(anonymous_42)
FNDA:21,(anonymous_43)
FNDA:20,(anonymous_44)
FNDA:9,(anonymous_45)
FNDA:0,overlayOn
FNDA:0,overlayOff
FNDA:16,(anonymous_48)
DA:1,15
DA:2,15
DA:3,15
DA:4,15
DA:5,15
DA:6,15
DA:7,15
DA:8,15
DA:10,15
DA:13,15
DA:14,1
DA:18,13
DA:19,1
DA:23,13
DA:24,1
DA:28,13
DA:29,1
DA:33,13
DA:34,1
DA:39,13
DA:40,13
DA:41,13
DA:42,13
DA:44,13
DA:45,16
DA:46,13
DA:51,17
DA:52,17
DA:53,17
DA:61,13
DA:62,4
DA:63,4
DA:64,4
DA:74,0
DA:88,13
DA:89,16
DA:90,13
DA:96,8
DA:97,8
DA:98,0
DA:120,13
DA:121,3
DA:122,3
DA:125,3
DA:126,0
DA:128,3
DA:129,1
DA:134,13
DA:135,4
DA:136,4
DA:139,4
DA:140,0
DA:142,4
DA:143,1
DA:147,13
DA:149,13
DA:150,100
DA:151,100
DA:152,100
DA:156,13
DA:157,2
DA:158,2
DA:160,2
DA:161,2
DA:162,2
DA:163,0
DA:166,2
DA:167,0
DA:172,13
DA:173,0
DA:174,0
DA:175,0
DA:177,0
DA:178,0
DA:179,0
DA:181,0
DA:183,0
DA:184,0
DA:186,0
DA:190,13
DA:191,0
DA:192,0
DA:193,0
DA:195,0
DA:196,0
DA:200,13
DA:201,0
DA:202,0
DA:203,0
DA:205,0
DA:206,0
DA:210,13
DA:211,1
DA:212,0
DA:213,0
DA:215,0
DA:217,0
DA:219,0
DA:220,0
DA:225,0
DA:227,0
DA:236,0
DA:240,0
DA:241,0
DA:242,0
DA:243,0
DA:244,0
DA:245,0
DA:246,0
DA:247,0
DA:248,0
DA:249,0
DA:250,0
DA:255,13
DA:257,0
DA:259,0
DA:264,13
DA:265,0
DA:269,13
DA:270,0
DA:271,0
DA:281,2
DA:282,2
DA:284,0
DA:285,0
DA:286,0
DA:288,0
DA:289,0
DA:290,0
DA:292,0
DA:293,0
DA:294,0
DA:296,2
DA:306,2
DA:307,2
DA:315,0
DA:321,2
DA:327,2
DA:329,0
DA:330,0
DA:331,0
DA:333,0
DA:334,0
DA:335,0
DA:343,0
DA:349,0
DA:355,0
DA:357,0
DA:358,0
DA:359,0
DA:361,0
DA:362,0
DA:363,0
DA:371,0
DA:377,0
DA:383,0
DA:385,2
DA:386,2
DA:396,2
DA:397,2
DA:398,2
DA:399,0
DA:401,2
DA:403,2
DA:405,0
DA:406,0
DA:408,0
DA:409,0
DA:411,0
DA:412,0
DA:413,0
DA:415,0
DA:418,0
DA:422,0
DA:424,0
DA:426,0
DA:427,0
DA:430,0
DA:434,0
DA:436,0
DA:438,0
DA:439,0
DA:442,0
DA:446,0
DA:448,0
DA:450,0
DA:451,0
DA:452,0
DA:455,0
DA:459,0
DA:461,0
DA:463,2
DA:464,2
DA:465,2
DA:475,4
DA:476,4
DA:477,4
DA:486,2
DA:489,2
DA:490,2
DA:491,2
DA:492,2
DA:493,2
DA:496,2
DA:497,2
DA:498,2
DA:499,2
DA:500,2
DA:501,2
DA:504,2
DA:505,2
DA:506,2
DA:507,2
DA:508,2
DA:509,2
DA:512,2
DA:513,2
DA:514,2
DA:515,2
DA:516,0
DA:518,2
DA:520,2
DA:521,2
DA:522,2
DA:525,2
DA:526,2
DA:527,2
DA:528,2
DA:529,2
DA:532,2
DA:533,2
DA:534,2
DA:535,2
DA:537,2
DA:538,2
DA:539,2
DA:540,2
DA:541,2
DA:542,2
DA:543,2
DA:546,2
DA:547,0
DA:548,0
DA:553,2
DA:556,0
DA:558,0
DA:559,0
DA:560,0
DA:561,0
DA:566,0
DA:567,0
DA:568,0
DA:569,0
DA:570,0
DA:571,0
DA:572,0
DA:577,2
DA:580,0
DA:581,0
DA:582,0
DA:583,0
DA:584,0
DA:585,0
DA:586,0
DA:587,0
DA:591,2
DA:594,0
DA:595,0
DA:596,0
DA:597,0
DA:598,0
DA:599,0
DA:600,0
DA:601,0
DA:602,0
DA:603,0
DA:607,2
DA:610,0
DA:611,0
DA:612,0
DA:613,0
DA:614,0
DA:615,0
DA:616,0
DA:617,0
DA:618,0
DA:619,0
DA:623,2
DA:626,0
DA:627,0
DA:628,0
DA:633,13
DA:634,0
DA:635,0
DA:636,0
DA:639,0
DA:641,0
DA:644,0
DA:645,0
DA:646,0
DA:647,0
DA:648,0
DA:657,78
DA:658,14
DA:659,0
DA:660,0
DA:662,14
DA:663,14
DA:667,78
DA:669,78
DA:670,78
DA:671,78
DA:674,78
DA:676,0
DA:677,0
DA:678,0
DA:680,0
DA:681,0
DA:684,78
DA:685,0
DA:686,0
DA:689,0
DA:690,0
DA:691,0
DA:695,78
DA:696,78
DA:697,78
DA:699,78
DA:704,13
DA:705,91
DA:706,91
DA:707,112
DA:708,91
DA:714,56
DA:715,56
DA:716,0
DA:717,0
DA:720,0
DA:722,0
DA:723,0
DA:724,0
DA:727,0
DA:731,56
DA:747,20
DA:748,20
DA:749,20
DA:750,20
DA:752,20
DA:753,20
DA:754,20
DA:756,20
DA:757,20
DA:760,20
DA:761,20
DA:765,13
DA:766,16
DA:767,13
DA:775,21
DA:776,21
DA:777,21
DA:778,15
DA:780,6
DA:782,15
DA:783,20
DA:784,20
DA:786,15
DA:787,0
DA:788,0
DA:789,0
DA:790,0
DA:791,0
DA:800,13
DA:801,9
DA:808,0
DA:815,0
DA:819,13
DA:820,0
DA:822,13
DA:825,13
DA:828,13
DA:829,13
DA:831,13
DA:832,13
DA:835,13
DA:836,0
DA:839,13
DA:842,13
DA:843,16
DA:844,13
DA:849,0
LF:390
LH:198
BRDA:45,0,0,13
BRDA:45,0,1,3
BRDA:63,1,0,4
BRDA:63,1,1,0
BRDA:89,2,0,13
BRDA:89,2,1,3
BRDA:97,3,0,0
BRDA:97,3,1,8
BRDA:125,4,0,0
BRDA:125,4,1,3
BRDA:128,5,0,1
BRDA:128,5,1,2
BRDA:139,6,0,0
BRDA:139,6,1,4
BRDA:142,7,0,1
BRDA:142,7,1,3
BRDA:162,8,0,0
BRDA:162,8,1,2
BRDA:166,9,0,0
BRDA:166,9,1,2
BRDA:177,10,0,0
BRDA:177,10,1,0
BRDA:191,11,0,0
BRDA:191,11,1,0
BRDA:201,12,0,0
BRDA:201,12,1,0
BRDA:211,13,0,0
BRDA:211,13,1,0
BRDA:212,14,0,0
BRDA:212,14,1,0
BRDA:219,15,0,0
BRDA:219,15,1,0
BRDA:236,16,0,0
BRDA:236,16,1,0
BRDA:237,17,0,0
BRDA:237,17,1,0
BRDA:257,18,0,0
BRDA:257,18,1,0
BRDA:270,19,0,0
BRDA:270,19,1,0
BRDA:282,20,0,0
BRDA:282,20,1,0
BRDA:282,20,2,0
BRDA:282,20,3,2
BRDA:307,21,0,0
BRDA:307,21,1,2
BRDA:327,22,0,0
BRDA:327,22,1,0
BRDA:327,22,2,0
BRDA:327,22,3,0
BRDA:327,22,4,2
BRDA:335,23,0,0
BRDA:335,23,1,0
BRDA:363,24,0,0
BRDA:363,24,1,0
BRDA:398,25,0,0
BRDA:398,25,1,2
BRDA:403,26,0,0
BRDA:403,26,1,0
BRDA:403,26,2,0
BRDA:403,26,3,0
BRDA:403,26,4,0
BRDA:403,26,5,0
BRDA:403,26,6,0
BRDA:403,26,7,2
BRDA:415,27,0,0
BRDA:415,27,1,0
BRDA:427,28,0,0
BRDA:427,28,1,0
BRDA:439,29,0,0
BRDA:439,29,1,0
BRDA:452,30,0,0
BRDA:452,30,1,0
BRDA:475,31,0,0
BRDA:475,31,1,4
BRDA:515,32,0,0
BRDA:515,32,1,2
BRDA:547,33,0,0
BRDA:547,33,1,0
BRDA:556,34,0,0
BRDA:556,34,1,0
BRDA:558,35,0,0
BRDA:558,35,1,0
BRDA:634,36,0,0
BRDA:634,36,1,0
BRDA:646,37,0,0
BRDA:646,37,1,0
BRDA:658,38,0,0
BRDA:658,38,1,14
BRDA:674,39,0,0
BRDA:674,39,1,78
BRDA:676,40,0,0
BRDA:676,40,1,0
BRDA:684,41,0,0
BRDA:684,41,1,78
BRDA:689,42,0,0
BRDA:689,42,1,0
BRDA:707,43,0,91
BRDA:707,43,1,21
BRDA:716,44,0,0
BRDA:716,44,1,0
BRDA:717,45,0,0
BRDA:717,45,1,0
BRDA:722,46,0,0
BRDA:722,46,1,0
BRDA:724,47,0,0
BRDA:724,47,1,0
BRDA:766,48,0,13
BRDA:766,48,1,3
BRDA:777,49,0,15
BRDA:777,49,1,6
BRDA:786,50,0,0
BRDA:786,50,1,15
BRDA:819,51,0,0
BRDA:819,51,1,13
BRDA:835,52,0,0
BRDA:835,52,1,13
BRDA:843,53,0,13
BRDA:843,53,1,3
BRDA:844,54,0,0
BRDA:844,54,1,13
BRF:121
BRH:36
end_of_record
TN:
SF:source/scripts/login.js
FN:2,(anonymous_0)
FN:10,(anonymous_1)
FN:13,(anonymous_2)
FN:16,(anonymous_3)
FN:24,(anonymous_4)
FN:27,(anonymous_5)
FN:30,(anonymous_6)
FN:37,(anonymous_7)
FN:43,(anonymous_8)
FN:46,(anonymous_9)
FNF:10
FNH:4
FNDA:9,(anonymous_0)
FNDA:0,(anonymous_1)
FNDA:0,(anonymous_2)
FNDA:0,(anonymous_3)
FNDA:0,(anonymous_4)
FNDA:0,(anonymous_5)
FNDA:0,(anonymous_6)
FNDA:3,(anonymous_7)
FNDA:2,(anonymous_8)
FNDA:1,(anonymous_9)
DA:2,11
DA:3,9
DA:4,4
DA:8,11
DA:9,11
DA:10,11
DA:11,0
DA:14,0
DA:17,0
DA:18,0
DA:22,11
DA:23,11
DA:24,11
DA:25,0
DA:28,0
DA:31,0
DA:32,0
DA:36,11
DA:37,11
DA:38,3
DA:39,3
DA:40,3
DA:41,3
DA:44,2
DA:47,1
DA:48,1
LF:26
LH:18
BRDA:3,0,0,4
BRDA:3,0,1,5
BRF:2
BRH:2
end_of_record
TN:
SF:source/scripts/moodFunctionality.js
FN:16,populateCalendar
FN:25,fillDays
FN:38,fillMonths
FN:39,(anonymous_3)
FN:46,(anonymous_4)
FN:87,fillMonthsHelper
FN:106,createBlank
FN:115,setCurrDate
FN:128,(anonymous_8)
FN:134,(anonymous_9)
FN:140,(anonymous_10)
FN:146,(anonymous_11)
FN:152,(anonymous_12)
FN:161,dayColorChange
FN:166,(anonymous_14)
FN:172,(anonymous_15)
FNF:16
FNH:16
FNDA:3,populateCalendar
FNDA:3,fillDays
FNDA:3,fillMonths
FNDA:5,(anonymous_3)
FNDA:3,(anonymous_4)
FNDA:36,fillMonthsHelper
FNDA:24,createBlank
FNDA:3,setCurrDate
FNDA:1,(anonymous_8)
FNDA:1,(anonymous_9)
FNDA:1,(anonymous_10)
FNDA:1,(anonymous_11)
FNDA:1,(anonymous_12)
FNDA:5,dayColorChange
FNDA:5,(anonymous_14)
FNDA:8,(anonymous_15)
DA:1,3
DA:2,3
DA:3,3
DA:4,3
DA:5,3
DA:6,3
DA:8,3
DA:11,3
DA:17,3
DA:18,3
DA:19,3
DA:27,3
DA:28,93
DA:29,93
DA:30,93
DA:31,93
DA:39,3
DA:40,5
DA:41,3
DA:48,3
DA:50,36
DA:51,36
DA:52,36
DA:54,36
DA:55,36
DA:56,1095
DA:57,1095
DA:58,1095
DA:59,1095
DA:61,0
DA:63,1095
DA:64,3
DA:66,1095
DA:67,1095
DA:68,1095
DA:69,1095
DA:70,1095
DA:71,1095
DA:73,36
DA:75,3
DA:76,3
DA:89,36
DA:90,0
DA:91,0
DA:92,0
DA:93,0
DA:94,0
DA:97,36
DA:98,21
DA:99,21
DA:107,24
DA:108,24
DA:109,24
DA:116,3
DA:118,3
DA:119,1095
DA:120,1095
DA:121,3
DA:122,3
DA:128,3
DA:129,1
DA:130,1
DA:134,3
DA:135,1
DA:136,1
DA:140,3
DA:141,1
DA:142,1
DA:146,3
DA:147,1
DA:148,1
DA:152,3
DA:153,1
DA:154,1
DA:162,5
DA:163,5
DA:166,3
DA:167,5
DA:168,3
DA:173,8
DA:174,8
DA:175,120
DA:176,112
DA:177,112
DA:178,112
LF:85
LH:79
BRDA:40,0,0,3
BRDA:40,0,1,2
BRDA:63,1,0,3
BRDA:63,1,1,1092
BRDA:63,2,0,1095
BRDA:63,2,1,90
BRDA:89,3,0,0
BRDA:89,3,1,36
BRDA:89,4,0,36
BRDA:89,4,1,3
BRDA:120,5,0,3
BRDA:120,5,1,1092
BRDA:167,6,0,3
BRDA:167,6,1,2
BRDA:173,7,0,8
BRDA:173,7,1,0
BRDA:175,8,0,112
BRDA:175,8,1,8
BRF:18
BRH:16
end_of_record
TN:
SF:source/scripts/reset.js
FN:2,(anonymous_0)
FN:7,(anonymous_1)
FN:11,(anonymous_2)
FN:15,(anonymous_3)
FNF:4
FNH:2
FNDA:6,(anonymous_0)
FNDA:0,(anonymous_1)
FNDA:0,(anonymous_2)
FNDA:6,(anonymous_3)
DA:1,2
DA:2,2
DA:3,6
DA:4,6
DA:5,6
DA:8,0
DA:9,0
DA:11,0
DA:12,0
DA:16,6
DA:17,6
LF:11
LH:7
BRF:0
BRH:0
end_of_record
TN:
SF:source/scripts/router.js
FN:81,(anonymous_0)
FN:89,(anonymous_1)
FN:101,(anonymous_2)
FN:103,(anonymous_3)
FN:115,(anonymous_4)
FN:124,(anonymous_5)
FN:133,(anonymous_6)
FN:151,dynamicallyLoadScript
FN:163,unloadScripts
FN:175,updateNavbar
FN:187,resize
FN:199,(anonymous_11)
FN:205,(anonymous_12)
FN:225,(anonymous_13)
FN:231,(anonymous_14)
FN:246,(anonymous_15)
FN:252,(anonymous_16)
FN:258,(anonymous_17)
FN:259,(anonymous_18)
FN:274,(anonymous_19)
FN:278,(anonymous_20)
FN:279,(anonymous_21)
FN:284,(anonymous_22)
FN:294,(anonymous_23)
FN:301,(anonymous_24)
FN:310,(anonymous_25)
FNF:26
FNH:25
FNDA:48,(anonymous_0)
FNDA:12,(anonymous_1)
FNDA:12,(anonymous_2)
FNDA:4,(anonymous_3)
FNDA:6,(anonymous_4)
FNDA:3,(anonymous_5)
FNDA:9,(anonymous_6)
FNDA:51,dynamicallyLoadScript
FNDA:22,unloadScripts
FNDA:33,updateNavbar
FNDA:11,resize
FNDA:16,(anonymous_11)
FNDA:12,(anonymous_12)
FNDA:16,(anonymous_13)
FNDA:17,(anonymous_14)
FNDA:12,(anonymous_15)
FNDA:12,(anonymous_16)
FNDA:12,(anonymous_17)
FNDA:12,(anonymous_18)
FNDA:1,(anonymous_19)
FNDA:12,(anonymous_20)
FNDA:12,(anonymous_21)
FNDA:11,(anonymous_22)
FNDA:16,(anonymous_23)
FNDA:10,(anonymous_24)
FNDA:0,(anonymous_25)
DA:1,12
DA:2,12
DA:3,12
DA:4,12
DA:5,12
DA:6,12
DA:9,12
DA:10,12
DA:11,12
DA:12,12
DA:13,12
DA:14,12
DA:15,12
DA:16,12
DA:17,12
DA:18,12
DA:19,12
DA:20,12
DA:21,12
DA:22,12
DA:23,12
DA:24,12
DA:25,12
DA:26,12
DA:27,12
DA:28,12
DA:43,12
DA:58,12
DA:59,12
DA:60,12
DA:61,12
DA:62,12
DA:63,12
DA:64,12
DA:65,12
DA:66,12
DA:67,12
DA:68,12
DA:69,12
DA:70,12
DA:71,12
DA:73,12
DA:74,12
DA:81,12
DA:82,48
DA:83,48
DA:89,12
DA:90,12
DA:91,12
DA:92,12
DA:93,12
DA:101,12
DA:102,12
DA:103,12
DA:104,4
DA:105,4
DA:106,4
DA:107,4
DA:108,4
DA:109,4
DA:110,4
DA:115,12
DA:116,6
DA:117,6
DA:118,6
DA:119,6
DA:124,12
DA:125,3
DA:126,3
DA:127,3
DA:128,3
DA:133,12
DA:134,9
DA:135,9
DA:136,9
DA:137,9
DA:138,9
DA:139,9
DA:152,51
DA:153,51
DA:154,51
DA:155,51
DA:156,51
DA:157,51
DA:164,22
DA:165,22
DA:166,22
DA:167,33
DA:176,33
DA:177,33
DA:178,33
DA:179,33
DA:180,18
DA:189,11
DA:190,5
DA:194,6
DA:199,12
DA:200,16
DA:201,12
DA:206,12
DA:207,12
DA:208,12
DA:209,12
DA:210,12
DA:214,12
DA:215,12
DA:216,12
DA:217,12
DA:218,12
DA:225,12
DA:226,16
DA:227,12
DA:232,17
DA:233,17
DA:234,17
DA:235,17
DA:236,17
DA:245,12
DA:246,12
DA:247,12
DA:252,12
DA:253,12
DA:256,12
DA:257,12
DA:258,12
DA:261,12
DA:262,12
DA:265,0
DA:267,0
DA:274,12
DA:275,1
DA:278,12
DA:279,12
DA:280,12
DA:281,12
DA:282,12
DA:283,12
DA:284,12
DA:285,11
DA:294,12
DA:295,16
DA:296,12
DA:302,10
DA:303,0
LF:144
LH:141
BRDA:179,0,0,18
BRDA:179,0,1,15
BRDA:189,1,0,5
BRDA:189,1,1,6
BRDA:200,2,0,12
BRDA:200,2,1,4
BRDA:215,3,0,12
BRDA:215,3,1,0
BRDA:226,4,0,12
BRDA:226,4,1,4
BRDA:245,5,0,12
BRDA:245,5,1,0
BRDA:256,6,0,12
BRDA:256,6,1,0
BRDA:295,7,0,12
BRDA:295,7,1,4
BRDA:302,8,0,0
BRDA:302,8,1,10
BRDA:302,9,0,10
BRDA:302,9,1,0
BRDA:302,9,2,0
BRF:21
BRH:15
end_of_record
TN:
SF:source/scripts/settings.js
FN:6,(anonymous_0)
FN:11,(anonymous_1)
FN:16,(anonymous_2)
FN:21,(anonymous_3)
FN:49,RGB_Linear_Shade
FN:71,logout
FN:78,save
FN:79,(anonymous_7)
FN:101,(anonymous_8)
FN:109,(anonymous_9)
FNF:10
FNH:10
FNDA:1,(anonymous_0)
FNDA:1,(anonymous_1)
FNDA:1,(anonymous_2)
FNDA:7,(anonymous_3)
FNDA:7,RGB_Linear_Shade
FNDA:4,logout
FNDA:11,save
FNDA:11,(anonymous_7)
FNDA:8,(anonymous_8)
FNDA:9,(anonymous_9)
DA:1,9
DA:2,9
DA:3,9
DA:6,9
DA:7,1
DA:11,9
DA:12,1
DA:16,9
DA:17,1
DA:21,9
DA:22,7
DA:23,7
DA:24,0
DA:26,0
DA:31,7
DA:33,7
DA:38,7
DA:40,7
DA:41,7
DA:50,7
DA:51,7
DA:52,7
DA:53,7
DA:54,7
DA:55,7
DA:56,7
DA:72,4
DA:79,11
DA:80,11
DA:81,6
DA:82,6
DA:83,6
DA:84,6
DA:86,6
DA:92,6
DA:101,9
DA:102,8
DA:106,9
DA:109,9
DA:110,9
DA:113,9
LF:41
LH:39
BRDA:23,0,0,0
BRDA:23,0,1,7
BRDA:54,1,0,0
BRDA:54,1,1,7
BRDA:55,2,0,0
BRDA:55,2,1,7
BRDA:58,3,0,0
BRDA:58,3,1,7
BRDA:59,4,0,0
BRDA:59,4,1,7
BRDA:64,5,0,0
BRDA:64,5,1,7
BRDA:80,6,0,6
BRDA:80,6,1,5
BRF:14
BRH:8
end_of_record
TN:
SF:source/scripts/signup.js
FN:2,(anonymous_0)
FN:10,(anonymous_1)
FN:11,(anonymous_2)
FN:19,(anonymous_3)
FN:20,(anonymous_4)
FN:27,(anonymous_5)
FN:33,(anonymous_6)
FNF:7
FNH:2
FNDA:3,(anonymous_0)
FNDA:0,(anonymous_1)
FNDA:0,(anonymous_2)
FNDA:0,(anonymous_3)
FNDA:0,(anonymous_4)
FNDA:2,(anonymous_5)
FNDA:0,(anonymous_6)
DA:2,3
DA:3,3
DA:4,1
DA:8,3
DA:9,3
DA:10,3
DA:11,0
DA:12,0
DA:13,0
DA:17,3
DA:18,3
DA:19,3
DA:20,0
DA:21,0
DA:22,0
DA:26,3
DA:27,3
DA:28,2
DA:29,2
DA:30,2
DA:31,2
DA:32,2
DA:33,2
DA:34,0
DA:35,0
LF:25
LH:17
BRDA:3,0,0,1
BRDA:3,0,1,2
BRF:2
BRH:2
end_of_record
TN:
SF:source/scripts/sw.js
FN:41,(anonymous_0)
FN:43,(anonymous_1)
FN:50,(anonymous_2)
FN:52,(anonymous_3)
FNF:4
FNH:0
FNDA:0,(anonymous_0)
FNDA:0,(anonymous_1)
FNDA:0,(anonymous_2)
FNDA:0,(anonymous_3)
DA:1,12
DA:2,12
DA:41,12
DA:42,0
DA:44,0
DA:50,12
DA:51,0
DA:53,0
LF:8
LH:4
BRDA:53,0,0,0
BRDA:53,0,1,0
BRF:2
BRH:0
end_of_record
