TN:
SF:source/scripts/app.js
FN:2,(anonymous_0)
FN:11,PageLoaded
FN:19,PageUnloaded
FN:27,NavbarLoaded
FN:35,setTextColor
FN:51,lightOrDark
FN:79,daysIntoYear
FN:96,doyToDate
FN:111,(anonymous_8)
FN:124,(anonymous_9)
FN:125,(anonymous_10)
FN:136,(anonymous_11)
FN:147,(anonymous_12)
FN:148,(anonymous_13)
FN:158,(anonymous_14)
FN:175,(anonymous_15)
FN:185,(anonymous_16)
FN:186,(anonymous_17)
FN:196,(anonymous_18)
FN:206,(anonymous_19)
FN:207,(anonymous_20)
FN:216,(anonymous_21)
FN:226,(anonymous_22)
FN:238,(anonymous_23)
FN:253,(anonymous_24)
FN:261,(anonymous_25)
FNF:26
FNH:15
FNDA:35,(anonymous_0)
FNDA:66,PageLoaded
FNDA:46,PageUnloaded
FNDA:26,NavbarLoaded
FNDA:245,setTextColor
FNDA:259,lightOrDark
FNDA:452,daysIntoYear
FNDA:111,doyToDate
FNDA:4,(anonymous_8)
FNDA:0,(anonymous_9)
FNDA:0,(anonymous_10)
FNDA:0,(anonymous_11)
FNDA:0,(anonymous_12)
FNDA:0,(anonymous_13)
FNDA:0,(anonymous_14)
FNDA:103,(anonymous_15)
FNDA:16,(anonymous_16)
FNDA:16,(anonymous_17)
FNDA:0,(anonymous_18)
FNDA:0,(anonymous_19)
FNDA:0,(anonymous_20)
FNDA:0,(anonymous_21)
FNDA:0,(anonymous_22)
FNDA:4,(anonymous_23)
FNDA:16,(anonymous_24)
FNDA:87,(anonymous_25)
DA:2,26
DA:3,35
DA:4,9
DA:12,66
DA:13,66
DA:20,46
DA:21,46
DA:28,26
DA:36,245
DA:39,245
DA:40,0
DA:42,245
DA:52,259
DA:53,90
DA:57,169
DA:59,169
DA:60,169
DA:61,169
DA:64,169
DA:67,169
DA:68,0
DA:70,169
DA:80,452
DA:97,111
DA:112,4
DA:113,4
DA:114,4
DA:115,4
DA:116,4
DA:117,4
DA:125,0
DA:126,0
DA:127,0
DA:128,0
DA:148,0
DA:149,0
DA:150,0
DA:151,0
DA:176,103
DA:177,103
DA:178,103
DA:179,103
DA:186,16
DA:187,16
DA:188,16
DA:207,0
DA:208,0
DA:209,0
DA:225,26
DA:227,0
DA:228,0
DA:239,4
DA:240,4
DA:252,26
DA:254,16
DA:262,87
DA:263,87
LF:57
LH:42
BRDA:3,0,0,9
BRDA:3,0,1,26
BRDA:39,1,0,0
BRDA:39,1,1,245
BRDA:52,2,0,90
BRDA:52,2,1,169
BRDA:67,3,0,0
BRDA:67,3,1,169
BRDA:126,4,0,0
BRDA:126,4,1,0
BRDA:149,5,0,0
BRDA:149,5,1,0
BRDA:187,6,0,16
BRDA:187,6,1,0
BRDA:208,7,0,0
BRDA:208,7,1,0
BRF:16
BRH:7
end_of_record
TN:
SF:source/scripts/calendar.js
FN:8,(anonymous_0)
FN:14,(anonymous_1)
FN:35,cal_date
FN:49,update_bar
FN:73,update_progress
FN:76,(anonymous_5)
FN:87,(anonymous_6)
FN:104,select
FN:124,btn
FN:125,(anonymous_9)
FN:135,progress_func
FN:138,(anonymous_11)
FN:160,(anonymous_12)
FN:166,(anonymous_13)
FN:174,renderData
FN:260,(anonymous_15)
FN:267,(anonymous_16)
FN:270,(anonymous_17)
FN:294,(anonymous_18)
FN:301,(anonymous_19)
FN:306,(anonymous_20)
FNF:21
FNH:19
FNDA:12,(anonymous_0)
FNDA:36,(anonymous_1)
FNDA:84,cal_date
FNDA:84,update_bar
FNDA:24,update_progress
FNDA:4,(anonymous_5)
FNDA:8,(anonymous_6)
FNDA:12,select
FNDA:24,btn
FNDA:0,(anonymous_9)
FNDA:52,progress_func
FNDA:52,(anonymous_11)
FNDA:8,(anonymous_12)
FNDA:8,(anonymous_13)
FNDA:24,renderData
FNDA:12,(anonymous_15)
FNDA:28,(anonymous_16)
FNDA:44,(anonymous_17)
FNDA:4,(anonymous_18)
FNDA:0,(anonymous_19)
FNDA:4,(anonymous_20)
DA:1,12
DA:2,12
DA:3,12
DA:5,12
DA:6,12
DA:8,12
DA:9,12
DA:10,12
DA:15,36
DA:16,36
DA:17,36
DA:18,36
DA:19,36
DA:20,36
DA:36,84
DA:37,84
DA:38,84
DA:39,84
DA:40,84
DA:41,84
DA:50,84
DA:51,84
DA:52,0
DA:54,84
DA:55,2
DA:56,82
DA:57,10
DA:58,72
DA:59,22
DA:60,50
DA:61,0
DA:63,50
DA:65,84
DA:74,24
DA:75,24
DA:76,24
DA:77,4
DA:78,4
DA:79,4
DA:82,4
DA:83,4
DA:84,4
DA:85,4
DA:87,24
DA:88,8
DA:89,8
DA:90,8
DA:93,8
DA:94,8
DA:95,8
DA:96,8
DA:105,12
DA:108,12
DA:109,12
DA:114,12
DA:115,12
DA:125,24
DA:126,0
DA:127,0
DA:128,0
DA:136,52
DA:137,52
DA:138,52
DA:139,52
DA:140,52
DA:147,52
DA:148,52
DA:152,48
DA:153,48
DA:154,48
DA:158,12
DA:161,8
DA:164,12
DA:167,8
DA:175,24
DA:176,24
DA:177,24
DA:178,24
DA:179,24
DA:181,24
DA:182,24
DA:183,24
DA:184,24
DA:185,24
DA:186,24
DA:187,24
DA:189,24
DA:190,24
DA:191,24
DA:193,24
DA:194,24
DA:195,24
DA:196,24
DA:197,24
DA:198,24
DA:199,24
DA:200,24
DA:201,24
DA:202,24
DA:203,24
DA:214,24
DA:215,24
DA:216,24
DA:217,24
DA:218,24
DA:219,24
DA:220,24
DA:221,24
DA:222,24
DA:223,24
DA:224,24
DA:226,24
DA:227,24
DA:228,24
DA:229,24
DA:230,24
DA:231,24
DA:232,24
DA:233,24
DA:234,24
DA:236,24
DA:237,24
DA:238,24
DA:239,24
DA:241,24
DA:242,24
DA:243,24
DA:244,24
DA:245,24
DA:246,24
DA:248,24
DA:249,24
DA:250,24
DA:251,24
DA:253,24
DA:254,24
DA:255,24
DA:256,24
DA:260,12
DA:261,12
DA:262,12
DA:268,28
DA:269,28
DA:270,28
DA:271,44
DA:272,32
DA:275,28
DA:277,12
DA:278,0
DA:281,0
DA:285,0
DA:294,12
DA:295,4
DA:296,4
DA:297,4
DA:301,12
DA:302,0
DA:306,12
DA:307,4
DA:308,4
DA:309,4
DA:310,4
DA:311,4
DA:312,4
DA:313,4
DA:316,12
LF:166
LH:157
BRDA:9,0,0,12
BRDA:9,0,1,0
BRDA:51,1,0,0
BRDA:51,1,1,84
BRDA:54,2,0,2
BRDA:54,2,1,82
BRDA:56,3,0,10
BRDA:56,3,1,72
BRDA:56,4,0,82
BRDA:56,4,1,10
BRDA:58,5,0,22
BRDA:58,5,1,50
BRDA:58,6,0,72
BRDA:58,6,1,22
BRDA:60,7,0,0
BRDA:60,7,1,50
BRDA:60,8,0,50
BRDA:60,8,1,0
BRDA:109,9,0,12
BRDA:109,9,1,0
BRDA:110,10,0,12
BRDA:110,10,1,12
BRDA:110,10,2,12
BRDA:139,11,0,52
BRDA:139,11,1,0
BRDA:147,12,0,52
BRDA:147,12,1,0
BRDA:147,13,0,52
BRDA:147,13,1,52
BRDA:261,14,0,12
BRDA:261,14,1,0
BRDA:271,15,0,32
BRDA:271,15,1,12
BRDA:272,16,0,28
BRDA:272,16,1,4
BRDA:277,17,0,0
BRDA:277,17,1,12
BRDA:281,18,0,0
BRDA:281,18,1,0
BRF:39
BRH:28
end_of_record
TN:
SF:source/scripts/color.js
FN:7,colorChange
FN:15,(anonymous_1)
FN:23,(anonymous_2)
FN:37,setIcon
FN:38,(anonymous_4)
FN:45,(anonymous_5)
FN:52,(anonymous_6)
FNF:7
FNH:6
FNDA:20,colorChange
FNDA:40,(anonymous_1)
FNDA:0,(anonymous_2)
FNDA:34,setIcon
FNDA:45,(anonymous_4)
FNDA:28,(anonymous_5)
FNDA:5,(anonymous_6)
DA:8,20
DA:9,20
DA:10,20
DA:11,20
DA:12,20
DA:13,20
DA:14,20
DA:15,20
DA:16,40
DA:17,20
DA:18,20
DA:24,0
DA:38,34
DA:39,45
DA:40,34
DA:46,28
DA:47,26
DA:48,26
DA:49,26
LF:19
LH:18
BRDA:16,0,0,20
BRDA:16,0,1,20
BRDA:39,1,0,34
BRDA:39,1,1,11
BRDA:46,2,0,26
BRDA:46,2,1,0
BRF:6
BRH:5
end_of_record
TN:
SF:source/scripts/index.js
FN:13,(anonymous_0)
FN:18,(anonymous_1)
FN:23,(anonymous_2)
FN:28,(anonymous_3)
FN:33,(anonymous_4)
FN:44,(anonymous_5)
FN:50,(anonymous_6)
FN:61,(anonymous_7)
FN:62,(anonymous_8)
FN:73,(anonymous_9)
FN:88,(anonymous_10)
FN:95,(anonymous_11)
FN:120,(anonymous_12)
FN:134,(anonymous_13)
FN:149,(anonymous_14)
FN:156,(anonymous_15)
FN:172,(anonymous_16)
FN:190,(anonymous_17)
FN:200,(anonymous_18)
FN:210,(anonymous_19)
FN:235,updateStyle
FN:255,(anonymous_21)
FN:264,(anonymous_22)
FN:269,(anonymous_23)
FN:280,setSignifier
FN:305,setType
FN:395,setStyle
FN:474,setLevel
FN:485,renderData
FN:546,(anonymous_29)
FN:555,(anonymous_30)
FN:579,(anonymous_31)
FN:593,(anonymous_32)
FN:609,(anonymous_33)
FN:625,(anonymous_34)
FN:633,(anonymous_35)
FN:656,showDay
FN:657,(anonymous_37)
FN:706,(anonymous_38)
FN:713,(anonymous_39)
FN:715,(anonymous_40)
FN:746,renderUpcoming
FN:765,(anonymous_42)
FN:774,(anonymous_43)
FN:782,(anonymous_44)
FN:800,(anonymous_45)
FN:807,overlayOn
FN:814,overlayOff
FN:842,(anonymous_48)
FNF:49
FNH:31
FNDA:2,(anonymous_0)
FNDA:2,(anonymous_1)
FNDA:2,(anonymous_2)
FNDA:2,(anonymous_3)
FNDA:2,(anonymous_4)
FNDA:35,(anonymous_5)
FNDA:36,(anonymous_6)
FNDA:8,(anonymous_7)
FNDA:8,(anonymous_8)
FNDA:0,(anonymous_9)
FNDA:35,(anonymous_10)
FNDA:23,(anonymous_11)
FNDA:6,(anonymous_12)
FNDA:8,(anonymous_13)
FNDA:167,(anonymous_14)
FNDA:4,(anonymous_15)
FNDA:0,(anonymous_16)
FNDA:0,(anonymous_17)
FNDA:0,(anonymous_18)
FNDA:2,(anonymous_19)
FNDA:0,updateStyle
FNDA:0,(anonymous_21)
FNDA:0,(anonymous_22)
FNDA:0,(anonymous_23)
FNDA:4,setSignifier
FNDA:4,setType
FNDA:4,setStyle
FNDA:8,setLevel
FNDA:4,renderData
FNDA:0,(anonymous_29)
FNDA:0,(anonymous_30)
FNDA:0,(anonymous_31)
FNDA:0,(anonymous_32)
FNDA:0,(anonymous_33)
FNDA:0,(anonymous_34)
FNDA:0,(anonymous_35)
FNDA:202,showDay
FNDA:28,(anonymous_37)
FNDA:245,(anonymous_38)
FNDA:156,(anonymous_39)
FNDA:0,(anonymous_40)
FNDA:63,renderUpcoming
FNDA:35,(anonymous_42)
FNDA:44,(anonymous_43)
FNDA:63,(anonymous_44)
FNDA:19,(anonymous_45)
FNDA:0,overlayOn
FNDA:0,overlayOff
FNDA:35,(anonymous_48)
DA:1,32
DA:2,32
DA:3,32
DA:4,32
DA:5,32
DA:6,32
DA:7,32
DA:8,32
DA:10,32
DA:13,32
DA:14,2
DA:18,28
DA:19,2
DA:23,28
DA:24,2
DA:28,28
DA:29,2
DA:33,28
DA:34,2
DA:39,28
DA:40,28
DA:41,28
DA:42,28
DA:44,28
DA:45,35
DA:46,28
DA:51,36
DA:52,36
DA:53,34
DA:61,28
DA:62,8
DA:63,8
DA:64,8
DA:74,0
DA:88,28
DA:89,35
DA:90,28
DA:96,23
DA:97,23
DA:98,0
DA:120,28
DA:121,6
DA:122,6
DA:125,6
DA:126,0
DA:128,6
DA:129,2
DA:134,28
DA:135,8
DA:136,8
DA:139,8
DA:140,0
DA:142,8
DA:143,2
DA:147,28
DA:149,28
DA:150,167
DA:151,167
DA:152,167
DA:156,28
DA:157,4
DA:158,4
DA:160,4
DA:161,4
DA:162,4
DA:163,0
DA:166,4
DA:167,0
DA:172,28
DA:173,0
DA:174,0
DA:175,0
DA:177,0
DA:178,0
DA:179,0
DA:181,0
DA:183,0
DA:184,0
DA:186,0
DA:190,28
DA:191,0
DA:192,0
DA:193,0
DA:195,0
DA:196,0
DA:200,28
DA:201,0
DA:202,0
DA:203,0
DA:205,0
DA:206,0
DA:210,28
DA:211,2
DA:212,0
DA:213,0
DA:215,0
DA:217,0
DA:219,0
DA:220,0
DA:225,0
DA:227,0
DA:236,0
DA:240,0
DA:241,0
DA:242,0
DA:243,0
DA:244,0
DA:245,0
DA:246,0
DA:247,0
DA:248,0
DA:249,0
DA:250,0
DA:255,28
DA:257,0
DA:259,0
DA:264,28
DA:265,0
DA:269,28
DA:270,0
DA:271,0
DA:281,4
DA:282,4
DA:284,0
DA:285,0
DA:286,0
DA:288,0
DA:289,0
DA:290,0
DA:292,0
DA:293,0
DA:294,0
DA:296,4
DA:306,4
DA:307,4
DA:315,0
DA:321,4
DA:327,4
DA:329,0
DA:330,0
DA:331,0
DA:333,0
DA:334,0
DA:335,0
DA:343,0
DA:349,0
DA:355,0
DA:357,0
DA:358,0
DA:359,0
DA:361,0
DA:362,0
DA:363,0
DA:371,0
DA:377,0
DA:383,0
DA:385,4
DA:386,4
DA:396,4
DA:397,4
DA:398,4
DA:399,0
DA:401,4
DA:403,4
DA:405,0
DA:406,0
DA:408,0
DA:409,0
DA:411,0
DA:412,0
DA:413,0
DA:415,0
DA:418,0
DA:422,0
DA:424,0
DA:426,0
DA:427,0
DA:430,0
DA:434,0
DA:436,0
DA:438,0
DA:439,0
DA:442,0
DA:446,0
DA:448,0
DA:450,0
DA:451,0
DA:452,0
DA:455,0
DA:459,0
DA:461,0
DA:463,4
DA:464,4
DA:465,4
DA:475,8
DA:476,8
DA:477,8
DA:486,4
DA:489,4
DA:490,4
DA:491,4
DA:492,4
DA:493,4
DA:496,4
DA:497,4
DA:498,4
DA:499,4
DA:500,4
DA:501,4
DA:504,4
DA:505,4
DA:506,4
DA:507,4
DA:508,4
DA:509,4
DA:512,4
DA:513,4
DA:514,4
DA:515,4
DA:516,0
DA:518,4
DA:520,4
DA:521,4
DA:522,4
DA:525,4
DA:526,4
DA:527,4
DA:528,4
DA:529,4
DA:532,4
DA:533,4
DA:534,4
DA:535,4
DA:537,4
DA:538,4
DA:539,4
DA:540,4
DA:541,4
DA:542,4
DA:543,4
DA:546,4
DA:547,0
DA:548,0
DA:553,4
DA:556,0
DA:558,0
DA:559,0
DA:560,0
DA:561,0
DA:566,0
DA:567,0
DA:568,0
DA:569,0
DA:570,0
DA:571,0
DA:572,0
DA:577,4
DA:580,0
DA:581,0
DA:582,0
DA:583,0
DA:584,0
DA:585,0
DA:586,0
DA:587,0
DA:591,4
DA:594,0
DA:595,0
DA:596,0
DA:597,0
DA:598,0
DA:599,0
DA:600,0
DA:601,0
DA:602,0
DA:603,0
DA:607,4
DA:610,0
DA:611,0
DA:612,0
DA:613,0
DA:614,0
DA:615,0
DA:616,0
DA:617,0
DA:618,0
DA:619,0
DA:623,4
DA:626,0
DA:627,0
DA:628,0
DA:633,28
DA:634,0
DA:635,0
DA:636,0
DA:639,0
DA:641,0
DA:644,0
DA:645,0
DA:646,0
DA:647,0
DA:648,0
DA:657,202
DA:658,28
DA:659,0
DA:660,0
DA:662,28
DA:663,28
DA:667,202
DA:669,202
DA:670,202
DA:671,202
DA:674,202
DA:676,0
DA:677,0
DA:678,0
DA:680,0
DA:681,0
DA:684,202
DA:685,0
DA:686,0
DA:689,0
DA:690,0
DA:691,0
DA:695,202
DA:696,202
DA:697,202
DA:699,202
DA:704,28
DA:705,196
DA:706,196
DA:707,245
DA:708,196
DA:714,156
DA:715,156
DA:716,0
DA:717,0
DA:720,0
DA:722,0
DA:723,0
DA:724,0
DA:727,0
DA:731,156
DA:747,63
DA:748,63
DA:749,63
DA:750,63
DA:752,63
DA:753,63
DA:754,63
DA:756,63
DA:757,63
DA:760,63
DA:761,63
DA:765,28
DA:766,35
DA:767,28
DA:775,44
DA:776,44
DA:777,44
DA:778,29
DA:780,15
DA:782,29
DA:783,63
DA:784,63
DA:786,29
DA:787,1
DA:788,1
DA:789,1
DA:790,1
DA:791,1
DA:800,28
DA:801,19
DA:808,0
DA:815,0
DA:819,28
DA:820,0
DA:822,28
DA:825,28
DA:828,28
DA:829,28
DA:831,28
DA:832,28
DA:835,28
DA:836,0
DA:839,28
DA:842,28
DA:843,35
DA:844,28
DA:849,2
LF:390
LH:204
BRDA:45,0,0,28
BRDA:45,0,1,7
BRDA:63,1,0,8
BRDA:63,1,1,0
BRDA:89,2,0,28
BRDA:89,2,1,7
BRDA:97,3,0,0
BRDA:97,3,1,21
BRDA:125,4,0,0
BRDA:125,4,1,6
BRDA:128,5,0,2
BRDA:128,5,1,4
BRDA:139,6,0,0
BRDA:139,6,1,8
BRDA:142,7,0,2
BRDA:142,7,1,6
BRDA:162,8,0,0
BRDA:162,8,1,4
BRDA:166,9,0,0
BRDA:166,9,1,4
BRDA:177,10,0,0
BRDA:177,10,1,0
BRDA:191,11,0,0
BRDA:191,11,1,0
BRDA:201,12,0,0
BRDA:201,12,1,0
BRDA:211,13,0,0
BRDA:211,13,1,0
BRDA:212,14,0,0
BRDA:212,14,1,0
BRDA:219,15,0,0
BRDA:219,15,1,0
BRDA:236,16,0,0
BRDA:236,16,1,0
BRDA:237,17,0,0
BRDA:237,17,1,0
BRDA:257,18,0,0
BRDA:257,18,1,0
BRDA:270,19,0,0
BRDA:270,19,1,0
BRDA:282,20,0,0
BRDA:282,20,1,0
BRDA:282,20,2,0
BRDA:282,20,3,4
BRDA:307,21,0,0
BRDA:307,21,1,4
BRDA:327,22,0,0
BRDA:327,22,1,0
BRDA:327,22,2,0
BRDA:327,22,3,0
BRDA:327,22,4,4
BRDA:335,23,0,0
BRDA:335,23,1,0
BRDA:363,24,0,0
BRDA:363,24,1,0
BRDA:398,25,0,0
BRDA:398,25,1,4
BRDA:403,26,0,0
BRDA:403,26,1,0
BRDA:403,26,2,0
BRDA:403,26,3,0
BRDA:403,26,4,0
BRDA:403,26,5,0
BRDA:403,26,6,0
BRDA:403,26,7,4
BRDA:415,27,0,0
BRDA:415,27,1,0
BRDA:427,28,0,0
BRDA:427,28,1,0
BRDA:439,29,0,0
BRDA:439,29,1,0
BRDA:452,30,0,0
BRDA:452,30,1,0
BRDA:475,31,0,0
BRDA:475,31,1,8
BRDA:515,32,0,0
BRDA:515,32,1,4
BRDA:547,33,0,0
BRDA:547,33,1,0
BRDA:556,34,0,0
BRDA:556,34,1,0
BRDA:558,35,0,0
BRDA:558,35,1,0
BRDA:634,36,0,0
BRDA:634,36,1,0
BRDA:646,37,0,0
BRDA:646,37,1,0
BRDA:658,38,0,0
BRDA:658,38,1,28
BRDA:674,39,0,0
BRDA:674,39,1,202
BRDA:676,40,0,0
BRDA:676,40,1,0
BRDA:684,41,0,0
BRDA:684,41,1,202
BRDA:689,42,0,0
BRDA:689,42,1,0
BRDA:707,43,0,196
BRDA:707,43,1,49
BRDA:716,44,0,0
BRDA:716,44,1,0
BRDA:717,45,0,0
BRDA:717,45,1,0
BRDA:722,46,0,0
BRDA:722,46,1,0
BRDA:724,47,0,0
BRDA:724,47,1,0
BRDA:766,48,0,28
BRDA:766,48,1,7
BRDA:777,49,0,29
BRDA:777,49,1,15
BRDA:786,50,0,1
BRDA:786,50,1,28
BRDA:819,51,0,0
BRDA:819,51,1,28
BRDA:835,52,0,0
BRDA:835,52,1,28
BRDA:843,53,0,28
BRDA:843,53,1,7
BRDA:844,54,0,2
BRDA:844,54,1,26
BRF:121
BRH:38
end_of_record
TN:
SF:source/scripts/login.js
FN:2,(anonymous_0)
FN:10,(anonymous_1)
FN:13,(anonymous_2)
FN:16,(anonymous_3)
FN:24,(anonymous_4)
FN:27,(anonymous_5)
FN:30,(anonymous_6)
FN:37,(anonymous_7)
FN:43,(anonymous_8)
FN:46,(anonymous_9)
FNF:10
FNH:4
FNDA:24,(anonymous_0)
FNDA:0,(anonymous_1)
FNDA:0,(anonymous_2)
FNDA:0,(anonymous_3)
FNDA:0,(anonymous_4)
FNDA:0,(anonymous_5)
FNDA:0,(anonymous_6)
FNDA:8,(anonymous_7)
FNDA:6,(anonymous_8)
FNDA:2,(anonymous_9)
DA:2,27
DA:3,24
DA:4,10
DA:8,27
DA:9,27
DA:10,27
DA:11,0
DA:14,0
DA:17,0
DA:18,0
DA:22,27
DA:23,27
DA:24,27
DA:25,0
DA:28,0
DA:31,0
DA:32,0
DA:36,27
DA:37,27
DA:38,8
DA:39,8
DA:40,8
DA:41,8
DA:44,6
DA:47,2
DA:48,2
LF:26
LH:18
BRDA:3,0,0,10
BRDA:3,0,1,14
BRF:2
BRH:2
end_of_record
TN:
SF:source/scripts/moodFunctionality.js
FN:16,populateCalendar
FN:25,fillDays
FN:38,fillMonths
FN:39,(anonymous_3)
FN:46,(anonymous_4)
FN:87,fillMonthsHelper
FN:106,createBlank
FN:115,setCurrDate
FN:128,(anonymous_8)
FN:134,(anonymous_9)
FN:140,(anonymous_10)
FN:146,(anonymous_11)
FN:152,(anonymous_12)
FN:161,dayColorChange
FN:166,(anonymous_14)
FN:172,(anonymous_15)
FNF:16
FNH:16
FNDA:6,populateCalendar
FNDA:6,fillDays
FNDA:6,fillMonths
FNDA:10,(anonymous_3)
FNDA:6,(anonymous_4)
FNDA:72,fillMonthsHelper
FNDA:48,createBlank
FNDA:6,setCurrDate
FNDA:2,(anonymous_8)
FNDA:2,(anonymous_9)
FNDA:2,(anonymous_10)
FNDA:2,(anonymous_11)
FNDA:2,(anonymous_12)
FNDA:10,dayColorChange
FNDA:10,(anonymous_14)
FNDA:16,(anonymous_15)
DA:1,6
DA:2,6
DA:3,6
DA:4,6
DA:5,6
DA:6,6
DA:8,6
DA:11,6
DA:17,6
DA:18,6
DA:19,6
DA:27,6
DA:28,186
DA:29,186
DA:30,186
DA:31,186
DA:39,6
DA:40,10
DA:41,6
DA:48,6
DA:50,72
DA:51,72
DA:52,72
DA:54,72
DA:55,72
DA:56,2190
DA:57,2190
DA:58,2190
DA:59,2190
DA:61,0
DA:63,2190
DA:64,6
DA:66,2190
DA:67,2190
DA:68,2190
DA:69,2190
DA:70,2190
DA:71,2190
DA:73,72
DA:75,6
DA:76,6
DA:89,72
DA:90,0
DA:91,0
DA:92,0
DA:93,0
DA:94,0
DA:97,72
DA:98,42
DA:99,42
DA:107,48
DA:108,48
DA:109,48
DA:116,6
DA:118,6
DA:119,2190
DA:120,2190
DA:121,6
DA:122,6
DA:128,6
DA:129,2
DA:130,2
DA:134,6
DA:135,2
DA:136,2
DA:140,6
DA:141,2
DA:142,2
DA:146,6
DA:147,2
DA:148,2
DA:152,6
DA:153,2
DA:154,2
DA:162,10
DA:163,10
DA:166,6
DA:167,10
DA:168,6
DA:173,16
DA:174,16
DA:175,224
DA:176,208
DA:177,208
DA:178,208
LF:85
LH:79
BRDA:40,0,0,6
BRDA:40,0,1,4
BRDA:63,1,0,6
BRDA:63,1,1,2184
BRDA:63,2,0,2190
BRDA:63,2,1,180
BRDA:89,3,0,0
BRDA:89,3,1,72
BRDA:89,4,0,72
BRDA:89,4,1,6
BRDA:120,5,0,6
BRDA:120,5,1,2184
BRDA:167,6,0,6
BRDA:167,6,1,4
BRDA:173,7,0,16
BRDA:173,7,1,0
BRDA:175,8,0,208
BRDA:175,8,1,16
BRF:18
BRH:16
end_of_record
TN:
SF:source/scripts/reset.js
FN:2,(anonymous_0)
FN:7,(anonymous_1)
FN:11,(anonymous_2)
FN:15,(anonymous_3)
FNF:4
FNH:3
FNDA:12,(anonymous_0)
FNDA:4,(anonymous_1)
FNDA:0,(anonymous_2)
FNDA:8,(anonymous_3)
DA:1,4
DA:2,4
DA:3,12
DA:4,12
DA:5,12
DA:8,4
DA:9,4
DA:11,4
DA:12,0
DA:16,8
DA:17,8
LF:11
LH:10
BRF:0
BRH:0
end_of_record
TN:
SF:source/scripts/router.js
FN:81,(anonymous_0)
FN:89,(anonymous_1)
FN:101,(anonymous_2)
FN:103,(anonymous_3)
FN:115,(anonymous_4)
FN:124,(anonymous_5)
FN:133,(anonymous_6)
FN:151,dynamicallyLoadScript
FN:163,unloadScripts
FN:175,updateNavbar
FN:187,resize
FN:199,(anonymous_11)
FN:205,(anonymous_12)
FN:225,(anonymous_13)
FN:231,(anonymous_14)
FN:246,(anonymous_15)
FN:252,(anonymous_16)
FN:258,(anonymous_17)
FN:259,(anonymous_18)
FN:274,(anonymous_19)
FN:278,(anonymous_20)
FN:279,(anonymous_21)
FN:284,(anonymous_22)
FN:294,(anonymous_23)
FN:301,(anonymous_24)
FN:310,(anonymous_25)
FNF:26
FNH:25
FNDA:104,(anonymous_0)
FNDA:26,(anonymous_1)
FNDA:26,(anonymous_2)
FNDA:8,(anonymous_3)
FNDA:12,(anonymous_4)
FNDA:6,(anonymous_5)
FNDA:20,(anonymous_6)
FNDA:108,dynamicallyLoadScript
FNDA:46,unloadScripts
FNDA:70,updateNavbar
FNDA:22,resize
FNDA:35,(anonymous_11)
FNDA:26,(anonymous_12)
FNDA:35,(anonymous_13)
FNDA:31,(anonymous_14)
FNDA:26,(anonymous_15)
FNDA:26,(anonymous_16)
FNDA:26,(anonymous_17)
FNDA:26,(anonymous_18)
FNDA:2,(anonymous_19)
FNDA:26,(anonymous_20)
FNDA:26,(anonymous_21)
FNDA:24,(anonymous_22)
FNDA:35,(anonymous_23)
FNDA:23,(anonymous_24)
FNDA:0,(anonymous_25)
DA:1,26
DA:2,26
DA:3,26
DA:4,26
DA:5,26
DA:6,26
DA:9,26
DA:10,26
DA:11,26
DA:12,26
DA:13,26
DA:14,26
DA:15,26
DA:16,26
DA:17,26
DA:18,26
DA:19,26
DA:20,26
DA:21,26
DA:22,26
DA:23,26
DA:24,26
DA:25,26
DA:26,26
DA:27,26
DA:28,26
DA:43,26
DA:58,26
DA:59,26
DA:60,26
DA:61,26
DA:62,26
DA:63,26
DA:64,26
DA:65,26
DA:66,26
DA:67,26
DA:68,26
DA:69,26
DA:70,26
DA:71,26
DA:73,26
DA:74,26
DA:81,26
DA:82,104
DA:83,104
DA:89,26
DA:90,26
DA:91,26
DA:92,26
DA:93,26
DA:101,26
DA:102,26
DA:103,26
DA:104,8
DA:105,8
DA:106,8
DA:107,8
DA:108,8
DA:109,8
DA:110,8
DA:115,26
DA:116,12
DA:117,12
DA:118,12
DA:119,12
DA:124,26
DA:125,6
DA:126,6
DA:127,6
DA:128,6
DA:133,26
DA:134,20
DA:135,20
DA:136,20
DA:137,20
DA:138,20
DA:139,20
DA:152,108
DA:153,108
DA:154,108
DA:155,108
DA:156,108
DA:157,108
DA:164,46
DA:165,46
DA:166,46
DA:167,70
DA:176,70
DA:177,70
DA:178,70
DA:179,70
DA:180,38
DA:189,22
DA:190,10
DA:194,12
DA:199,26
DA:200,35
DA:201,26
DA:206,26
DA:207,26
DA:208,24
DA:209,24
DA:210,24
DA:214,26
DA:215,26
DA:216,25
DA:217,25
DA:218,25
DA:225,26
DA:226,35
DA:227,26
DA:232,31
DA:233,31
DA:234,29
DA:235,29
DA:236,29
DA:245,26
DA:246,26
DA:247,26
DA:252,26
DA:253,26
DA:256,26
DA:257,26
DA:258,26
DA:261,26
DA:262,26
DA:265,0
DA:267,0
DA:274,26
DA:275,2
DA:278,26
DA:279,26
DA:280,26
DA:281,26
DA:282,26
DA:283,26
DA:284,26
DA:285,24
DA:294,26
DA:295,35
DA:296,26
DA:302,23
DA:303,0
LF:144
LH:141
BRDA:179,0,0,38
BRDA:179,0,1,32
BRDA:189,1,0,10
BRDA:189,1,1,12
BRDA:200,2,0,26
BRDA:200,2,1,9
BRDA:215,3,0,25
BRDA:215,3,1,1
BRDA:226,4,0,26
BRDA:226,4,1,9
BRDA:245,5,0,26
BRDA:245,5,1,0
BRDA:256,6,0,26
BRDA:256,6,1,0
BRDA:295,7,0,26
BRDA:295,7,1,9
BRDA:302,8,0,0
BRDA:302,8,1,23
BRDA:302,9,0,23
BRDA:302,9,1,0
BRDA:302,9,2,0
BRF:21
BRH:16
end_of_record
TN:
SF:source/scripts/settings.js
FN:6,(anonymous_0)
FN:11,(anonymous_1)
FN:16,(anonymous_2)
FN:21,(anonymous_3)
FN:49,RGB_Linear_Shade
FN:71,logout
FN:78,save
FN:79,(anonymous_7)
FN:101,(anonymous_8)
FN:109,(anonymous_9)
FNF:10
FNH:10
FNDA:2,(anonymous_0)
FNDA:2,(anonymous_1)
FNDA:2,(anonymous_2)
FNDA:14,(anonymous_3)
FNDA:14,RGB_Linear_Shade
FNDA:10,logout
FNDA:23,save
FNDA:23,(anonymous_7)
FNDA:17,(anonymous_8)
FNDA:20,(anonymous_9)
DA:1,20
DA:2,20
DA:3,20
DA:6,20
DA:7,2
DA:11,20
DA:12,2
DA:16,20
DA:17,2
DA:21,20
DA:22,14
DA:23,14
DA:24,0
DA:26,0
DA:31,14
DA:33,14
DA:38,14
DA:40,14
DA:41,14
DA:50,14
DA:51,14
DA:52,14
DA:53,14
DA:54,14
DA:55,14
DA:56,14
DA:72,10
DA:79,23
DA:80,23
DA:81,12
DA:82,12
DA:83,12
DA:84,12
DA:86,12
DA:92,12
DA:101,20
DA:102,17
DA:106,20
DA:109,20
DA:110,20
DA:113,20
LF:41
LH:39
BRDA:23,0,0,0
BRDA:23,0,1,14
BRDA:54,1,0,0
BRDA:54,1,1,14
BRDA:55,2,0,0
BRDA:55,2,1,14
BRDA:58,3,0,0
BRDA:58,3,1,14
BRDA:59,4,0,0
BRDA:59,4,1,14
BRDA:64,5,0,0
BRDA:64,5,1,14
BRDA:80,6,0,12
BRDA:80,6,1,11
BRF:14
BRH:8
end_of_record
TN:
SF:source/scripts/signup.js
FN:2,(anonymous_0)
FN:10,(anonymous_1)
FN:11,(anonymous_2)
FN:19,(anonymous_3)
FN:20,(anonymous_4)
FN:27,(anonymous_5)
FN:33,(anonymous_6)
FNF:7
FNH:3
FNDA:6,(anonymous_0)
FNDA:0,(anonymous_1)
FNDA:0,(anonymous_2)
FNDA:0,(anonymous_3)
FNDA:0,(anonymous_4)
FNDA:4,(anonymous_5)
FNDA:2,(anonymous_6)
DA:2,4
DA:3,6
DA:4,4
DA:8,4
DA:9,4
DA:10,4
DA:11,0
DA:12,0
DA:13,0
DA:17,4
DA:18,4
DA:19,4
DA:20,0
DA:21,0
DA:22,0
DA:26,4
DA:27,4
DA:28,4
DA:29,4
DA:30,4
DA:31,4
DA:32,4
DA:33,4
DA:34,2
DA:35,2
LF:25
LH:19
BRDA:3,0,0,4
BRDA:3,0,1,2
BRF:2
BRH:2
end_of_record
TN:
SF:source/scripts/sw.js
FN:41,(anonymous_0)
FN:43,(anonymous_1)
FN:50,(anonymous_2)
FN:52,(anonymous_3)
FNF:4
FNH:0
FNDA:0,(anonymous_0)
FNDA:0,(anonymous_1)
FNDA:0,(anonymous_2)
FNDA:0,(anonymous_3)
DA:1,26
DA:2,26
DA:41,26
DA:42,0
DA:44,0
DA:50,26
DA:51,0
DA:53,0
LF:8
LH:4
BRDA:53,0,0,0
BRDA:53,0,1,0
BRF:2
BRH:0
end_of_record
